[2025-07-15 13:52:23] [INFO] AJAX Request | Data: {"action":"get_messages","method":"GET","user_id":"admin"} | User: admin | IP: ::1 | URL: /ajax.php?action=get_messages&conversation_id=contact_contact_1752580286_687640bedb47e
[2025-07-15 13:52:26] [INFO] AJAX Request | Data: {"action":"get_messages","method":"GET","user_id":"admin"} | User: admin | IP: ::1 | URL: /ajax.php?action=get_messages&conversation_id=contact_contact_1752580286_687640bedb47e
[2025-07-15 13:52:29] [INFO] AJAX Request | Data: {"action":"get_messages","method":"GET","user_id":"admin"} | User: admin | IP: ::1 | URL: /ajax.php?action=get_messages&conversation_id=contact_contact_1752580286_687640bedb47e
[2025-07-15 13:52:32] [INFO] AJAX Request | Data: {"action":"get_messages","method":"GET","user_id":"admin"} | User: admin | IP: ::1 | URL: /ajax.php?action=get_messages&conversation_id=contact_contact_1752580286_687640bedb47e
[2025-07-15 13:52:35] [INFO] AJAX Request | Data: {"action":"get_messages","method":"GET","user_id":"admin"} | User: admin | IP: ::1 | URL: /ajax.php?action=get_messages&conversation_id=contact_contact_1752580286_687640bedb47e
[2025-07-15 13:52:38] [INFO] AJAX Request | Data: {"action":"get_messages","method":"GET","user_id":"admin"} | User: admin | IP: ::1 | URL: /ajax.php?action=get_messages&conversation_id=contact_contact_1752580286_687640bedb47e
[2025-07-15 13:52:41] [INFO] AJAX Request | Data: {"action":"get_messages","method":"GET","user_id":"admin"} | User: admin | IP: ::1 | URL: /ajax.php?action=get_messages&conversation_id=contact_contact_1752580286_687640bedb47e
[2025-07-15 13:52:44] [INFO] AJAX Request | Data: {"action":"get_messages","method":"GET","user_id":"admin"} | User: admin | IP: ::1 | URL: /ajax.php?action=get_messages&conversation_id=contact_contact_1752580286_687640bedb47e
[2025-07-15 13:52:47] [INFO] AJAX Request | Data: {"action":"get_messages","method":"GET","user_id":"admin"} | User: admin | IP: ::1 | URL: /ajax.php?action=get_messages&conversation_id=contact_contact_1752580286_687640bedb47e
[2025-07-15 13:52:50] [INFO] AJAX Request | Data: {"action":"get_messages","method":"GET","user_id":"admin"} | User: admin | IP: ::1 | URL: /ajax.php?action=get_messages&conversation_id=contact_contact_1752580286_687640bedb47e
[2025-07-15 13:52:53] [INFO] AJAX Request | Data: {"action":"get_messages","method":"GET","user_id":"admin"} | User: admin | IP: ::1 | URL: /ajax.php?action=get_messages&conversation_id=contact_contact_1752580286_687640bedb47e
[2025-07-15 13:52:56] [INFO] AJAX Request | Data: {"action":"get_messages","method":"GET","user_id":"admin"} | User: admin | IP: ::1 | URL: /ajax.php?action=get_messages&conversation_id=contact_contact_1752580286_687640bedb47e
[2025-07-15 13:53:55] [INFO] AJAX Request | Data: {"action":"get_messages","method":"GET","user_id":"admin"} | User: admin | IP: ::1 | URL: /ajax.php?action=get_messages&conversation_id=contact_contact_1752580286_687640bedb47e
[2025-07-15 13:54:55] [INFO] AJAX Request | Data: {"action":"get_messages","method":"GET","user_id":"admin"} | User: admin | IP: ::1 | URL: /ajax.php?action=get_messages&conversation_id=contact_contact_1752580286_687640bedb47e
[2025-07-15 13:55:55] [INFO] AJAX Request | Data: {"action":"get_messages","method":"GET","user_id":"admin"} | User: admin | IP: ::1 | URL: /ajax.php?action=get_messages&conversation_id=contact_contact_1752580286_687640bedb47e
[2025-07-15 13:56:55] [INFO] AJAX Request | Data: {"action":"get_messages","method":"GET","user_id":"admin"} | User: admin | IP: ::1 | URL: /ajax.php?action=get_messages&conversation_id=contact_contact_1752580286_687640bedb47e
[2025-07-15 13:57:55] [INFO] AJAX Request | Data: {"action":"get_messages","method":"GET","user_id":"admin"} | User: admin | IP: ::1 | URL: /ajax.php?action=get_messages&conversation_id=contact_contact_1752580286_687640bedb47e
[2025-07-15 13:58:09] [INFO] AJAX Request | Data: {"action":"get_messages","method":"GET","user_id":"admin"} | User: admin | IP: ::1 | URL: /ajax.php?action=get_messages&conversation_id=contact_contact_1752580286_687640bedb47e
[2025-07-15 13:58:10] [INFO] AJAX Request | Data: {"action":"get_messages","method":"GET","user_id":"admin"} | User: admin | IP: ::1 | URL: /ajax.php?action=get_messages&conversation_id=contact_contact_1752580286_687640bedb47e
[2025-07-15 13:58:13] [INFO] AJAX Request | Data: {"action":"get_messages","method":"GET","user_id":"admin"} | User: admin | IP: ::1 | URL: /ajax.php?action=get_messages&conversation_id=contact_contact_1752580299_687640cb787b3
[2025-07-15 13:58:15] [INFO] AJAX Request | Data: {"action":"get_messages","method":"GET","user_id":"admin"} | User: admin | IP: ::1 | URL: /ajax.php?action=get_messages&conversation_id=contact_contact_1752580286_687640bedb47e
[2025-07-15 13:58:18] [INFO] AJAX Request | Data: {"action":"get_messages","method":"GET","user_id":"admin"} | User: admin | IP: ::1 | URL: /ajax.php?action=get_messages&conversation_id=contact_contact_1752580286_687640bedb47e
[2025-07-15 13:58:20] [INFO] AJAX Request | Data: {"action":"get_messages","method":"GET","user_id":"admin"} | User: admin | IP: ::1 | URL: /ajax.php?action=get_messages&conversation_id=contact_contact_1752580286_687640bedb47e
[2025-07-15 13:58:23] [INFO] AJAX Request | Data: {"action":"get_messages","method":"GET","user_id":"admin"} | User: admin | IP: ::1 | URL: /ajax.php?action=get_messages&conversation_id=contact_contact_1752580286_687640bedb47e
[2025-07-15 13:58:26] [INFO] AJAX Request | Data: {"action":"get_messages","method":"GET","user_id":"admin"} | User: admin | IP: ::1 | URL: /ajax.php?action=get_messages&conversation_id=contact_contact_1752580286_687640bedb47e
[2025-07-15 13:58:28] [INFO] AJAX Request | Data: {"action":"get_messages","method":"GET","user_id":"admin"} | User: admin | IP: ::1 | URL: /ajax.php?action=get_messages&conversation_id=contact_contact_1752580299_687640cb787b3
[2025-07-15 13:58:31] [INFO] AJAX Request | Data: {"action":"get_messages","method":"GET","user_id":"admin"} | User: admin | IP: ::1 | URL: /ajax.php?action=get_messages&conversation_id=contact_contact_1752580299_687640cb787b3
[2025-07-15 13:58:33] [INFO] AJAX Request | Data: {"action":"get_messages","method":"GET","user_id":"admin"} | User: admin | IP: ::1 | URL: /ajax.php?action=get_messages&conversation_id=contact_contact_1752580286_687640bedb47e
[2025-07-15 13:58:36] [INFO] AJAX Request | Data: {"action":"get_messages","method":"GET","user_id":"admin"} | User: admin | IP: ::1 | URL: /ajax.php?action=get_messages&conversation_id=contact_contact_1752580286_687640bedb47e
[2025-07-15 13:58:52] [INFO] AJAX Request | Data: {"action":"get_messages","method":"GET","user_id":"admin"} | User: admin | IP: ::1 | URL: /ajax.php?action=get_messages&conversation_id=contact_contact_1752580286_687640bedb47e
[2025-07-15 13:58:55] [INFO] AJAX Request | Data: {"action":"get_messages","method":"GET","user_id":"admin"} | User: admin | IP: ::1 | URL: /ajax.php?action=get_messages&conversation_id=contact_contact_1752580286_687640bedb47e
[2025-07-15 14:00:31] [INFO] AJAX Request | Data: {"action":"get_messages","method":"GET","user_id":"bob2025"} | User: bob2025 | IP: ::1 | URL: /ajax.php?action=get_messages&conversation_id=contact_contact_1752580286_687640bee3375_reverse
[2025-07-15 14:00:34] [INFO] AJAX Request | Data: {"action":"get_messages","method":"GET","user_id":"bob2025"} | User: bob2025 | IP: ::1 | URL: /ajax.php?action=get_messages&conversation_id=contact_contact_1752580286_687640bee3375_reverse
[2025-07-15 14:00:37] [INFO] AJAX Request | Data: {"action":"get_messages","method":"GET","user_id":"bob2025"} | User: bob2025 | IP: ::1 | URL: /ajax.php?action=get_messages&conversation_id=contact_contact_1752580286_687640bee3375_reverse
[2025-07-15 14:00:40] [INFO] AJAX Request | Data: {"action":"get_messages","method":"GET","user_id":"bob2025"} | User: bob2025 | IP: ::1 | URL: /ajax.php?action=get_messages&conversation_id=contact_contact_1752580286_687640bee3375_reverse
[2025-07-15 14:00:43] [INFO] AJAX Request | Data: {"action":"get_messages","method":"GET","user_id":"bob2025"} | User: bob2025 | IP: ::1 | URL: /ajax.php?action=get_messages&conversation_id=contact_contact_1752580286_687640bee3375_reverse
[2025-07-15 14:00:46] [INFO] AJAX Request | Data: {"action":"get_messages","method":"GET","user_id":"bob2025"} | User: bob2025 | IP: ::1 | URL: /ajax.php?action=get_messages&conversation_id=contact_contact_1752580286_687640bee3375_reverse
[2025-07-15 14:00:47] [INFO] AJAX Request | Data: {"action":"get_messages","method":"GET","user_id":"bob2025"} | User: bob2025 | IP: ::1 | URL: /ajax.php?action=get_messages&conversation_id=contact_contact_1752580286_687640bee3375_reverse
[2025-07-15 14:01:13] [INFO] AJAX Request | Data: {"action":"get_messages","method":"GET","user_id":"admin"} | User: admin | IP: ::1 | URL: /ajax.php?action=get_messages&conversation_id=contact_contact_1752580286_687640bedb47e
[2025-07-15 14:01:16] [INFO] AJAX Request | Data: {"action":"get_messages","method":"GET","user_id":"admin"} | User: admin | IP: ::1 | URL: /ajax.php?action=get_messages&conversation_id=contact_contact_1752580286_687640bedb47e
[2025-07-15 14:01:19] [INFO] AJAX Request | Data: {"action":"get_messages","method":"GET","user_id":"admin"} | User: admin | IP: ::1 | URL: /ajax.php?action=get_messages&conversation_id=contact_contact_1752580286_687640bedb47e
[2025-07-15 14:01:22] [INFO] AJAX Request | Data: {"action":"get_messages","method":"GET","user_id":"admin"} | User: admin | IP: ::1 | URL: /ajax.php?action=get_messages&conversation_id=contact_contact_1752580286_687640bedb47e
[2025-07-15 14:01:24] [INFO] AJAX Request | Data: {"action":"get_messages","method":"GET","user_id":"admin"} | User: admin | IP: ::1 | URL: /ajax.php?action=get_messages&conversation_id=contact_contact_1752580299_687640cb787b3
[2025-07-15 14:01:27] [INFO] AJAX Request | Data: {"action":"get_messages","method":"GET","user_id":"admin"} | User: admin | IP: ::1 | URL: /ajax.php?action=get_messages&conversation_id=contact_contact_1752580299_687640cb787b3
[2025-07-15 14:01:30] [INFO] AJAX Request | Data: {"action":"get_messages","method":"GET","user_id":"admin"} | User: admin | IP: ::1 | URL: /ajax.php?action=get_messages&conversation_id=contact_contact_1752580299_687640cb787b3
[2025-07-15 14:01:33] [INFO] AJAX Request | Data: {"action":"get_messages","method":"GET","user_id":"admin"} | User: admin | IP: ::1 | URL: /ajax.php?action=get_messages&conversation_id=contact_contact_1752580299_687640cb787b3
[2025-07-15 14:01:36] [INFO] AJAX Request | Data: {"action":"get_messages","method":"GET","user_id":"admin"} | User: admin | IP: ::1 | URL: /ajax.php?action=get_messages&conversation_id=contact_contact_1752580299_687640cb787b3
[2025-07-15 14:01:39] [INFO] AJAX Request | Data: {"action":"get_messages","method":"GET","user_id":"admin"} | User: admin | IP: ::1 | URL: /ajax.php?action=get_messages&conversation_id=contact_contact_1752580299_687640cb787b3
[2025-07-15 14:01:42] [INFO] AJAX Request | Data: {"action":"get_messages","method":"GET","user_id":"admin"} | User: admin | IP: ::1 | URL: /ajax.php?action=get_messages&conversation_id=contact_contact_1752580299_687640cb787b3
[2025-07-15 14:01:45] [INFO] AJAX Request | Data: {"action":"get_messages","method":"GET","user_id":"admin"} | User: admin | IP: ::1 | URL: /ajax.php?action=get_messages&conversation_id=contact_contact_1752580299_687640cb787b3
[2025-07-15 14:01:48] [INFO] AJAX Request | Data: {"action":"get_messages","method":"GET","user_id":"admin"} | User: admin | IP: ::1 | URL: /ajax.php?action=get_messages&conversation_id=contact_contact_1752580299_687640cb787b3
[2025-07-15 14:01:51] [INFO] AJAX Request | Data: {"action":"get_messages","method":"GET","user_id":"admin"} | User: admin | IP: ::1 | URL: /ajax.php?action=get_messages&conversation_id=contact_contact_1752580299_687640cb787b3
[2025-07-15 14:01:54] [INFO] AJAX Request | Data: {"action":"get_messages","method":"GET","user_id":"admin"} | User: admin | IP: ::1 | URL: /ajax.php?action=get_messages&conversation_id=contact_contact_1752580299_687640cb787b3
[2025-07-15 14:01:56] [INFO] AJAX Request | Data: {"action":"get_messages","method":"GET","user_id":"admin"} | User: admin | IP: ::1 | URL: /ajax.php?action=get_messages&conversation_id=contact_contact_1752580299_687640cb787b3
[2025-07-15 14:01:59] [INFO] AJAX Request | Data: {"action":"get_messages","method":"GET","user_id":"admin"} | User: admin | IP: ::1 | URL: /ajax.php?action=get_messages&conversation_id=contact_contact_1752580299_687640cb787b3
[2025-07-15 14:02:02] [INFO] AJAX Request | Data: {"action":"get_messages","method":"GET","user_id":"admin"} | User: admin | IP: ::1 | URL: /ajax.php?action=get_messages&conversation_id=contact_contact_1752580299_687640cb787b3
[2025-07-15 14:02:05] [INFO] AJAX Request | Data: {"action":"get_messages","method":"GET","user_id":"admin"} | User: admin | IP: ::1 | URL: /ajax.php?action=get_messages&conversation_id=contact_contact_1752580299_687640cb787b3
[2025-07-15 14:02:06] [INFO] AJAX Request | Data: {"action":"get_messages","method":"GET","user_id":"admin"} | User: admin | IP: ::1 | URL: /ajax.php?action=get_messages&conversation_id=contact_contact_1752580286_687640bedb47e
[2025-07-15 14:02:09] [INFO] AJAX Request | Data: {"action":"get_messages","method":"GET","user_id":"admin"} | User: admin | IP: ::1 | URL: /ajax.php?action=get_messages&conversation_id=contact_contact_1752580286_687640bedb47e
[2025-07-15 14:02:12] [INFO] AJAX Request | Data: {"action":"get_messages","method":"GET","user_id":"admin"} | User: admin | IP: ::1 | URL: /ajax.php?action=get_messages&conversation_id=contact_contact_1752580286_687640bedb47e
[2025-07-15 14:02:16] [INFO] AJAX Request | Data: {"action":"get_messages","method":"GET","user_id":"admin"} | User: admin | IP: ::1 | URL: /ajax.php?action=get_messages&conversation_id=contact_contact_1752580286_687640bedb47e
[2025-07-15 14:02:19] [INFO] AJAX Request | Data: {"action":"get_messages","method":"GET","user_id":"admin"} | User: admin | IP: ::1 | URL: /ajax.php?action=get_messages&conversation_id=contact_contact_1752580286_687640bedb47e
[2025-07-15 14:02:22] [INFO] AJAX Request | Data: {"action":"get_messages","method":"GET","user_id":"admin"} | User: admin | IP: ::1 | URL: /ajax.php?action=get_messages&conversation_id=contact_contact_1752580286_687640bedb47e
[2025-07-15 14:02:25] [INFO] AJAX Request | Data: {"action":"get_messages","method":"GET","user_id":"admin"} | User: admin | IP: ::1 | URL: /ajax.php?action=get_messages&conversation_id=contact_contact_1752580286_687640bedb47e
[2025-07-15 14:02:28] [INFO] AJAX Request | Data: {"action":"get_messages","method":"GET","user_id":"admin"} | User: admin | IP: ::1 | URL: /ajax.php?action=get_messages&conversation_id=contact_contact_1752580286_687640bedb47e
[2025-07-15 14:02:31] [INFO] AJAX Request | Data: {"action":"get_messages","method":"GET","user_id":"admin"} | User: admin | IP: ::1 | URL: /ajax.php?action=get_messages&conversation_id=contact_contact_1752580286_687640bedb47e
[2025-07-15 14:02:34] [INFO] AJAX Request | Data: {"action":"get_messages","method":"GET","user_id":"admin"} | User: admin | IP: ::1 | URL: /ajax.php?action=get_messages&conversation_id=contact_contact_1752580286_687640bedb47e
[2025-07-15 14:02:37] [INFO] AJAX Request | Data: {"action":"get_messages","method":"GET","user_id":"admin"} | User: admin | IP: ::1 | URL: /ajax.php?action=get_messages&conversation_id=contact_contact_1752580286_687640bedb47e
[2025-07-15 14:02:40] [INFO] AJAX Request | Data: {"action":"get_messages","method":"GET","user_id":"admin"} | User: admin | IP: ::1 | URL: /ajax.php?action=get_messages&conversation_id=contact_contact_1752580286_687640bedb47e
[2025-07-15 14:02:43] [INFO] AJAX Request | Data: {"action":"get_messages","method":"GET","user_id":"admin"} | User: admin | IP: ::1 | URL: /ajax.php?action=get_messages&conversation_id=contact_contact_1752580286_687640bedb47e
[2025-07-15 14:02:46] [INFO] AJAX Request | Data: {"action":"get_messages","method":"GET","user_id":"admin"} | User: admin | IP: ::1 | URL: /ajax.php?action=get_messages&conversation_id=contact_contact_1752580286_687640bedb47e
[2025-07-15 14:02:49] [INFO] AJAX Request | Data: {"action":"get_messages","method":"GET","user_id":"admin"} | User: admin | IP: ::1 | URL: /ajax.php?action=get_messages&conversation_id=contact_contact_1752580286_687640bedb47e
[2025-07-15 14:02:52] [INFO] AJAX Request | Data: {"action":"get_messages","method":"GET","user_id":"admin"} | User: admin | IP: ::1 | URL: /ajax.php?action=get_messages&conversation_id=contact_contact_1752580286_687640bedb47e
[2025-07-15 14:02:55] [INFO] AJAX Request | Data: {"action":"get_messages","method":"GET","user_id":"admin"} | User: admin | IP: ::1 | URL: /ajax.php?action=get_messages&conversation_id=contact_contact_1752580286_687640bedb47e
[2025-07-15 14:02:58] [INFO] AJAX Request | Data: {"action":"get_messages","method":"GET","user_id":"admin"} | User: admin | IP: ::1 | URL: /ajax.php?action=get_messages&conversation_id=contact_contact_1752580286_687640bedb47e
[2025-07-15 14:03:01] [INFO] AJAX Request | Data: {"action":"get_messages","method":"GET","user_id":"admin"} | User: admin | IP: ::1 | URL: /ajax.php?action=get_messages&conversation_id=contact_contact_1752580286_687640bedb47e
[2025-07-15 14:03:04] [INFO] AJAX Request | Data: {"action":"get_messages","method":"GET","user_id":"admin"} | User: admin | IP: ::1 | URL: /ajax.php?action=get_messages&conversation_id=contact_contact_1752580286_687640bedb47e
[2025-07-15 14:03:07] [INFO] AJAX Request | Data: {"action":"get_messages","method":"GET","user_id":"anonymous"} | User: anonymous | IP: ::1 | URL: /ajax.php?action=get_messages&conversation_id=contact_contact_1752580286_687640bedb47e
[2025-07-15 14:03:07] [WARNING] Non authentifié | Data: {"IP":"::1"} | User: anonymous | IP: ::1 | URL: /ajax.php?action=get_messages&conversation_id=contact_contact_1752580286_687640bedb47e
[2025-07-15 14:03:10] [INFO] AJAX Request | Data: {"action":"get_messages","method":"GET","user_id":"anonymous"} | User: anonymous | IP: ::1 | URL: /ajax.php?action=get_messages&conversation_id=contact_contact_1752580286_687640bedb47e
[2025-07-15 14:03:10] [WARNING] Non authentifié | Data: {"IP":"::1"} | User: anonymous | IP: ::1 | URL: /ajax.php?action=get_messages&conversation_id=contact_contact_1752580286_687640bedb47e
[2025-07-15 14:03:13] [INFO] AJAX Request | Data: {"action":"get_messages","method":"GET","user_id":"anonymous"} | User: anonymous | IP: ::1 | URL: /ajax.php?action=get_messages&conversation_id=contact_contact_1752580286_687640bedb47e
[2025-07-15 14:03:13] [WARNING] Non authentifié | Data: {"IP":"::1"} | User: anonymous | IP: ::1 | URL: /ajax.php?action=get_messages&conversation_id=contact_contact_1752580286_687640bedb47e
[2025-07-15 14:03:20] [INFO] AJAX Request | Data: {"action":"get_messages","method":"GET","user_id":"bob2025"} | User: bob2025 | IP: ::1 | URL: /ajax.php?action=get_messages&conversation_id=contact_contact_1752580286_687640bee3375_reverse
[2025-07-15 14:03:23] [INFO] AJAX Request | Data: {"action":"get_messages","method":"GET","user_id":"bob2025"} | User: bob2025 | IP: ::1 | URL: /ajax.php?action=get_messages&conversation_id=contact_contact_1752580286_687640bee3375_reverse
[2025-07-15 14:03:26] [INFO] AJAX Request | Data: {"action":"get_messages","method":"GET","user_id":"bob2025"} | User: bob2025 | IP: ::1 | URL: /ajax.php?action=get_messages&conversation_id=contact_contact_1752580286_687640bee3375_reverse
[2025-07-15 14:03:27] [INFO] AJAX Request | Data: {"action":"get_messages","method":"GET","user_id":"bob2025"} | User: bob2025 | IP: ::1 | URL: /ajax.php?action=get_messages&conversation_id=contact_contact_1752580286_687640bee3375_reverse
[2025-07-15 14:03:30] [INFO] AJAX Request | Data: {"action":"get_messages","method":"GET","user_id":"bob2025"} | User: bob2025 | IP: ::1 | URL: /ajax.php?action=get_messages&conversation_id=contact_contact_1752580286_687640bee3375_reverse
[2025-07-15 14:03:33] [INFO] AJAX Request | Data: {"action":"get_messages","method":"GET","user_id":"bob2025"} | User: bob2025 | IP: ::1 | URL: /ajax.php?action=get_messages&conversation_id=contact_contact_1752580286_687640bee3375_reverse
[2025-07-15 14:03:33] [INFO] AJAX Request | Data: {"action":"get_messages","method":"GET","user_id":"bob2025"} | User: bob2025 | IP: ::1 | URL: /ajax.php?action=get_messages&conversation_id=contact_contact_1752580286_687640bedb47e
[2025-07-15 14:03:36] [INFO] AJAX Request | Data: {"action":"get_messages","method":"GET","user_id":"bob2025"} | User: bob2025 | IP: ::1 | URL: /ajax.php?action=get_messages&conversation_id=contact_contact_1752580286_687640bee3375_reverse
[2025-07-15 14:03:39] [INFO] AJAX Request | Data: {"action":"get_messages","method":"GET","user_id":"bob2025"} | User: bob2025 | IP: ::1 | URL: /ajax.php?action=get_messages&conversation_id=contact_contact_1752580286_687640bee3375_reverse
[2025-07-15 14:03:39] [INFO] AJAX Request | Data: {"action":"get_messages","method":"GET","user_id":"bob2025"} | User: bob2025 | IP: ::1 | URL: /ajax.php?action=get_messages&conversation_id=contact_contact_1752580286_687640bee3375_reverse
[2025-07-15 14:03:42] [INFO] AJAX Request | Data: {"action":"get_messages","method":"GET","user_id":"bob2025"} | User: bob2025 | IP: ::1 | URL: /ajax.php?action=get_messages&conversation_id=contact_contact_1752580286_687640bee3375_reverse
[2025-07-15 14:03:42] [INFO] AJAX Request | Data: {"action":"get_messages","method":"GET","user_id":"bob2025"} | User: bob2025 | IP: ::1 | URL: /ajax.php?action=get_messages&conversation_id=contact_contact_1752580286_687640bee3375_reverse
[2025-07-15 14:03:45] [INFO] AJAX Request | Data: {"action":"get_messages","method":"GET","user_id":"bob2025"} | User: bob2025 | IP: ::1 | URL: /ajax.php?action=get_messages&conversation_id=contact_contact_1752580286_687640bee3375_reverse
[2025-07-15 14:03:45] [INFO] AJAX Request | Data: {"action":"get_messages","method":"GET","user_id":"bob2025"} | User: bob2025 | IP: ::1 | URL: /ajax.php?action=get_messages&conversation_id=contact_contact_1752580286_687640bee3375_reverse
[2025-07-15 14:03:48] [INFO] AJAX Request | Data: {"action":"get_messages","method":"GET","user_id":"bob2025"} | User: bob2025 | IP: ::1 | URL: /ajax.php?action=get_messages&conversation_id=contact_contact_1752580286_687640bee3375_reverse
[2025-07-15 14:03:48] [INFO] AJAX Request | Data: {"action":"get_messages","method":"GET","user_id":"bob2025"} | User: bob2025 | IP: ::1 | URL: /ajax.php?action=get_messages&conversation_id=contact_contact_1752580286_687640bee3375_reverse
[2025-07-15 14:03:51] [INFO] AJAX Request | Data: {"action":"get_messages","method":"GET","user_id":"bob2025"} | User: bob2025 | IP: ::1 | URL: /ajax.php?action=get_messages&conversation_id=contact_contact_1752580286_687640bee3375_reverse
[2025-07-15 14:03:51] [INFO] AJAX Request | Data: {"action":"get_messages","method":"GET","user_id":"bob2025"} | User: bob2025 | IP: ::1 | URL: /ajax.php?action=get_messages&conversation_id=contact_contact_1752580286_687640bee3375_reverse
[2025-07-15 14:03:51] [INFO] AJAX Request | Data: {"action":"get_messages","method":"GET","user_id":"bob2025"} | User: bob2025 | IP: ::1 | URL: /ajax.php?action=get_messages&conversation_id=contact_contact_1752580286_687640bee3375_reverse
[2025-07-15 14:03:54] [INFO] AJAX Request | Data: {"action":"get_messages","method":"GET","user_id":"bob2025"} | User: bob2025 | IP: ::1 | URL: /ajax.php?action=get_messages&conversation_id=contact_contact_1752580286_687640bee3375_reverse
[2025-07-15 14:03:55] [INFO] AJAX Request | Data: {"action":"get_messages","method":"GET","user_id":"bob2025"} | User: bob2025 | IP: ::1 | URL: /ajax.php?action=get_messages&conversation_id=contact_contact_1752580286_687640bee3375_reverse
[2025-07-15 14:03:57] [INFO] AJAX Request | Data: {"action":"get_messages","method":"GET","user_id":"bob2025"} | User: bob2025 | IP: ::1 | URL: /ajax.php?action=get_messages&conversation_id=contact_contact_1752580286_687640bee3375_reverse
[2025-07-15 14:03:58] [INFO] AJAX Request | Data: {"action":"get_messages","method":"GET","user_id":"bob2025"} | User: bob2025 | IP: ::1 | URL: /ajax.php?action=get_messages&conversation_id=contact_contact_1752580286_687640bee3375_reverse
[2025-07-15 14:04:00] [INFO] AJAX Request | Data: {"action":"get_messages","method":"GET","user_id":"bob2025"} | User: bob2025 | IP: ::1 | URL: /ajax.php?action=get_messages&conversation_id=contact_contact_1752580286_687640bee3375_reverse
[2025-07-15 14:04:01] [INFO] AJAX Request | Data: {"action":"get_messages","method":"GET","user_id":"bob2025"} | User: bob2025 | IP: ::1 | URL: /ajax.php?action=get_messages&conversation_id=contact_contact_1752580286_687640bee3375_reverse
[2025-07-15 14:04:03] [INFO] AJAX Request | Data: {"action":"get_messages","method":"GET","user_id":"bob2025"} | User: bob2025 | IP: ::1 | URL: /ajax.php?action=get_messages&conversation_id=contact_contact_1752580286_687640bee3375_reverse
[2025-07-15 14:04:04] [INFO] AJAX Request | Data: {"action":"get_messages","method":"GET","user_id":"bob2025"} | User: bob2025 | IP: ::1 | URL: /ajax.php?action=get_messages&conversation_id=contact_contact_1752580286_687640bee3375_reverse
[2025-07-15 14:04:06] [INFO] AJAX Request | Data: {"action":"get_messages","method":"GET","user_id":"bob2025"} | User: bob2025 | IP: ::1 | URL: /ajax.php?action=get_messages&conversation_id=contact_contact_1752580286_687640bee3375_reverse
[2025-07-15 14:04:07] [INFO] AJAX Request | Data: {"action":"get_messages","method":"GET","user_id":"bob2025"} | User: bob2025 | IP: ::1 | URL: /ajax.php?action=get_messages&conversation_id=contact_contact_1752580286_687640bee3375_reverse
[2025-07-15 14:04:09] [INFO] AJAX Request | Data: {"action":"get_messages","method":"GET","user_id":"bob2025"} | User: bob2025 | IP: ::1 | URL: /ajax.php?action=get_messages&conversation_id=contact_contact_1752580286_687640bee3375_reverse
[2025-07-15 14:04:10] [INFO] AJAX Request | Data: {"action":"get_messages","method":"GET","user_id":"bob2025"} | User: bob2025 | IP: ::1 | URL: /ajax.php?action=get_messages&conversation_id=contact_contact_1752580286_687640bee3375_reverse
[2025-07-15 14:04:12] [INFO] AJAX Request | Data: {"action":"get_messages","method":"GET","user_id":"bob2025"} | User: bob2025 | IP: ::1 | URL: /ajax.php?action=get_messages&conversation_id=contact_contact_1752580286_687640bee3375_reverse
[2025-07-15 14:04:13] [INFO] AJAX Request | Data: {"action":"get_messages","method":"GET","user_id":"bob2025"} | User: bob2025 | IP: ::1 | URL: /ajax.php?action=get_messages&conversation_id=contact_contact_1752580286_687640bee3375_reverse
[2025-07-15 14:04:15] [INFO] AJAX Request | Data: {"action":"get_messages","method":"GET","user_id":"bob2025"} | User: bob2025 | IP: ::1 | URL: /ajax.php?action=get_messages&conversation_id=contact_contact_1752580286_687640bee3375_reverse
[2025-07-15 14:04:16] [INFO] AJAX Request | Data: {"action":"get_messages","method":"GET","user_id":"bob2025"} | User: bob2025 | IP: ::1 | URL: /ajax.php?action=get_messages&conversation_id=contact_contact_1752580286_687640bee3375_reverse
[2025-07-15 14:04:18] [INFO] AJAX Request | Data: {"action":"get_messages","method":"GET","user_id":"bob2025"} | User: bob2025 | IP: ::1 | URL: /ajax.php?action=get_messages&conversation_id=contact_contact_1752580286_687640bee3375_reverse
[2025-07-15 14:04:19] [INFO] AJAX Request | Data: {"action":"get_messages","method":"GET","user_id":"bob2025"} | User: bob2025 | IP: ::1 | URL: /ajax.php?action=get_messages&conversation_id=contact_contact_1752580286_687640bee3375_reverse
[2025-07-15 14:04:21] [INFO] AJAX Request | Data: {"action":"get_messages","method":"GET","user_id":"bob2025"} | User: bob2025 | IP: ::1 | URL: /ajax.php?action=get_messages&conversation_id=contact_contact_1752580286_687640bee3375_reverse
[2025-07-15 14:04:22] [INFO] AJAX Request | Data: {"action":"get_messages","method":"GET","user_id":"bob2025"} | User: bob2025 | IP: ::1 | URL: /ajax.php?action=get_messages&conversation_id=contact_contact_1752580286_687640bee3375_reverse
[2025-07-15 14:04:24] [INFO] AJAX Request | Data: {"action":"get_messages","method":"GET","user_id":"bob2025"} | User: bob2025 | IP: ::1 | URL: /ajax.php?action=get_messages&conversation_id=contact_contact_1752580286_687640bee3375_reverse
[2025-07-15 14:04:25] [INFO] AJAX Request | Data: {"action":"get_messages","method":"GET","user_id":"bob2025"} | User: bob2025 | IP: ::1 | URL: /ajax.php?action=get_messages&conversation_id=contact_contact_1752580286_687640bee3375_reverse
[2025-07-15 14:04:27] [INFO] AJAX Request | Data: {"action":"get_messages","method":"GET","user_id":"bob2025"} | User: bob2025 | IP: ::1 | URL: /ajax.php?action=get_messages&conversation_id=contact_contact_1752580286_687640bee3375_reverse
[2025-07-15 14:04:28] [INFO] AJAX Request | Data: {"action":"get_messages","method":"GET","user_id":"bob2025"} | User: bob2025 | IP: ::1 | URL: /ajax.php?action=get_messages&conversation_id=contact_contact_1752580286_687640bee3375_reverse
[2025-07-15 14:04:30] [INFO] AJAX Request | Data: {"action":"get_messages","method":"GET","user_id":"bob2025"} | User: bob2025 | IP: ::1 | URL: /ajax.php?action=get_messages&conversation_id=contact_contact_1752580286_687640bee3375_reverse
[2025-07-15 14:04:31] [INFO] AJAX Request | Data: {"action":"get_messages","method":"GET","user_id":"bob2025"} | User: bob2025 | IP: ::1 | URL: /ajax.php?action=get_messages&conversation_id=contact_contact_1752580286_687640bee3375_reverse
[2025-07-15 14:04:33] [INFO] AJAX Request | Data: {"action":"get_messages","method":"GET","user_id":"bob2025"} | User: bob2025 | IP: ::1 | URL: /ajax.php?action=get_messages&conversation_id=contact_contact_1752580286_687640bee3375_reverse
[2025-07-15 14:04:34] [INFO] AJAX Request | Data: {"action":"get_messages","method":"GET","user_id":"bob2025"} | User: bob2025 | IP: ::1 | URL: /ajax.php?action=get_messages&conversation_id=contact_contact_1752580286_687640bee3375_reverse
[2025-07-15 14:04:36] [INFO] AJAX Request | Data: {"action":"get_messages","method":"GET","user_id":"bob2025"} | User: bob2025 | IP: ::1 | URL: /ajax.php?action=get_messages&conversation_id=contact_contact_1752580286_687640bee3375_reverse
[2025-07-15 14:04:37] [INFO] AJAX Request | Data: {"action":"get_messages","method":"GET","user_id":"bob2025"} | User: bob2025 | IP: ::1 | URL: /ajax.php?action=get_messages&conversation_id=contact_contact_1752580286_687640bee3375_reverse
[2025-07-15 14:04:39] [INFO] AJAX Request | Data: {"action":"get_messages","method":"GET","user_id":"bob2025"} | User: bob2025 | IP: ::1 | URL: /ajax.php?action=get_messages&conversation_id=contact_contact_1752580286_687640bee3375_reverse
[2025-07-15 14:04:40] [INFO] AJAX Request | Data: {"action":"get_messages","method":"GET","user_id":"bob2025"} | User: bob2025 | IP: ::1 | URL: /ajax.php?action=get_messages&conversation_id=contact_contact_1752580286_687640bee3375_reverse
[2025-07-15 14:04:42] [INFO] AJAX Request | Data: {"action":"get_messages","method":"GET","user_id":"bob2025"} | User: bob2025 | IP: ::1 | URL: /ajax.php?action=get_messages&conversation_id=contact_contact_1752580286_687640bee3375_reverse
[2025-07-15 14:04:43] [INFO] AJAX Request | Data: {"action":"get_messages","method":"GET","user_id":"bob2025"} | User: bob2025 | IP: ::1 | URL: /ajax.php?action=get_messages&conversation_id=contact_contact_1752580286_687640bee3375_reverse
[2025-07-15 14:04:45] [INFO] AJAX Request | Data: {"action":"get_messages","method":"GET","user_id":"bob2025"} | User: bob2025 | IP: ::1 | URL: /ajax.php?action=get_messages&conversation_id=contact_contact_1752580286_687640bee3375_reverse
[2025-07-15 14:04:46] [INFO] AJAX Request | Data: {"action":"get_messages","method":"GET","user_id":"bob2025"} | User: bob2025 | IP: ::1 | URL: /ajax.php?action=get_messages&conversation_id=contact_contact_1752580286_687640bee3375_reverse
[2025-07-15 14:04:48] [INFO] AJAX Request | Data: {"action":"get_messages","method":"GET","user_id":"bob2025"} | User: bob2025 | IP: ::1 | URL: /ajax.php?action=get_messages&conversation_id=contact_contact_1752580286_687640bee3375_reverse
[2025-07-15 14:04:49] [INFO] AJAX Request | Data: {"action":"get_messages","method":"GET","user_id":"bob2025"} | User: bob2025 | IP: ::1 | URL: /ajax.php?action=get_messages&conversation_id=contact_contact_1752580286_687640bee3375_reverse
[2025-07-15 14:04:51] [INFO] AJAX Request | Data: {"action":"get_messages","method":"GET","user_id":"bob2025"} | User: bob2025 | IP: ::1 | URL: /ajax.php?action=get_messages&conversation_id=contact_contact_1752580286_687640bee3375_reverse
[2025-07-15 14:04:52] [INFO] AJAX Request | Data: {"action":"get_messages","method":"GET","user_id":"bob2025"} | User: bob2025 | IP: ::1 | URL: /ajax.php?action=get_messages&conversation_id=contact_contact_1752580286_687640bee3375_reverse
[2025-07-15 14:04:54] [INFO] AJAX Request | Data: {"action":"get_messages","method":"GET","user_id":"bob2025"} | User: bob2025 | IP: ::1 | URL: /ajax.php?action=get_messages&conversation_id=contact_contact_1752580286_687640bee3375_reverse
[2025-07-15 14:04:55] [INFO] AJAX Request | Data: {"action":"get_messages","method":"GET","user_id":"bob2025"} | User: bob2025 | IP: ::1 | URL: /ajax.php?action=get_messages&conversation_id=contact_contact_1752580286_687640bee3375_reverse
[2025-07-15 14:04:57] [INFO] AJAX Request | Data: {"action":"get_messages","method":"GET","user_id":"bob2025"} | User: bob2025 | IP: ::1 | URL: /ajax.php?action=get_messages&conversation_id=contact_contact_1752580286_687640bee3375_reverse
[2025-07-15 14:05:00] [INFO] AJAX Request | Data: {"action":"get_messages","method":"GET","user_id":"bob2025"} | User: bob2025 | IP: ::1 | URL: /ajax.php?action=get_messages&conversation_id=contact_contact_1752580286_687640bee3375_reverse
[2025-07-15 14:05:03] [INFO] AJAX Request | Data: {"action":"get_messages","method":"GET","user_id":"bob2025"} | User: bob2025 | IP: ::1 | URL: /ajax.php?action=get_messages&conversation_id=contact_contact_1752580286_687640bee3375_reverse
[2025-07-15 14:05:06] [INFO] AJAX Request | Data: {"action":"get_messages","method":"GET","user_id":"bob2025"} | User: bob2025 | IP: ::1 | URL: /ajax.php?action=get_messages&conversation_id=contact_contact_1752580286_687640bee3375_reverse
[2025-07-15 14:05:09] [INFO] AJAX Request | Data: {"action":"get_messages","method":"GET","user_id":"bob2025"} | User: bob2025 | IP: ::1 | URL: /ajax.php?action=get_messages&conversation_id=contact_contact_1752580286_687640bee3375_reverse
[2025-07-15 14:05:55] [INFO] AJAX Request | Data: {"action":"get_messages","method":"GET","user_id":"bob2025"} | User: bob2025 | IP: ::1 | URL: /ajax.php?action=get_messages&conversation_id=contact_contact_1752580286_687640bee3375_reverse
[2025-07-15 14:05:55] [INFO] AJAX Request | Data: {"action":"get_messages","method":"GET","user_id":"bob2025"} | User: bob2025 | IP: ::1 | URL: /ajax.php?action=get_messages&conversation_id=contact_contact_1752580286_687640bee3375_reverse
[2025-07-15 14:06:55] [INFO] AJAX Request | Data: {"action":"get_messages","method":"GET","user_id":"bob2025"} | User: bob2025 | IP: ::1 | URL: /ajax.php?action=get_messages&conversation_id=contact_contact_1752580286_687640bee3375_reverse
[2025-07-15 14:06:55] [INFO] AJAX Request | Data: {"action":"get_messages","method":"GET","user_id":"bob2025"} | User: bob2025 | IP: ::1 | URL: /ajax.php?action=get_messages&conversation_id=contact_contact_1752580286_687640bee3375_reverse
[2025-07-15 14:07:08] [INFO] AJAX Request | Data: {"action":"get_messages","method":"GET","user_id":"bob2025"} | User: bob2025 | IP: ::1 | URL: /ajax.php?action=get_messages&conversation_id=contact_contact_1752580286_687640bee3375_reverse
[2025-07-15 14:07:09] [INFO] AJAX Request | Data: {"action":"get_messages","method":"GET","user_id":"bob2025"} | User: bob2025 | IP: ::1 | URL: /ajax.php?action=get_messages&conversation_id=contact_contact_1752580286_687640bee3375_reverse
[2025-07-15 14:07:11] [INFO] AJAX Request | Data: {"action":"get_messages","method":"GET","user_id":"bob2025"} | User: bob2025 | IP: ::1 | URL: /ajax.php?action=get_messages&conversation_id=contact_contact_1752580286_687640bee3375_reverse
[2025-07-15 14:07:12] [INFO] AJAX Request | Data: {"action":"get_messages","method":"GET","user_id":"bob2025"} | User: bob2025 | IP: ::1 | URL: /ajax.php?action=get_messages&conversation_id=contact_contact_1752580286_687640bee3375_reverse
[2025-07-15 14:07:13] [INFO] AJAX Request | Data: {"action":"get_messages","method":"GET","user_id":"bob2025"} | User: bob2025 | IP: ::1 | URL: /ajax.php?action=get_messages&conversation_id=contact_contact_1752580286_687640bee3375_reverse
[2025-07-15 14:07:15] [INFO] AJAX Request | Data: {"action":"get_messages","method":"GET","user_id":"bob2025"} | User: bob2025 | IP: ::1 | URL: /ajax.php?action=get_messages&conversation_id=contact_contact_1752580286_687640bee3375_reverse
[2025-07-15 14:07:15] [INFO] AJAX Request | Data: {"action":"get_messages","method":"GET","user_id":"bob2025"} | User: bob2025 | IP: ::1 | URL: /ajax.php?action=get_messages&conversation_id=contact_contact_1752580286_687640bee3375_reverse
[2025-07-15 14:07:18] [INFO] AJAX Request | Data: {"action":"get_messages","method":"GET","user_id":"bob2025"} | User: bob2025 | IP: ::1 | URL: /ajax.php?action=get_messages&conversation_id=contact_contact_1752580286_687640bee3375_reverse
[2025-07-15 14:07:19] [INFO] AJAX Request | Data: {"action":"get_messages","method":"GET","user_id":"bob2025"} | User: bob2025 | IP: ::1 | URL: /ajax.php?action=get_messages&conversation_id=contact_contact_1752580286_687640bee3375_reverse
[2025-07-15 14:07:22] [INFO] AJAX Request | Data: {"action":"get_messages","method":"GET","user_id":"bob2025"} | User: bob2025 | IP: ::1 | URL: /ajax.php?action=get_messages&conversation_id=contact_contact_1752580286_687640bee3375_reverse
[2025-07-15 14:07:25] [INFO] AJAX Request | Data: {"action":"get_messages","method":"GET","user_id":"bob2025"} | User: bob2025 | IP: ::1 | URL: /ajax.php?action=get_messages&conversation_id=contact_contact_1752580286_687640bee3375_reverse
[2025-07-15 14:07:28] [INFO] AJAX Request | Data: {"action":"get_messages","method":"GET","user_id":"bob2025"} | User: bob2025 | IP: ::1 | URL: /ajax.php?action=get_messages&conversation_id=contact_contact_1752580286_687640bee3375_reverse
[2025-07-15 14:07:50] [INFO] AJAX Request | Data: {"action":"get_messages","method":"GET","user_id":"admin"} | User: admin | IP: ::1 | URL: /ajax.php?action=get_messages&conversation_id=contact_contact_1752580286_687640bedb47e
[2025-07-15 14:07:51] [INFO] AJAX Request | Data: {"action":"get_stats","method":"GET","user_id":"admin"} | User: admin | IP: ::1 | URL: /ajax.php?action=get_stats
[2025-07-15 14:07:51] [INFO] AJAX Request | Data: {"action":"get_messages","method":"GET","user_id":"admin"} | User: admin | IP: ::1 | URL: /ajax.php?action=get_messages&conversation_id=contact_contact_1752580299_687640cb787b3
[2025-07-15 14:07:54] [INFO] AJAX Request | Data: {"action":"get_messages","method":"GET","user_id":"admin"} | User: admin | IP: ::1 | URL: /ajax.php?action=get_messages&conversation_id=contact_contact_1752580299_687640cb787b3
[2025-07-15 14:07:58] [INFO] AJAX Request | Data: {"action":"get_messages","method":"GET","user_id":"admin"} | User: admin | IP: ::1 | URL: /ajax.php?action=get_messages&conversation_id=contact_contact_1752580299_687640cb787b3
[2025-07-15 14:07:59] [INFO] AJAX Request | Data: {"action":"get_messages","method":"GET","user_id":"admin"} | User: admin | IP: ::1 | URL: /ajax.php?action=get_messages&conversation_id=contact_contact_1752580286_687640bedb47e
[2025-07-15 14:08:01] [INFO] AJAX Request | Data: {"action":"get_messages","method":"GET","user_id":"admin"} | User: admin | IP: ::1 | URL: /ajax.php?action=get_messages&conversation_id=contact_contact_1752580299_687640cb787b3
[2025-07-15 14:08:02] [INFO] AJAX Request | Data: {"action":"get_messages","method":"GET","user_id":"admin"} | User: admin | IP: ::1 | URL: /ajax.php?action=get_messages&conversation_id=contact_contact_1752580286_687640bedb47e
[2025-07-15 14:08:03] [INFO] AJAX Request | Data: {"action":"get_messages","method":"GET","user_id":"admin"} | User: admin | IP: ::1 | URL: /ajax.php?action=get_messages&conversation_id=contact_contact_1752580299_687640cb787b3
[2025-07-15 14:08:05] [INFO] AJAX Request | Data: {"action":"get_messages","method":"GET","user_id":"admin"} | User: admin | IP: ::1 | URL: /ajax.php?action=get_messages&conversation_id=contact_contact_1752580286_687640bedb47e
[2025-07-15 14:08:07] [INFO] AJAX Request | Data: {"action":"get_messages","method":"GET","user_id":"admin"} | User: admin | IP: ::1 | URL: /ajax.php?action=get_messages&conversation_id=contact_contact_1752580299_687640cb787b3
[2025-07-15 14:08:10] [INFO] AJAX Request | Data: {"action":"get_messages","method":"GET","user_id":"admin"} | User: admin | IP: ::1 | URL: /ajax.php?action=get_messages&conversation_id=contact_contact_1752580299_687640cb787b3
[2025-07-15 14:08:13] [INFO] AJAX Request | Data: {"action":"get_messages","method":"GET","user_id":"admin"} | User: admin | IP: ::1 | URL: /ajax.php?action=get_messages&conversation_id=contact_contact_1752580299_687640cb787b3
[2025-07-15 14:08:16] [INFO] AJAX Request | Data: {"action":"get_messages","method":"GET","user_id":"admin"} | User: admin | IP: ::1 | URL: /ajax.php?action=get_messages&conversation_id=contact_contact_1752580299_687640cb787b3
[2025-07-15 14:08:19] [INFO] AJAX Request | Data: {"action":"get_messages","method":"GET","user_id":"admin"} | User: admin | IP: ::1 | URL: /ajax.php?action=get_messages&conversation_id=contact_contact_1752580299_687640cb787b3
[2025-07-15 14:08:22] [INFO] AJAX Request | Data: {"action":"get_messages","method":"GET","user_id":"admin"} | User: admin | IP: ::1 | URL: /ajax.php?action=get_messages&conversation_id=contact_contact_1752580299_687640cb787b3
[2025-07-15 14:08:25] [INFO] AJAX Request | Data: {"action":"get_messages","method":"GET","user_id":"admin"} | User: admin | IP: ::1 | URL: /ajax.php?action=get_messages&conversation_id=contact_contact_1752580299_687640cb787b3
[2025-07-15 14:08:28] [INFO] AJAX Request | Data: {"action":"get_messages","method":"GET","user_id":"admin"} | User: admin | IP: ::1 | URL: /ajax.php?action=get_messages&conversation_id=contact_contact_1752580299_687640cb787b3
[2025-07-15 14:08:31] [INFO] AJAX Request | Data: {"action":"get_messages","method":"GET","user_id":"admin"} | User: admin | IP: ::1 | URL: /ajax.php?action=get_messages&conversation_id=contact_contact_1752580299_687640cb787b3
[2025-07-15 14:08:34] [INFO] AJAX Request | Data: {"action":"get_messages","method":"GET","user_id":"admin"} | User: admin | IP: ::1 | URL: /ajax.php?action=get_messages&conversation_id=contact_contact_1752580299_687640cb787b3
[2025-07-15 14:08:37] [INFO] AJAX Request | Data: {"action":"get_messages","method":"GET","user_id":"admin"} | User: admin | IP: ::1 | URL: /ajax.php?action=get_messages&conversation_id=contact_contact_1752580299_687640cb787b3
[2025-07-15 14:08:38] [INFO] AJAX Request | Data: {"action":"get_stats","method":"GET","user_id":"admin"} | User: admin | IP: ::1 | URL: /ajax.php?action=get_stats
[2025-07-15 14:08:40] [INFO] AJAX Request | Data: {"action":"get_messages","method":"GET","user_id":"admin"} | User: admin | IP: ::1 | URL: /ajax.php?action=get_messages&conversation_id=contact_contact_1752580299_687640cb787b3
[2025-07-15 14:08:43] [INFO] AJAX Request | Data: {"action":"get_messages","method":"GET","user_id":"admin"} | User: admin | IP: ::1 | URL: /ajax.php?action=get_messages&conversation_id=contact_contact_1752580299_687640cb787b3
[2025-07-15 14:08:46] [INFO] AJAX Request | Data: {"action":"get_messages","method":"GET","user_id":"admin"} | User: admin | IP: ::1 | URL: /ajax.php?action=get_messages&conversation_id=contact_contact_1752580299_687640cb787b3
[2025-07-15 14:08:49] [INFO] AJAX Request | Data: {"action":"get_messages","method":"GET","user_id":"admin"} | User: admin | IP: ::1 | URL: /ajax.php?action=get_messages&conversation_id=contact_contact_1752580299_687640cb787b3
[2025-07-15 14:08:52] [INFO] AJAX Request | Data: {"action":"get_messages","method":"GET","user_id":"admin"} | User: admin | IP: ::1 | URL: /ajax.php?action=get_messages&conversation_id=contact_contact_1752580299_687640cb787b3
[2025-07-15 14:08:55] [INFO] AJAX Request | Data: {"action":"get_messages","method":"GET","user_id":"admin"} | User: admin | IP: ::1 | URL: /ajax.php?action=get_messages&conversation_id=contact_contact_1752580299_687640cb787b3
[2025-07-15 14:08:58] [INFO] AJAX Request | Data: {"action":"get_messages","method":"GET","user_id":"admin"} | User: admin | IP: ::1 | URL: /ajax.php?action=get_messages&conversation_id=contact_contact_1752580299_687640cb787b3
[2025-07-15 14:09:01] [INFO] AJAX Request | Data: {"action":"get_messages","method":"GET","user_id":"admin"} | User: admin | IP: ::1 | URL: /ajax.php?action=get_messages&conversation_id=contact_contact_1752580299_687640cb787b3
[2025-07-15 14:09:04] [INFO] AJAX Request | Data: {"action":"get_messages","method":"GET","user_id":"admin"} | User: admin | IP: ::1 | URL: /ajax.php?action=get_messages&conversation_id=contact_contact_1752580299_687640cb787b3
[2025-07-15 14:09:08] [INFO] AJAX Request | Data: {"action":"get_stats","method":"GET","user_id":"admin"} | User: admin | IP: ::1 | URL: /ajax.php?action=get_stats
[2025-07-15 14:09:38] [INFO] AJAX Request | Data: {"action":"get_stats","method":"GET","user_id":"admin"} | User: admin | IP: ::1 | URL: /ajax.php?action=get_stats
[2025-07-15 14:09:55] [INFO] AJAX Request | Data: {"action":"get_messages","method":"GET","user_id":"admin"} | User: admin | IP: ::1 | URL: /ajax.php?action=get_messages&conversation_id=contact_contact_1752580299_687640cb787b3
[2025-07-15 14:10:08] [INFO] AJAX Request | Data: {"action":"get_stats","method":"GET","user_id":"admin"} | User: admin | IP: ::1 | URL: /ajax.php?action=get_stats
[2025-07-15 14:10:21] [INFO] AJAX Request | Data: {"action":"get_messages","method":"GET","user_id":"admin"} | User: admin | IP: ::1 | URL: /ajax.php?action=get_messages&conversation_id=contact_contact_1752580299_687640cb787b3
[2025-07-15 14:10:24] [INFO] AJAX Request | Data: {"action":"get_messages","method":"GET","user_id":"admin"} | User: admin | IP: ::1 | URL: /ajax.php?action=get_messages&conversation_id=contact_contact_1752580299_687640cb787b3
[2025-07-15 14:10:27] [INFO] AJAX Request | Data: {"action":"get_messages","method":"GET","user_id":"admin"} | User: admin | IP: ::1 | URL: /ajax.php?action=get_messages&conversation_id=contact_contact_1752580299_687640cb787b3
[2025-07-15 14:10:29] [INFO] AJAX Request | Data: {"action":"get_messages","method":"GET","user_id":"admin"} | User: admin | IP: ::1 | URL: /ajax.php?action=get_messages&conversation_id=contact_contact_1752580299_687640cb787b3
[2025-07-15 14:10:32] [INFO] AJAX Request | Data: {"action":"get_messages","method":"GET","user_id":"admin"} | User: admin | IP: ::1 | URL: /ajax.php?action=get_messages&conversation_id=contact_contact_1752580299_687640cb787b3
[2025-07-15 14:10:32] [INFO] AJAX Request | Data: {"action":"get_messages","method":"GET","user_id":"admin"} | User: admin | IP: ::1 | URL: /ajax.php?action=get_messages&conversation_id=contact_contact_1752580286_687640bedb47e
[2025-07-15 14:10:34] [INFO] AJAX Request | Data: {"action":"get_messages","method":"GET","user_id":"admin"} | User: admin | IP: ::1 | URL: /ajax.php?action=get_messages&conversation_id=contact_contact_1752580299_687640cb787b3
[2025-07-15 14:10:37] [INFO] AJAX Request | Data: {"action":"get_messages","method":"GET","user_id":"admin"} | User: admin | IP: ::1 | URL: /ajax.php?action=get_messages&conversation_id=group_group_1752569790_687617be41315
[2025-07-15 14:10:37] [ERROR] Uncaught Exception: Cannot access offset of type string on string in C:\Users\ASUS TUF\OneDrive\Bureau\xml_project\public\ajax.php on line 163 | Data: {"trace":"#0 {main}"} | User: admin | IP: ::1 | URL: /ajax.php?action=get_messages&conversation_id=group_group_1752569790_687617be41315
[2025-07-15 14:10:38] [INFO] AJAX Request | Data: {"action":"get_stats","method":"GET","user_id":"admin"} | User: admin | IP: ::1 | URL: /ajax.php?action=get_stats
[2025-07-15 14:10:40] [INFO] AJAX Request | Data: {"action":"get_messages","method":"GET","user_id":"admin"} | User: admin | IP: ::1 | URL: /ajax.php?action=get_messages&conversation_id=group_group_1752569790_687617be41315
[2025-07-15 14:10:40] [ERROR] Uncaught Exception: Cannot access offset of type string on string in C:\Users\ASUS TUF\OneDrive\Bureau\xml_project\public\ajax.php on line 163 | Data: {"trace":"#0 {main}"} | User: admin | IP: ::1 | URL: /ajax.php?action=get_messages&conversation_id=group_group_1752569790_687617be41315
[2025-07-15 14:11:08] [INFO] AJAX Request | Data: {"action":"get_stats","method":"GET","user_id":"admin"} | User: admin | IP: ::1 | URL: /ajax.php?action=get_stats
[2025-07-15 14:11:55] [INFO] AJAX Request | Data: {"action":"get_stats","method":"GET","user_id":"admin"} | User: admin | IP: ::1 | URL: /ajax.php?action=get_stats
[2025-07-15 14:12:55] [INFO] AJAX Request | Data: {"action":"get_stats","method":"GET","user_id":"admin"} | User: admin | IP: ::1 | URL: /ajax.php?action=get_stats
[2025-07-15 14:13:55] [INFO] AJAX Request | Data: {"action":"get_stats","method":"GET","user_id":"admin"} | User: admin | IP: ::1 | URL: /ajax.php?action=get_stats
[2025-07-15 14:14:55] [INFO] AJAX Request | Data: {"action":"get_stats","method":"GET","user_id":"admin"} | User: admin | IP: ::1 | URL: /ajax.php?action=get_stats
[2025-07-15 14:15:55] [INFO] AJAX Request | Data: {"action":"get_stats","method":"GET","user_id":"admin"} | User: admin | IP: ::1 | URL: /ajax.php?action=get_stats
[2025-07-15 14:16:55] [INFO] AJAX Request | Data: {"action":"get_stats","method":"GET","user_id":"admin"} | User: admin | IP: ::1 | URL: /ajax.php?action=get_stats
[2025-07-15 14:17:55] [INFO] AJAX Request | Data: {"action":"get_stats","method":"GET","user_id":"admin"} | User: admin | IP: ::1 | URL: /ajax.php?action=get_stats
[2025-07-15 14:18:55] [INFO] AJAX Request | Data: {"action":"get_stats","method":"GET","user_id":"admin"} | User: admin | IP: ::1 | URL: /ajax.php?action=get_stats
[2025-07-15 14:19:55] [INFO] AJAX Request | Data: {"action":"get_stats","method":"GET","user_id":"admin"} | User: admin | IP: ::1 | URL: /ajax.php?action=get_stats
[2025-07-15 14:20:55] [INFO] AJAX Request | Data: {"action":"get_stats","method":"GET","user_id":"admin"} | User: admin | IP: ::1 | URL: /ajax.php?action=get_stats
[2025-07-15 15:25:39] [INFO] AJAX Request | Data: {"action":"get_stats","method":"GET","user_id":"admin"} | User: admin | IP: ::1 | URL: /ajax.php?action=get_stats
[2025-07-15 15:25:55] [INFO] AJAX Request | Data: {"action":"get_stats","method":"GET","user_id":"admin"} | User: admin | IP: ::1 | URL: /ajax.php?action=get_stats
[2025-07-15 15:26:55] [INFO] AJAX Request | Data: {"action":"get_stats","method":"GET","user_id":"admin"} | User: admin | IP: ::1 | URL: /ajax.php?action=get_stats
[2025-07-15 15:27:55] [INFO] AJAX Request | Data: {"action":"get_stats","method":"GET","user_id":"admin"} | User: admin | IP: ::1 | URL: /ajax.php?action=get_stats
[2025-07-15 15:28:55] [INFO] AJAX Request | Data: {"action":"get_stats","method":"GET","user_id":"admin"} | User: admin | IP: ::1 | URL: /ajax.php?action=get_stats
[2025-07-15 15:29:55] [INFO] AJAX Request | Data: {"action":"get_stats","method":"GET","user_id":"admin"} | User: admin | IP: ::1 | URL: /ajax.php?action=get_stats
[2025-07-15 15:30:55] [INFO] AJAX Request | Data: {"action":"get_stats","method":"GET","user_id":"admin"} | User: admin | IP: ::1 | URL: /ajax.php?action=get_stats
[2025-07-15 15:31:55] [INFO] AJAX Request | Data: {"action":"get_stats","method":"GET","user_id":"admin"} | User: admin | IP: ::1 | URL: /ajax.php?action=get_stats
[2025-07-15 15:32:55] [INFO] AJAX Request | Data: {"action":"get_stats","method":"GET","user_id":"admin"} | User: admin | IP: ::1 | URL: /ajax.php?action=get_stats
[2025-07-15 15:33:55] [INFO] AJAX Request | Data: {"action":"get_stats","method":"GET","user_id":"admin"} | User: admin | IP: ::1 | URL: /ajax.php?action=get_stats
[2025-07-15 15:34:55] [INFO] AJAX Request | Data: {"action":"get_stats","method":"GET","user_id":"admin"} | User: admin | IP: ::1 | URL: /ajax.php?action=get_stats
[2025-07-15 15:35:55] [INFO] AJAX Request | Data: {"action":"get_stats","method":"GET","user_id":"admin"} | User: admin | IP: ::1 | URL: /ajax.php?action=get_stats
[2025-07-15 15:36:55] [INFO] AJAX Request | Data: {"action":"get_stats","method":"GET","user_id":"admin"} | User: admin | IP: ::1 | URL: /ajax.php?action=get_stats
[2025-07-15 15:37:55] [INFO] AJAX Request | Data: {"action":"get_stats","method":"GET","user_id":"admin"} | User: admin | IP: ::1 | URL: /ajax.php?action=get_stats
[2025-07-15 15:38:55] [INFO] AJAX Request | Data: {"action":"get_stats","method":"GET","user_id":"admin"} | User: admin | IP: ::1 | URL: /ajax.php?action=get_stats
[2025-07-15 15:39:55] [INFO] AJAX Request | Data: {"action":"get_stats","method":"GET","user_id":"admin"} | User: admin | IP: ::1 | URL: /ajax.php?action=get_stats
[2025-07-15 15:40:55] [INFO] AJAX Request | Data: {"action":"get_stats","method":"GET","user_id":"admin"} | User: admin | IP: ::1 | URL: /ajax.php?action=get_stats
[2025-07-15 15:41:13] [INFO] AJAX Request | Data: {"action":"get_messages","method":"GET","user_id":"user_1752532999_3258"} | User: user_1752532999_3258 | IP: ::1 | URL: /ajax.php?action=get_messages&conversation_id=group_group_1752586843_68765a5b7e311
[2025-07-15 15:41:16] [INFO] AJAX Request | Data: {"action":"get_messages","method":"GET","user_id":"user_1752532999_3258"} | User: user_1752532999_3258 | IP: ::1 | URL: /ajax.php?action=get_messages&conversation_id=group_group_1752586843_68765a5b7e311
[2025-07-15 15:41:19] [INFO] AJAX Request | Data: {"action":"get_messages","method":"GET","user_id":"user_1752532999_3258"} | User: user_1752532999_3258 | IP: ::1 | URL: /ajax.php?action=get_messages&conversation_id=group_group_1752586843_68765a5b7e311
[2025-07-15 15:41:22] [INFO] AJAX Request | Data: {"action":"get_messages","method":"GET","user_id":"user_1752532999_3258"} | User: user_1752532999_3258 | IP: ::1 | URL: /ajax.php?action=get_messages&conversation_id=group_group_1752586843_68765a5b7e311
[2025-07-15 15:41:25] [INFO] AJAX Request | Data: {"action":"get_messages","method":"GET","user_id":"user_1752532999_3258"} | User: user_1752532999_3258 | IP: ::1 | URL: /ajax.php?action=get_messages&conversation_id=group_group_1752586843_68765a5b7e311
[2025-07-15 15:41:28] [INFO] AJAX Request | Data: {"action":"get_messages","method":"GET","user_id":"user_1752532999_3258"} | User: user_1752532999_3258 | IP: ::1 | URL: /ajax.php?action=get_messages&conversation_id=group_group_1752586843_68765a5b7e311
[2025-07-15 15:41:30] [INFO] AJAX Request | Data: {"action":"get_messages","method":"GET","user_id":"user_1752532999_3258"} | User: user_1752532999_3258 | IP: ::1 | URL: /ajax.php?action=get_messages&conversation_id=contact_contact_1752586820_68765a4404654
[2025-07-15 15:41:33] [INFO] AJAX Request | Data: {"action":"get_messages","method":"GET","user_id":"user_1752532999_3258"} | User: user_1752532999_3258 | IP: ::1 | URL: /ajax.php?action=get_messages&conversation_id=contact_contact_1752586820_68765a4404654
[2025-07-15 15:41:34] [INFO] AJAX Request | Data: {"action":"get_messages","method":"GET","user_id":"user_1752532999_3258"} | User: user_1752532999_3258 | IP: ::1 | URL: /ajax.php?action=get_messages&conversation_id=contact_contact_1752586820_68765a4404654
[2025-07-15 15:41:37] [INFO] AJAX Request | Data: {"action":"get_messages","method":"GET","user_id":"user_1752532999_3258"} | User: user_1752532999_3258 | IP: ::1 | URL: /ajax.php?action=get_messages&conversation_id=contact_contact_1752586820_68765a4404654
[2025-07-15 15:41:41] [INFO] AJAX Request | Data: {"action":"get_messages","method":"GET","user_id":"user_1752532999_3258"} | User: user_1752532999_3258 | IP: ::1 | URL: /ajax.php?action=get_messages&conversation_id=contact_contact_1752586820_68765a4404654
[2025-07-15 15:41:44] [INFO] AJAX Request | Data: {"action":"get_messages","method":"GET","user_id":"user_1752532999_3258"} | User: user_1752532999_3258 | IP: ::1 | URL: /ajax.php?action=get_messages&conversation_id=contact_contact_1752586820_68765a4404654
[2025-07-15 15:41:47] [INFO] AJAX Request | Data: {"action":"get_messages","method":"GET","user_id":"user_1752532999_3258"} | User: user_1752532999_3258 | IP: ::1 | URL: /ajax.php?action=get_messages&conversation_id=contact_contact_1752586820_68765a4404654
[2025-07-15 15:41:49] [INFO] AJAX Request | Data: {"action":"get_messages","method":"GET","user_id":"user_1752532999_3258"} | User: user_1752532999_3258 | IP: ::1 | URL: /ajax.php?action=get_messages&conversation_id=contact_contact_1752586820_68765a4404654
[2025-07-15 15:41:52] [INFO] AJAX Request | Data: {"action":"get_messages","method":"GET","user_id":"user_1752532999_3258"} | User: user_1752532999_3258 | IP: ::1 | URL: /ajax.php?action=get_messages&conversation_id=contact_contact_1752586820_68765a4404654
[2025-07-15 15:41:55] [INFO] AJAX Request | Data: {"action":"get_stats","method":"GET","user_id":"admin"} | User: admin | IP: ::1 | URL: /ajax.php?action=get_stats
[2025-07-15 15:41:55] [INFO] AJAX Request | Data: {"action":"get_messages","method":"GET","user_id":"user_1752532999_3258"} | User: user_1752532999_3258 | IP: ::1 | URL: /ajax.php?action=get_messages&conversation_id=contact_contact_1752586820_68765a4404654
[2025-07-15 15:41:58] [INFO] AJAX Request | Data: {"action":"get_messages","method":"GET","user_id":"user_1752532999_3258"} | User: user_1752532999_3258 | IP: ::1 | URL: /ajax.php?action=get_messages&conversation_id=contact_contact_1752586820_68765a4404654
[2025-07-15 15:42:01] [INFO] AJAX Request | Data: {"action":"get_messages","method":"GET","user_id":"user_1752532999_3258"} | User: user_1752532999_3258 | IP: ::1 | URL: /ajax.php?action=get_messages&conversation_id=contact_contact_1752586820_68765a4404654
[2025-07-15 15:42:02] [INFO] AJAX Request | Data: {"action":"get_messages","method":"GET","user_id":"user_1752532999_3258"} | User: user_1752532999_3258 | IP: ::1 | URL: /ajax.php?action=get_messages&conversation_id=contact_contact_1752586820_68765a4404654
[2025-07-15 15:42:05] [INFO] AJAX Request | Data: {"action":"get_messages","method":"GET","user_id":"user_1752532999_3258"} | User: user_1752532999_3258 | IP: ::1 | URL: /ajax.php?action=get_messages&conversation_id=contact_contact_1752586820_68765a4404654
[2025-07-15 15:42:08] [INFO] AJAX Request | Data: {"action":"get_messages","method":"GET","user_id":"user_1752532999_3258"} | User: user_1752532999_3258 | IP: ::1 | URL: /ajax.php?action=get_messages&conversation_id=contact_contact_1752586820_68765a4404654
[2025-07-15 15:42:11] [INFO] AJAX Request | Data: {"action":"get_messages","method":"GET","user_id":"user_1752532999_3258"} | User: user_1752532999_3258 | IP: ::1 | URL: /ajax.php?action=get_messages&conversation_id=contact_contact_1752586820_68765a4404654
[2025-07-15 15:42:14] [INFO] AJAX Request | Data: {"action":"get_messages","method":"GET","user_id":"user_1752532999_3258"} | User: user_1752532999_3258 | IP: ::1 | URL: /ajax.php?action=get_messages&conversation_id=contact_contact_1752586820_68765a4404654
[2025-07-15 15:42:17] [INFO] AJAX Request | Data: {"action":"get_messages","method":"GET","user_id":"user_1752532999_3258"} | User: user_1752532999_3258 | IP: ::1 | URL: /ajax.php?action=get_messages&conversation_id=contact_contact_1752586820_68765a4404654
[2025-07-15 15:42:20] [INFO] AJAX Request | Data: {"action":"get_messages","method":"GET","user_id":"user_1752532999_3258"} | User: user_1752532999_3258 | IP: ::1 | URL: /ajax.php?action=get_messages&conversation_id=contact_contact_1752586820_68765a4404654
[2025-07-15 15:42:23] [INFO] AJAX Request | Data: {"action":"get_messages","method":"GET","user_id":"user_1752532999_3258"} | User: user_1752532999_3258 | IP: ::1 | URL: /ajax.php?action=get_messages&conversation_id=contact_contact_1752586820_68765a4404654
[2025-07-15 15:42:26] [INFO] AJAX Request | Data: {"action":"get_messages","method":"GET","user_id":"user_1752532999_3258"} | User: user_1752532999_3258 | IP: ::1 | URL: /ajax.php?action=get_messages&conversation_id=contact_contact_1752586820_68765a4404654
[2025-07-15 15:42:29] [INFO] AJAX Request | Data: {"action":"get_messages","method":"GET","user_id":"user_1752532999_3258"} | User: user_1752532999_3258 | IP: ::1 | URL: /ajax.php?action=get_messages&conversation_id=contact_contact_1752586820_68765a4404654
[2025-07-15 15:42:32] [INFO] AJAX Request | Data: {"action":"get_messages","method":"GET","user_id":"user_1752532999_3258"} | User: user_1752532999_3258 | IP: ::1 | URL: /ajax.php?action=get_messages&conversation_id=contact_contact_1752586820_68765a4404654
[2025-07-15 15:42:35] [INFO] AJAX Request | Data: {"action":"get_messages","method":"GET","user_id":"user_1752532999_3258"} | User: user_1752532999_3258 | IP: ::1 | URL: /ajax.php?action=get_messages&conversation_id=contact_contact_1752586820_68765a4404654
[2025-07-15 15:42:38] [INFO] AJAX Request | Data: {"action":"get_messages","method":"GET","user_id":"user_1752532999_3258"} | User: user_1752532999_3258 | IP: ::1 | URL: /ajax.php?action=get_messages&conversation_id=contact_contact_1752586820_68765a4404654
[2025-07-15 15:42:41] [INFO] AJAX Request | Data: {"action":"get_messages","method":"GET","user_id":"user_1752532999_3258"} | User: user_1752532999_3258 | IP: ::1 | URL: /ajax.php?action=get_messages&conversation_id=contact_contact_1752586820_68765a4404654
[2025-07-15 15:42:44] [INFO] AJAX Request | Data: {"action":"get_messages","method":"GET","user_id":"user_1752532999_3258"} | User: user_1752532999_3258 | IP: ::1 | URL: /ajax.php?action=get_messages&conversation_id=contact_contact_1752586820_68765a4404654
[2025-07-15 15:42:47] [INFO] AJAX Request | Data: {"action":"get_messages","method":"GET","user_id":"user_1752532999_3258"} | User: user_1752532999_3258 | IP: ::1 | URL: /ajax.php?action=get_messages&conversation_id=contact_contact_1752586820_68765a4404654
[2025-07-15 15:42:50] [INFO] AJAX Request | Data: {"action":"get_messages","method":"GET","user_id":"user_1752532999_3258"} | User: user_1752532999_3258 | IP: ::1 | URL: /ajax.php?action=get_messages&conversation_id=contact_contact_1752586820_68765a4404654
[2025-07-15 15:42:53] [INFO] AJAX Request | Data: {"action":"get_messages","method":"GET","user_id":"user_1752532999_3258"} | User: user_1752532999_3258 | IP: ::1 | URL: /ajax.php?action=get_messages&conversation_id=contact_contact_1752586820_68765a4404654
[2025-07-15 15:42:55] [INFO] AJAX Request | Data: {"action":"get_stats","method":"GET","user_id":"admin"} | User: admin | IP: ::1 | URL: /ajax.php?action=get_stats
[2025-07-15 15:42:56] [INFO] AJAX Request | Data: {"action":"get_messages","method":"GET","user_id":"user_1752532999_3258"} | User: user_1752532999_3258 | IP: ::1 | URL: /ajax.php?action=get_messages&conversation_id=contact_contact_1752586820_68765a4404654
[2025-07-15 15:42:59] [INFO] AJAX Request | Data: {"action":"get_messages","method":"GET","user_id":"user_1752532999_3258"} | User: user_1752532999_3258 | IP: ::1 | URL: /ajax.php?action=get_messages&conversation_id=contact_contact_1752586820_68765a4404654
[2025-07-15 15:43:02] [INFO] AJAX Request | Data: {"action":"get_messages","method":"GET","user_id":"user_1752532999_3258"} | User: user_1752532999_3258 | IP: ::1 | URL: /ajax.php?action=get_messages&conversation_id=contact_contact_1752586820_68765a4404654
[2025-07-15 15:43:55] [INFO] AJAX Request | Data: {"action":"get_messages","method":"GET","user_id":"user_1752532999_3258"} | User: user_1752532999_3258 | IP: ::1 | URL: /ajax.php?action=get_messages&conversation_id=contact_contact_1752586820_68765a4404654
[2025-07-15 15:43:55] [INFO] AJAX Request | Data: {"action":"get_stats","method":"GET","user_id":"admin"} | User: admin | IP: ::1 | URL: /ajax.php?action=get_stats
[2025-07-15 15:44:55] [INFO] AJAX Request | Data: {"action":"get_messages","method":"GET","user_id":"user_1752532999_3258"} | User: user_1752532999_3258 | IP: ::1 | URL: /ajax.php?action=get_messages&conversation_id=contact_contact_1752586820_68765a4404654
[2025-07-15 15:44:55] [INFO] AJAX Request | Data: {"action":"get_stats","method":"GET","user_id":"admin"} | User: admin | IP: ::1 | URL: /ajax.php?action=get_stats
[2025-07-15 15:45:55] [INFO] AJAX Request | Data: {"action":"get_messages","method":"GET","user_id":"user_1752532999_3258"} | User: user_1752532999_3258 | IP: ::1 | URL: /ajax.php?action=get_messages&conversation_id=contact_contact_1752586820_68765a4404654
[2025-07-15 15:45:55] [INFO] AJAX Request | Data: {"action":"get_stats","method":"GET","user_id":"admin"} | User: admin | IP: ::1 | URL: /ajax.php?action=get_stats
[2025-07-15 15:46:55] [INFO] AJAX Request | Data: {"action":"get_messages","method":"GET","user_id":"user_1752532999_3258"} | User: user_1752532999_3258 | IP: ::1 | URL: /ajax.php?action=get_messages&conversation_id=contact_contact_1752586820_68765a4404654
[2025-07-15 15:46:55] [INFO] AJAX Request | Data: {"action":"get_stats","method":"GET","user_id":"admin"} | User: admin | IP: ::1 | URL: /ajax.php?action=get_stats
