[Mon Jul 14 22:15:27 2025] PHP 8.2.12 Development Server (http://localhost:8000) started
[Mon Jul 14 22:26:53 2025] [::1]:51647 Accepted
[Mon Jul 14 22:26:53 2025] [::1]:51647 [200]: GET /
[Mon Jul 14 22:26:53 2025] [::1]:51647 Closing
[Mon Jul 14 22:26:53 2025] [::1]:51648 Accepted
[Mon Jul 14 22:26:53 2025] [::1]:51648 [200]: GET /
[Mon Jul 14 22:26:53 2025] [::1]:51648 Closing
[Mon Jul 14 22:26:53 2025] [::1]:51649 Accepted
[Mon Jul 14 22:26:53 2025] [::1]:51649 [200]: GET /
[Mon Jul 14 22:26:53 2025] [::1]:51649 Closing
[Mon Jul 14 22:26:53 2025] [::1]:51650 Accepted
[Mon Jul 14 22:26:53 2025] [::1]:51650 [200]: GET /
[Mon Jul 14 22:26:53 2025] [::1]:51650 Closing
[Mon Jul 14 22:26:53 2025] [::1]:51651 Accepted
[Mon Jul 14 22:26:53 2025] [::1]:51651 [302]: GET /dashboard.php
[Mon Jul 14 22:26:53 2025] [::1]:51651 Closing
[Mon Jul 14 22:26:53 2025] [::1]:51652 Accepted
[Mon Jul 14 22:26:53 2025] [::1]:51652 [200]: GET /index.php
[Mon Jul 14 22:26:53 2025] [::1]:51652 Closing
[Mon Jul 14 22:26:53 2025] [::1]:51653 Accepted
[Mon Jul 14 22:26:53 2025] [::1]:51653 [302]: GET /contacts.php
[Mon Jul 14 22:26:53 2025] [::1]:51653 Closing
[Mon Jul 14 22:26:53 2025] [::1]:51654 Accepted
[Mon Jul 14 22:26:53 2025] [::1]:51654 [200]: GET /index.php
[Mon Jul 14 22:26:53 2025] [::1]:51654 Closing
[Mon Jul 14 22:26:53 2025] [::1]:51655 Accepted
[Mon Jul 14 22:26:53 2025] [::1]:51655 [302]: GET /groups.php
[Mon Jul 14 22:26:53 2025] [::1]:51655 Closing
[Mon Jul 14 22:26:53 2025] [::1]:51656 Accepted
[Mon Jul 14 22:26:53 2025] [::1]:51656 [200]: GET /index.php
[Mon Jul 14 22:26:53 2025] [::1]:51656 Closing
[Mon Jul 14 22:26:53 2025] [::1]:51657 Accepted
[Mon Jul 14 22:26:53 2025] [::1]:51657 [302]: GET /chat.php
[Mon Jul 14 22:26:53 2025] [::1]:51657 Closing
[Mon Jul 14 22:26:53 2025] [::1]:51658 Accepted
[Mon Jul 14 22:26:53 2025] [::1]:51658 [200]: GET /index.php
[Mon Jul 14 22:26:53 2025] [::1]:51658 Closing
[Mon Jul 14 22:26:53 2025] [::1]:51659 Accepted
[Mon Jul 14 22:26:53 2025] [::1]:51659 [302]: GET /profile.php
[Mon Jul 14 22:26:53 2025] [::1]:51659 Closing
[Mon Jul 14 22:26:53 2025] [::1]:51660 Accepted
[Mon Jul 14 22:26:53 2025] [::1]:51660 [200]: GET /index.php
[Mon Jul 14 22:26:53 2025] [::1]:51660 Closing
[Mon Jul 14 22:26:53 2025] [::1]:51661 Accepted
[Mon Jul 14 22:26:53 2025] [::1]:51661 [200]: GET /assets/css/style.css
[Mon Jul 14 22:26:53 2025] [::1]:51661 Closing
[Mon Jul 14 22:26:53 2025] [::1]:51662 Accepted
[Mon Jul 14 22:26:53 2025] [::1]:51662 [200]: GET /assets/js/app.js
[Mon Jul 14 22:26:53 2025] [::1]:51662 Closing
[Mon Jul 14 22:26:53 2025] [::1]:51663 Accepted
[Mon Jul 14 22:26:53 2025] [::1]:51663 [200]: POST /
[Mon Jul 14 22:26:53 2025] [::1]:51663 Closing
[Mon Jul 14 22:26:53 2025] [::1]:51664 Accepted
[Mon Jul 14 22:26:53 2025] [::1]:51664 [200]: POST /
[Mon Jul 14 22:26:53 2025] [::1]:51664 Closing
[Mon Jul 14 22:26:53 2025] [::1]:51665 Accepted
[Mon Jul 14 22:26:53 2025] [::1]:51665 [200]: POST /
[Mon Jul 14 22:26:53 2025] [::1]:51665 Closing
[Mon Jul 14 22:26:53 2025] [::1]:51666 Accepted
[Mon Jul 14 22:26:53 2025] [::1]:51666 [200]: POST /
[Mon Jul 14 22:26:53 2025] [::1]:51666 Closing
[Mon Jul 14 22:26:53 2025] [::1]:51667 Accepted
[Mon Jul 14 22:26:53 2025] [::1]:51667 [200]: POST /
[Mon Jul 14 22:26:53 2025] [::1]:51667 Closing
[Mon Jul 14 22:26:53 2025] [::1]:51668 Accepted
[Mon Jul 14 22:26:53 2025] [::1]:51668 [200]: POST /
[Mon Jul 14 22:26:53 2025] [::1]:51668 Closing
[Mon Jul 14 22:26:53 2025] [::1]:51669 Accepted
[Mon Jul 14 22:26:53 2025] [::1]:51669 [200]: POST /
[Mon Jul 14 22:26:53 2025] [::1]:51669 Closing
[Mon Jul 14 22:26:53 2025] [::1]:51670 Accepted
[Mon Jul 14 22:26:53 2025] [::1]:51670 [200]: POST /
[Mon Jul 14 22:26:53 2025] [::1]:51670 Closing
[Mon Jul 14 22:26:53 2025] [::1]:51671 Accepted
[Mon Jul 14 22:26:53 2025] [::1]:51671 [200]: POST /
[Mon Jul 14 22:26:53 2025] [::1]:51671 Closing
[Mon Jul 14 22:26:53 2025] [::1]:51672 Accepted
[Mon Jul 14 22:26:53 2025] [::1]:51672 [200]: POST /
[Mon Jul 14 22:26:53 2025] [::1]:51672 Closing
[Mon Jul 14 22:26:53 2025] [::1]:51673 Accepted
[Mon Jul 14 22:26:53 2025] [::1]:51673 [302]: POST /
[Mon Jul 14 22:26:53 2025] [::1]:51673 Closing
[Mon Jul 14 22:26:53 2025] [::1]:51674 Accepted
[Mon Jul 14 22:26:53 2025] [::1]:51674 [200]: GET /dashboard.php
[Mon Jul 14 22:26:53 2025] [::1]:51674 Closing
[Mon Jul 14 22:26:53 2025] [::1]:51675 Accepted
[Mon Jul 14 22:26:53 2025] [::1]:51675 [302]: POST /
[Mon Jul 14 22:26:53 2025] [::1]:51675 Closing
[Mon Jul 14 22:26:53 2025] [::1]:51676 Accepted
[Mon Jul 14 22:26:53 2025] [::1]:51676 [200]: GET /index.php
[Mon Jul 14 22:26:53 2025] [::1]:51676 Closing
[Mon Jul 14 22:26:53 2025] [::1]:51677 Accepted
[Mon Jul 14 22:26:53 2025] [::1]:51677 [200]: POST /
[Mon Jul 14 22:26:53 2025] [::1]:51677 Closing
[Mon Jul 14 22:26:53 2025] [::1]:51678 Accepted
[Mon Jul 14 22:26:53 2025] [::1]:51678 [200]: POST /
[Mon Jul 14 22:26:53 2025] [::1]:51678 Closing
[Mon Jul 14 22:26:53 2025] [::1]:51679 Accepted
[Mon Jul 14 22:26:53 2025] [::1]:51679 [302]: POST /
[Mon Jul 14 22:26:53 2025] [::1]:51679 Closing
[Mon Jul 14 22:26:53 2025] [::1]:51680 Accepted
[Mon Jul 14 22:26:53 2025] [::1]:51680 [200]: GET /dashboard.php
[Mon Jul 14 22:26:53 2025] [::1]:51680 Closing
[Mon Jul 14 22:26:53 2025] [::1]:51681 Accepted
[Mon Jul 14 22:26:53 2025] [::1]:51681 [200]: GET /profile.php
[Mon Jul 14 22:26:53 2025] [::1]:51681 Closing
[Mon Jul 14 22:26:53 2025] [::1]:51682 Accepted
[Mon Jul 14 22:26:53 2025] [::1]:51682 [302]: POST /
[Mon Jul 14 22:26:53 2025] [::1]:51682 Closing
[Mon Jul 14 22:26:53 2025] [::1]:51683 Accepted
[Mon Jul 14 22:26:53 2025] [::1]:51683 [200]: GET /dashboard.php
[Mon Jul 14 22:26:53 2025] [::1]:51683 Closing
[Mon Jul 14 22:26:53 2025] [::1]:51684 Accepted
[Mon Jul 14 22:26:53 2025] [::1]:51684 [200]: POST /profile.php
[Mon Jul 14 22:26:53 2025] [::1]:51684 Closing
[Mon Jul 14 22:26:53 2025] [::1]:51685 Accepted
[Mon Jul 14 22:26:53 2025] [::1]:51685 [302]: POST /
[Mon Jul 14 22:26:53 2025] [::1]:51685 Closing
[Mon Jul 14 22:26:53 2025] [::1]:51686 Accepted
[Mon Jul 14 22:26:53 2025] [::1]:51686 [200]: GET /dashboard.php
[Mon Jul 14 22:26:53 2025] [::1]:51686 Closing
[Mon Jul 14 22:26:53 2025] [::1]:51687 Accepted
[Mon Jul 14 22:26:53 2025] [::1]:51687 [200]: GET /dashboard.php
[Mon Jul 14 22:26:53 2025] [::1]:51687 Closing
[Mon Jul 14 22:26:53 2025] [::1]:51688 Accepted
[Mon Jul 14 22:26:53 2025] [::1]:51688 [302]: POST /
[Mon Jul 14 22:26:53 2025] [::1]:51688 Closing
[Mon Jul 14 22:26:53 2025] [::1]:51689 Accepted
[Mon Jul 14 22:26:53 2025] [::1]:51689 [200]: GET /dashboard.php
[Mon Jul 14 22:26:53 2025] [::1]:51689 Closing
[Mon Jul 14 22:26:53 2025] [::1]:51690 Accepted
[Mon Jul 14 22:26:53 2025] [::1]:51690 [200]: POST /contacts.php
[Mon Jul 14 22:26:53 2025] [::1]:51690 Closing
[Mon Jul 14 22:26:53 2025] [::1]:51691 Accepted
[Mon Jul 14 22:26:54 2025] [::1]:51691 [200]: POST /contacts.php
[Mon Jul 14 22:26:54 2025] [::1]:51691 Closing
[Mon Jul 14 22:26:54 2025] [::1]:51692 Accepted
[Mon Jul 14 22:26:54 2025] [::1]:51692 [200]: POST /contacts.php
[Mon Jul 14 22:26:54 2025] [::1]:51692 Closing
[Mon Jul 14 22:26:54 2025] [::1]:51693 Accepted
[Mon Jul 14 22:26:54 2025] [::1]:51693 [302]: POST /
[Mon Jul 14 22:26:54 2025] [::1]:51693 Closing
[Mon Jul 14 22:26:54 2025] [::1]:51694 Accepted
[Mon Jul 14 22:26:54 2025] [::1]:51694 [200]: GET /dashboard.php
[Mon Jul 14 22:26:54 2025] [::1]:51694 Closing
[Mon Jul 14 22:26:54 2025] [::1]:51695 Accepted
[Mon Jul 14 22:26:54 2025] [::1]:51695 [200]: GET /contacts.php
[Mon Jul 14 22:26:54 2025] [::1]:51695 Closing
[Mon Jul 14 22:26:54 2025] [::1]:51696 Accepted
[Mon Jul 14 22:26:54 2025] [::1]:51696 [302]: POST /
[Mon Jul 14 22:26:54 2025] [::1]:51696 Closing
[Mon Jul 14 22:26:54 2025] [::1]:51697 Accepted
[Mon Jul 14 22:26:54 2025] [::1]:51697 [200]: GET /dashboard.php
[Mon Jul 14 22:26:54 2025] [::1]:51697 Closing
[Mon Jul 14 22:26:54 2025] [::1]:51698 Accepted
[Mon Jul 14 22:26:54 2025] [::1]:51698 [200]: POST /contacts.php
[Mon Jul 14 22:26:54 2025] [::1]:51698 Closing
[Mon Jul 14 22:26:54 2025] [::1]:51699 Accepted
[Mon Jul 14 22:26:54 2025] [::1]:51699 [302]: POST /
[Mon Jul 14 22:26:54 2025] [::1]:51699 Closing
[Mon Jul 14 22:26:54 2025] [::1]:51700 Accepted
[Mon Jul 14 22:26:54 2025] [::1]:51700 [200]: GET /dashboard.php
[Mon Jul 14 22:26:54 2025] [::1]:51700 Closing
[Mon Jul 14 22:26:54 2025] [::1]:51701 Accepted
[Mon Jul 14 22:26:54 2025] [::1]:51701 [200]: POST /contacts.php
[Mon Jul 14 22:26:54 2025] [::1]:51701 Closing
[Mon Jul 14 22:26:54 2025] [::1]:51702 Accepted
[Mon Jul 14 22:26:54 2025] [::1]:51702 [302]: POST /
[Mon Jul 14 22:26:54 2025] [::1]:51702 Closing
[Mon Jul 14 22:26:54 2025] [::1]:51703 Accepted
[Mon Jul 14 22:26:54 2025] [::1]:51703 [200]: GET /dashboard.php
[Mon Jul 14 22:26:54 2025] [::1]:51703 Closing
[Mon Jul 14 22:26:54 2025] [::1]:51704 Accepted
[Mon Jul 14 22:26:54 2025] [::1]:51704 [400]: POST /ajax.php
[Mon Jul 14 22:26:54 2025] [::1]:51704 Closing
[Mon Jul 14 22:26:54 2025] [::1]:51705 Accepted
[Mon Jul 14 22:26:54 2025] [::1]:51705 [400]: POST /ajax.php
[Mon Jul 14 22:26:54 2025] [::1]:51705 Closing
[Mon Jul 14 22:26:54 2025] [::1]:51706 Accepted
[Mon Jul 14 22:26:54 2025] [::1]:51706 [400]: POST /ajax.php
[Mon Jul 14 22:26:54 2025] [::1]:51706 Closing
[Mon Jul 14 22:26:54 2025] [::1]:51707 Accepted
[Mon Jul 14 22:26:54 2025] [::1]:51707 [302]: POST /
[Mon Jul 14 22:26:54 2025] [::1]:51707 Closing
[Mon Jul 14 22:26:54 2025] [::1]:51708 Accepted
[Mon Jul 14 22:26:54 2025] PHP Fatal error:  Uncaught Error: Call to undefined method WhatsApp\Models\Message::getToUserId() in C:\Users\ASUS TUF\OneDrive\Bureau\xml_project\public\dashboard.php:206
Stack trace:
#0 {main}
  thrown in C:\Users\ASUS TUF\OneDrive\Bureau\xml_project\public\dashboard.php on line 206
[Mon Jul 14 22:26:54 2025] [::1]:51708 [200]: GET /dashboard.php - Uncaught Error: Call to undefined method WhatsApp\Models\Message::getToUserId() in C:\Users\ASUS TUF\OneDrive\Bureau\xml_project\public\dashboard.php:206
Stack trace:
#0 {main}
  thrown in C:\Users\ASUS TUF\OneDrive\Bureau\xml_project\public\dashboard.php on line 206
[Mon Jul 14 22:26:54 2025] [::1]:51708 Closing
[Mon Jul 14 22:26:54 2025] [::1]:51709 Accepted
[Mon Jul 14 22:26:54 2025] [::1]:51709 [400]: POST /ajax.php
[Mon Jul 14 22:26:54 2025] [::1]:51709 Closing
[Mon Jul 14 22:26:54 2025] [::1]:51710 Accepted
[Mon Jul 14 22:26:54 2025] [::1]:51710 [302]: POST /
[Mon Jul 14 22:26:54 2025] [::1]:51710 Closing
[Mon Jul 14 22:26:54 2025] [::1]:51711 Accepted
[Mon Jul 14 22:26:54 2025] [::1]:51711 [200]: GET /dashboard.php
[Mon Jul 14 22:26:54 2025] [::1]:51711 Closing
[Mon Jul 14 22:26:54 2025] [::1]:51712 Accepted
[Mon Jul 14 22:26:54 2025] [::1]:51712 [400]: POST /ajax.php
[Mon Jul 14 22:26:54 2025] [::1]:51712 Closing
[Mon Jul 14 22:26:54 2025] [::1]:51713 Accepted
[Mon Jul 14 22:26:54 2025] [::1]:51713 [400]: POST /ajax.php
[Mon Jul 14 22:26:54 2025] [::1]:51713 Closing
[Mon Jul 14 22:26:54 2025] [::1]:51714 Accepted
[Mon Jul 14 22:26:54 2025] [::1]:51714 [400]: POST /ajax.php
[Mon Jul 14 22:26:54 2025] [::1]:51714 Closing
[Mon Jul 14 22:26:54 2025] [::1]:51715 Accepted
[Mon Jul 14 22:26:54 2025] [::1]:51715 [302]: POST /
[Mon Jul 14 22:26:54 2025] [::1]:51715 Closing
[Mon Jul 14 22:26:54 2025] [::1]:51716 Accepted
[Mon Jul 14 22:26:54 2025] [::1]:51716 [200]: GET /dashboard.php
[Mon Jul 14 22:26:54 2025] [::1]:51716 Closing
[Mon Jul 14 22:26:54 2025] [::1]:51717 Accepted
[Mon Jul 14 22:26:54 2025] [::1]:51717 [400]: POST /ajax.php
[Mon Jul 14 22:26:54 2025] [::1]:51717 Closing
[Mon Jul 14 22:26:54 2025] [::1]:51718 Accepted
[Mon Jul 14 22:26:54 2025] [::1]:51718 [302]: POST /
[Mon Jul 14 22:26:54 2025] [::1]:51718 Closing
[Mon Jul 14 22:26:54 2025] [::1]:51719 Accepted
[Mon Jul 14 22:26:54 2025] [::1]:51719 [200]: GET /dashboard.php
[Mon Jul 14 22:26:54 2025] [::1]:51719 Closing
[Mon Jul 14 22:26:54 2025] [::1]:51720 Accepted
[Mon Jul 14 22:26:54 2025] [::1]:51720 [200]: POST /groups.php
[Mon Jul 14 22:26:54 2025] [::1]:51720 Closing
[Mon Jul 14 22:26:54 2025] [::1]:51721 Accepted
[Mon Jul 14 22:26:54 2025] [::1]:51721 [200]: POST /groups.php
[Mon Jul 14 22:26:54 2025] [::1]:51721 Closing
[Mon Jul 14 22:26:54 2025] [::1]:51722 Accepted
[Mon Jul 14 22:26:54 2025] [::1]:51722 [200]: POST /groups.php
[Mon Jul 14 22:26:54 2025] [::1]:51722 Closing
[Mon Jul 14 22:26:54 2025] [::1]:51723 Accepted
[Mon Jul 14 22:26:54 2025] [::1]:51723 [302]: POST /
[Mon Jul 14 22:26:54 2025] [::1]:51723 Closing
[Mon Jul 14 22:26:54 2025] [::1]:51724 Accepted
[Mon Jul 14 22:26:54 2025] [::1]:51724 [200]: GET /dashboard.php
[Mon Jul 14 22:26:54 2025] [::1]:51724 Closing
[Mon Jul 14 22:26:54 2025] [::1]:51725 Accepted
[Mon Jul 14 22:26:54 2025] [::1]:51725 [200]: POST /groups.php
[Mon Jul 14 22:26:54 2025] [::1]:51725 Closing
[Mon Jul 14 22:26:54 2025] [::1]:51726 Accepted
[Mon Jul 14 22:26:54 2025] [::1]:51726 [200]: POST /groups.php
[Mon Jul 14 22:26:54 2025] [::1]:51726 Closing
[Mon Jul 14 22:26:54 2025] [::1]:51727 Accepted
[Mon Jul 14 22:26:54 2025] [::1]:51727 [302]: POST /
[Mon Jul 14 22:26:54 2025] [::1]:51727 Closing
[Mon Jul 14 22:26:54 2025] [::1]:51728 Accepted
[Mon Jul 14 22:26:54 2025] [::1]:51728 [200]: GET /dashboard.php
[Mon Jul 14 22:26:54 2025] [::1]:51728 Closing
[Mon Jul 14 22:26:54 2025] [::1]:51729 Accepted
[Mon Jul 14 22:26:54 2025] [::1]:51729 [400]: POST /ajax.php
[Mon Jul 14 22:26:54 2025] [::1]:51729 Closing
[Mon Jul 14 22:26:54 2025] [::1]:51730 Accepted
[Mon Jul 14 22:26:54 2025] [::1]:51730 [400]: POST /ajax.php
[Mon Jul 14 22:26:54 2025] [::1]:51730 Closing
[Mon Jul 14 22:26:54 2025] [::1]:51731 Accepted
[Mon Jul 14 22:26:54 2025] [::1]:51731 [400]: POST /ajax.php
[Mon Jul 14 22:26:54 2025] [::1]:51731 Closing
[Mon Jul 14 22:26:54 2025] [::1]:51732 Accepted
[Mon Jul 14 22:26:54 2025] [::1]:51732 [302]: POST /
[Mon Jul 14 22:26:54 2025] [::1]:51732 Closing
[Mon Jul 14 22:26:54 2025] [::1]:51733 Accepted
[Mon Jul 14 22:26:54 2025] [::1]:51733 [200]: GET /dashboard.php
[Mon Jul 14 22:26:54 2025] [::1]:51733 Closing
[Mon Jul 14 22:26:54 2025] [::1]:51734 Accepted
[Mon Jul 14 22:26:54 2025] [::1]:51734 [200]: POST /groups.php
[Mon Jul 14 22:26:54 2025] [::1]:51734 Closing
[Mon Jul 14 22:26:54 2025] [::1]:51735 Accepted
[Mon Jul 14 22:26:54 2025] [::1]:51735 [302]: POST /
[Mon Jul 14 22:26:54 2025] [::1]:51735 Closing
[Mon Jul 14 22:26:54 2025] [::1]:51736 Accepted
[Mon Jul 14 22:26:54 2025] [::1]:51736 [200]: GET /dashboard.php
[Mon Jul 14 22:26:54 2025] [::1]:51736 Closing
[Mon Jul 14 22:26:54 2025] [::1]:51737 Accepted
[Mon Jul 14 22:26:54 2025] [::1]:51737 [200]: GET /dashboard.php
[Mon Jul 14 22:26:54 2025] [::1]:51737 Closing
[Mon Jul 14 22:26:54 2025] [::1]:51738 Accepted
[Mon Jul 14 22:26:54 2025] [::1]:51738 [302]: POST /
[Mon Jul 14 22:26:54 2025] [::1]:51738 Closing
[Mon Jul 14 22:26:54 2025] [::1]:51739 Accepted
[Mon Jul 14 22:26:54 2025] [::1]:51739 [200]: GET /dashboard.php
[Mon Jul 14 22:26:54 2025] [::1]:51739 Closing
[Mon Jul 14 22:26:54 2025] [::1]:51740 Accepted
[Mon Jul 14 22:26:54 2025] [::1]:51740 [200]: GET /dashboard.php
[Mon Jul 14 22:26:54 2025] [::1]:51740 Closing
[Mon Jul 14 22:26:54 2025] [::1]:51741 Accepted
[Mon Jul 14 22:26:54 2025] [::1]:51741 [200]: GET /contacts.php
[Mon Jul 14 22:26:54 2025] [::1]:51741 Closing
[Mon Jul 14 22:26:54 2025] [::1]:51742 Accepted
[Mon Jul 14 22:26:55 2025] [::1]:51742 [200]: GET /groups.php
[Mon Jul 14 22:26:55 2025] [::1]:51742 Closing
[Mon Jul 14 22:26:55 2025] [::1]:51743 Accepted
[Mon Jul 14 22:26:55 2025] [::1]:51743 [200]: GET /chat.php
[Mon Jul 14 22:26:55 2025] [::1]:51743 Closing
[Mon Jul 14 22:26:55 2025] [::1]:51744 Accepted
[Mon Jul 14 22:26:55 2025] [::1]:51744 [200]: GET /profile.php
[Mon Jul 14 22:26:55 2025] [::1]:51744 Closing
[Mon Jul 14 22:26:55 2025] [::1]:51745 Accepted
[Mon Jul 14 22:26:55 2025] [::1]:51745 [200]: GET /assets/css/style.css
[Mon Jul 14 22:26:55 2025] [::1]:51745 Closing
[Mon Jul 14 22:26:55 2025] [::1]:51746 Accepted
[Mon Jul 14 22:26:55 2025] [::1]:51746 [200]: GET /assets/js/app.js
[Mon Jul 14 22:26:55 2025] [::1]:51746 Closing
[Mon Jul 14 22:26:55 2025] [::1]:51747 Accepted
[Mon Jul 14 22:26:55 2025] [::1]:51747 [200]: GET /dashboard.php
[Mon Jul 14 22:26:55 2025] [::1]:51747 Closing
[Mon Jul 14 22:26:55 2025] [::1]:51748 Accepted
[Mon Jul 14 22:26:55 2025] [::1]:51748 [200]: GET /dashboard.php
[Mon Jul 14 22:26:55 2025] [::1]:51748 Closing
[Mon Jul 14 22:26:55 2025] [::1]:51749 Accepted
[Mon Jul 14 22:26:55 2025] [::1]:51749 [200]: GET /dashboard.php
[Mon Jul 14 22:26:55 2025] [::1]:51749 Closing
[Mon Jul 14 22:26:55 2025] [::1]:51750 Accepted
[Mon Jul 14 22:26:55 2025] [::1]:51750 [200]: GET /dashboard.php
[Mon Jul 14 22:26:55 2025] [::1]:51750 Closing
[Mon Jul 14 22:26:55 2025] [::1]:51751 Accepted
[Mon Jul 14 22:26:55 2025] [::1]:51751 [200]: GET /dashboard.php
[Mon Jul 14 22:26:55 2025] [::1]:51751 Closing
[Mon Jul 14 22:26:55 2025] [::1]:51752 Accepted
[Mon Jul 14 22:26:55 2025] [::1]:51752 [200]: GET /dashboard.php
[Mon Jul 14 22:26:55 2025] [::1]:51752 Closing
[Mon Jul 14 22:26:55 2025] [::1]:51753 Accepted
[Mon Jul 14 22:26:55 2025] [::1]:51753 [200]: GET /dashboard.php
[Mon Jul 14 22:26:55 2025] [::1]:51753 Closing
[Mon Jul 14 22:26:55 2025] [::1]:51754 Accepted
[Mon Jul 14 22:26:55 2025] [::1]:51754 [200]: GET /dashboard.php
[Mon Jul 14 22:26:55 2025] [::1]:51754 Closing
[Mon Jul 14 22:26:55 2025] [::1]:51755 Accepted
[Mon Jul 14 22:26:55 2025] [::1]:51755 [200]: GET /dashboard.php
[Mon Jul 14 22:26:55 2025] [::1]:51755 Closing
[Mon Jul 14 22:26:55 2025] [::1]:51756 Accepted
[Mon Jul 14 22:26:55 2025] [::1]:51756 [200]: GET /dashboard.php
[Mon Jul 14 22:26:55 2025] [::1]:51756 Closing
[Mon Jul 14 22:26:55 2025] [::1]:51757 Accepted
[Mon Jul 14 22:26:55 2025] [::1]:51757 [302]: POST /
[Mon Jul 14 22:26:55 2025] [::1]:51757 Closing
[Mon Jul 14 22:26:55 2025] [::1]:51758 Accepted
[Mon Jul 14 22:26:55 2025] [::1]:51758 [200]: GET /dashboard.php
[Mon Jul 14 22:26:55 2025] [::1]:51758 Closing
[Mon Jul 14 22:26:55 2025] [::1]:51759 Accepted
[Mon Jul 14 22:26:55 2025] [::1]:51759 [200]: GET /dashboard.php
[Mon Jul 14 22:26:55 2025] [::1]:51759 Closing
[Mon Jul 14 22:26:55 2025] [::1]:51760 Accepted
[Mon Jul 14 22:26:55 2025] [::1]:51760 [302]: POST /
[Mon Jul 14 22:26:55 2025] [::1]:51760 Closing
[Mon Jul 14 22:26:55 2025] [::1]:51761 Accepted
[Mon Jul 14 22:26:55 2025] PHP Fatal error:  Uncaught Error: Call to undefined method WhatsApp\Models\Message::getToUserId() in C:\Users\ASUS TUF\OneDrive\Bureau\xml_project\public\dashboard.php:206
Stack trace:
#0 {main}
  thrown in C:\Users\ASUS TUF\OneDrive\Bureau\xml_project\public\dashboard.php on line 206
[Mon Jul 14 22:26:55 2025] [::1]:51761 [200]: GET /dashboard.php - Uncaught Error: Call to undefined method WhatsApp\Models\Message::getToUserId() in C:\Users\ASUS TUF\OneDrive\Bureau\xml_project\public\dashboard.php:206
Stack trace:
#0 {main}
  thrown in C:\Users\ASUS TUF\OneDrive\Bureau\xml_project\public\dashboard.php on line 206
[Mon Jul 14 22:26:55 2025] [::1]:51761 Closing
[Mon Jul 14 22:26:55 2025] [::1]:51762 Accepted
[Mon Jul 14 22:26:55 2025] PHP Fatal error:  Uncaught Error: Call to undefined method WhatsApp\Models\Message::getToUserId() in C:\Users\ASUS TUF\OneDrive\Bureau\xml_project\public\dashboard.php:206
Stack trace:
#0 {main}
  thrown in C:\Users\ASUS TUF\OneDrive\Bureau\xml_project\public\dashboard.php on line 206
[Mon Jul 14 22:26:55 2025] [::1]:51762 [200]: GET /dashboard.php - Uncaught Error: Call to undefined method WhatsApp\Models\Message::getToUserId() in C:\Users\ASUS TUF\OneDrive\Bureau\xml_project\public\dashboard.php:206
Stack trace:
#0 {main}
  thrown in C:\Users\ASUS TUF\OneDrive\Bureau\xml_project\public\dashboard.php on line 206
[Mon Jul 14 22:26:55 2025] [::1]:51762 Closing
[Mon Jul 14 22:26:55 2025] [::1]:51763 Accepted
[Mon Jul 14 22:26:55 2025] [::1]:51763 [302]: POST /
[Mon Jul 14 22:26:55 2025] [::1]:51763 Closing
[Mon Jul 14 22:26:55 2025] [::1]:51764 Accepted
[Mon Jul 14 22:26:55 2025] [::1]:51764 [200]: GET /dashboard.php
[Mon Jul 14 22:26:55 2025] [::1]:51764 Closing
[Mon Jul 14 22:26:55 2025] [::1]:51765 Accepted
[Mon Jul 14 22:26:55 2025] [::1]:51765 [200]: GET /dashboard.php
[Mon Jul 14 22:26:55 2025] [::1]:51765 Closing
[Mon Jul 14 22:26:55 2025] [::1]:51766 Accepted
[Mon Jul 14 22:26:55 2025] [::1]:51766 [200]: GET /dashboard.php
[Mon Jul 14 22:26:55 2025] [::1]:51766 Closing
[Mon Jul 14 22:26:55 2025] [::1]:51767 Accepted
[Mon Jul 14 22:26:55 2025] [::1]:51767 [200]: GET /dashboard.php
[Mon Jul 14 22:26:55 2025] [::1]:51767 Closing
[Mon Jul 14 22:26:55 2025] [::1]:51768 Accepted
[Mon Jul 14 22:26:55 2025] [::1]:51768 [200]: GET /dashboard.php
[Mon Jul 14 22:26:55 2025] [::1]:51768 Closing
[Mon Jul 14 22:26:55 2025] [::1]:51769 Accepted
[Mon Jul 14 22:26:55 2025] [::1]:51769 [200]: GET /dashboard.php
[Mon Jul 14 22:26:55 2025] [::1]:51769 Closing
[Mon Jul 14 22:26:55 2025] [::1]:51770 Accepted
[Mon Jul 14 22:26:55 2025] [::1]:51770 [200]: GET /dashboard.php
[Mon Jul 14 22:26:55 2025] [::1]:51770 Closing
[Mon Jul 14 22:26:55 2025] [::1]:51771 Accepted
[Mon Jul 14 22:26:55 2025] [::1]:51771 [302]: POST /
[Mon Jul 14 22:26:55 2025] [::1]:51771 Closing
[Mon Jul 14 22:26:55 2025] [::1]:51772 Accepted
[Mon Jul 14 22:26:55 2025] [::1]:51772 [200]: GET /dashboard.php
[Mon Jul 14 22:26:55 2025] [::1]:51772 Closing
[Mon Jul 14 22:26:55 2025] [::1]:51773 Accepted
[Mon Jul 14 22:26:55 2025] [::1]:51773 [400]: POST /ajax.php
[Mon Jul 14 22:26:55 2025] [::1]:51773 Closing
[Mon Jul 14 22:26:55 2025] [::1]:51774 Accepted
[Mon Jul 14 22:26:55 2025] [::1]:51774 [302]: POST /
[Mon Jul 14 22:26:55 2025] [::1]:51774 Closing
[Mon Jul 14 22:26:55 2025] [::1]:51775 Accepted
[Mon Jul 14 22:26:55 2025] [::1]:51775 [200]: GET /dashboard.php
[Mon Jul 14 22:26:55 2025] [::1]:51775 Closing
[Mon Jul 14 22:26:55 2025] [::1]:51776 Accepted
[Mon Jul 14 22:26:55 2025] [::1]:51776 [302]: POST /
[Mon Jul 14 22:26:55 2025] [::1]:51776 Closing
[Mon Jul 14 22:26:55 2025] [::1]:51777 Accepted
[Mon Jul 14 22:26:55 2025] [::1]:51777 [200]: GET /dashboard.php
[Mon Jul 14 22:26:55 2025] [::1]:51777 Closing
[Mon Jul 14 22:26:55 2025] [::1]:51778 Accepted
[Mon Jul 14 22:26:55 2025] [::1]:51778 [302]: POST /
[Mon Jul 14 22:26:55 2025] [::1]:51778 Closing
[Mon Jul 14 22:26:55 2025] [::1]:51779 Accepted
[Mon Jul 14 22:26:55 2025] [::1]:51779 [200]: GET /dashboard.php
[Mon Jul 14 22:26:55 2025] [::1]:51779 Closing
[Mon Jul 14 22:26:55 2025] [::1]:51780 Accepted
[Mon Jul 14 22:26:55 2025] [::1]:51780 [200]: GET /dashboard.php
[Mon Jul 14 22:26:55 2025] [::1]:51780 Closing
[Mon Jul 14 22:26:55 2025] [::1]:51781 Accepted
[Mon Jul 14 22:26:55 2025] [::1]:51781 [404]: GET /nonexistent.php - No such file or directory
[Mon Jul 14 22:26:55 2025] [::1]:51781 Closing
[Mon Jul 14 22:26:55 2025] [::1]:51782 Accepted
[Mon Jul 14 22:26:55 2025] [::1]:51782 [400]: POST /ajax.php
[Mon Jul 14 22:26:55 2025] [::1]:51782 Closing
[Mon Jul 14 22:26:55 2025] [::1]:51783 Accepted
[Mon Jul 14 22:26:55 2025] [::1]:51783 [302]: POST /
[Mon Jul 14 22:26:55 2025] [::1]:51783 Closing
[Mon Jul 14 22:26:55 2025] [::1]:51784 Accepted
[Mon Jul 14 22:26:55 2025] [::1]:51784 [200]: GET /dashboard.php
[Mon Jul 14 22:26:55 2025] [::1]:51784 Closing
[Mon Jul 14 22:26:55 2025] [::1]:51785 Accepted
[Mon Jul 14 22:26:55 2025] [::1]:51785 [400]: POST /ajax.php
[Mon Jul 14 22:26:55 2025] [::1]:51785 Closing
[Mon Jul 14 22:26:55 2025] [::1]:51786 Accepted
[Mon Jul 14 22:26:56 2025] [::1]:51786 [302]: POST /
[Mon Jul 14 22:26:56 2025] [::1]:51786 Closing
[Mon Jul 14 22:26:56 2025] [::1]:51787 Accepted
[Mon Jul 14 22:26:56 2025] [::1]:51787 [200]: GET /dashboard.php
[Mon Jul 14 22:26:56 2025] [::1]:51787 Closing
[Mon Jul 14 22:26:56 2025] [::1]:51788 Accepted
[Mon Jul 14 22:26:56 2025] [::1]:51788 [400]: POST /ajax.php
[Mon Jul 14 22:26:56 2025] [::1]:51788 Closing
[Mon Jul 14 22:26:56 2025] [::1]:51789 Accepted
[Mon Jul 14 22:26:56 2025] [::1]:51789 [200]: GET /
[Mon Jul 14 22:26:56 2025] [::1]:51789 Closing
[Mon Jul 14 22:26:56 2025] [::1]:51790 Accepted
[Mon Jul 14 22:26:56 2025] [::1]:51790 [200]: GET /
[Mon Jul 14 22:26:56 2025] [::1]:51790 Closing
[Mon Jul 14 22:26:56 2025] [::1]:51791 Accepted
[Mon Jul 14 22:26:56 2025] [::1]:51791 [200]: GET /
[Mon Jul 14 22:26:56 2025] [::1]:51791 Closing
[Mon Jul 14 22:26:56 2025] [::1]:51792 Accepted
[Mon Jul 14 22:26:56 2025] [::1]:51792 [302]: GET /dashboard.php
[Mon Jul 14 22:26:56 2025] [::1]:51792 Closing
[Mon Jul 14 22:26:56 2025] [::1]:51793 Accepted
[Mon Jul 14 22:26:56 2025] [::1]:51793 [200]: GET /index.php
[Mon Jul 14 22:26:56 2025] [::1]:51793 Closing
[Mon Jul 14 22:26:56 2025] [::1]:51794 Accepted
[Mon Jul 14 22:26:56 2025] [::1]:51794 [302]: GET /contacts.php
[Mon Jul 14 22:26:56 2025] [::1]:51794 Closing
[Mon Jul 14 22:26:56 2025] [::1]:51795 Accepted
[Mon Jul 14 22:26:56 2025] [::1]:51795 [200]: GET /index.php
[Mon Jul 14 22:26:56 2025] [::1]:51795 Closing
[Mon Jul 14 22:26:56 2025] [::1]:51796 Accepted
[Mon Jul 14 22:26:56 2025] [::1]:51796 [302]: GET /groups.php
[Mon Jul 14 22:26:56 2025] [::1]:51796 Closing
[Mon Jul 14 22:26:56 2025] [::1]:51797 Accepted
[Mon Jul 14 22:26:56 2025] [::1]:51797 [200]: GET /index.php
[Mon Jul 14 22:26:56 2025] [::1]:51797 Closing
[Mon Jul 14 22:26:56 2025] [::1]:51798 Accepted
[Mon Jul 14 22:26:56 2025] [::1]:51798 [302]: GET /chat.php
[Mon Jul 14 22:26:56 2025] [::1]:51798 Closing
[Mon Jul 14 22:26:56 2025] [::1]:51799 Accepted
[Mon Jul 14 22:26:56 2025] [::1]:51799 [200]: GET /index.php
[Mon Jul 14 22:26:56 2025] [::1]:51799 Closing
[Mon Jul 14 22:26:56 2025] [::1]:51800 Accepted
[Mon Jul 14 22:26:56 2025] [::1]:51800 [302]: GET /profile.php
[Mon Jul 14 22:26:56 2025] [::1]:51800 Closing
[Mon Jul 14 22:26:56 2025] [::1]:51801 Accepted
[Mon Jul 14 22:26:56 2025] [::1]:51801 [200]: GET /index.php
[Mon Jul 14 22:26:56 2025] [::1]:51801 Closing
[Mon Jul 14 22:26:56 2025] [::1]:51802 Accepted
[Mon Jul 14 22:26:56 2025] [::1]:51802 [200]: GET /assets/css/style.css
[Mon Jul 14 22:26:56 2025] [::1]:51802 Closing
[Mon Jul 14 22:26:56 2025] [::1]:51803 Accepted
[Mon Jul 14 22:26:56 2025] [::1]:51803 [200]: GET /assets/js/app.js
[Mon Jul 14 22:26:56 2025] [::1]:51803 Closing
[Mon Jul 14 22:26:56 2025] [::1]:51804 Accepted
[Mon Jul 14 22:26:56 2025] [::1]:51804 [200]: POST /
[Mon Jul 14 22:26:56 2025] [::1]:51804 Closing
[Mon Jul 14 22:26:56 2025] [::1]:51805 Accepted
[Mon Jul 14 22:26:56 2025] [::1]:51805 [200]: POST /
[Mon Jul 14 22:26:56 2025] [::1]:51805 Closing
[Mon Jul 14 22:26:56 2025] [::1]:51806 Accepted
[Mon Jul 14 22:26:56 2025] [::1]:51806 [200]: POST /
[Mon Jul 14 22:26:56 2025] [::1]:51806 Closing
[Mon Jul 14 22:26:56 2025] [::1]:51807 Accepted
[Mon Jul 14 22:26:56 2025] [::1]:51807 [200]: POST /
[Mon Jul 14 22:26:56 2025] [::1]:51807 Closing
[Mon Jul 14 22:26:56 2025] [::1]:51808 Accepted
[Mon Jul 14 22:26:56 2025] [::1]:51808 [200]: POST /
[Mon Jul 14 22:26:56 2025] [::1]:51808 Closing
[Mon Jul 14 22:26:56 2025] [::1]:51809 Accepted
[Mon Jul 14 22:26:56 2025] [::1]:51809 [200]: POST /
[Mon Jul 14 22:26:56 2025] [::1]:51809 Closing
[Mon Jul 14 22:26:56 2025] [::1]:51810 Accepted
[Mon Jul 14 22:26:56 2025] [::1]:51810 [200]: POST /
[Mon Jul 14 22:26:56 2025] [::1]:51810 Closing
[Mon Jul 14 22:26:56 2025] [::1]:51811 Accepted
[Mon Jul 14 22:26:56 2025] [::1]:51811 [200]: POST /
[Mon Jul 14 22:26:56 2025] [::1]:51811 Closing
[Mon Jul 14 22:26:56 2025] [::1]:51812 Accepted
[Mon Jul 14 22:26:56 2025] [::1]:51812 [200]: POST /
[Mon Jul 14 22:26:56 2025] [::1]:51812 Closing
[Mon Jul 14 22:26:56 2025] [::1]:51813 Accepted
[Mon Jul 14 22:26:56 2025] [::1]:51813 [200]: POST /
[Mon Jul 14 22:26:56 2025] [::1]:51813 Closing
[Mon Jul 14 22:26:56 2025] [::1]:51814 Accepted
[Mon Jul 14 22:26:56 2025] [::1]:51814 [302]: POST /
[Mon Jul 14 22:26:56 2025] [::1]:51814 Closing
[Mon Jul 14 22:26:56 2025] [::1]:51815 Accepted
[Mon Jul 14 22:26:56 2025] [::1]:51815 [200]: GET /dashboard.php
[Mon Jul 14 22:26:56 2025] [::1]:51815 Closing
[Mon Jul 14 22:26:56 2025] [::1]:51816 Accepted
[Mon Jul 14 22:26:56 2025] [::1]:51816 [302]: POST /
[Mon Jul 14 22:26:56 2025] [::1]:51816 Closing
[Mon Jul 14 22:26:56 2025] [::1]:51817 Accepted
[Mon Jul 14 22:26:56 2025] [::1]:51817 [200]: GET /index.php
[Mon Jul 14 22:26:56 2025] [::1]:51817 Closing
[Mon Jul 14 22:26:56 2025] [::1]:51818 Accepted
[Mon Jul 14 22:26:56 2025] [::1]:51818 [200]: POST /
[Mon Jul 14 22:26:56 2025] [::1]:51818 Closing
[Mon Jul 14 22:26:56 2025] [::1]:51819 Accepted
[Mon Jul 14 22:26:56 2025] [::1]:51819 [200]: POST /
[Mon Jul 14 22:26:56 2025] [::1]:51819 Closing
[Mon Jul 14 22:26:56 2025] [::1]:51820 Accepted
[Mon Jul 14 22:26:56 2025] [::1]:51820 [302]: POST /
[Mon Jul 14 22:26:56 2025] [::1]:51820 Closing
[Mon Jul 14 22:26:56 2025] [::1]:51821 Accepted
[Mon Jul 14 22:26:56 2025] [::1]:51821 [200]: GET /dashboard.php
[Mon Jul 14 22:26:56 2025] [::1]:51821 Closing
[Mon Jul 14 22:26:56 2025] [::1]:51822 Accepted
[Mon Jul 14 22:26:56 2025] [::1]:51822 [200]: GET /profile.php
[Mon Jul 14 22:26:56 2025] [::1]:51822 Closing
[Mon Jul 14 22:26:56 2025] [::1]:51823 Accepted
[Mon Jul 14 22:26:56 2025] [::1]:51823 [302]: POST /
[Mon Jul 14 22:26:56 2025] [::1]:51823 Closing
[Mon Jul 14 22:26:56 2025] [::1]:51824 Accepted
[Mon Jul 14 22:26:56 2025] [::1]:51824 [200]: GET /dashboard.php
[Mon Jul 14 22:26:56 2025] [::1]:51824 Closing
[Mon Jul 14 22:26:56 2025] [::1]:51825 Accepted
[Mon Jul 14 22:26:56 2025] [::1]:51825 [200]: POST /profile.php
[Mon Jul 14 22:26:56 2025] [::1]:51825 Closing
[Mon Jul 14 22:26:56 2025] [::1]:51826 Accepted
[Mon Jul 14 22:26:56 2025] [::1]:51826 [302]: POST /
[Mon Jul 14 22:26:56 2025] [::1]:51826 Closing
[Mon Jul 14 22:26:56 2025] [::1]:51827 Accepted
[Mon Jul 14 22:26:56 2025] [::1]:51827 [200]: GET /dashboard.php
[Mon Jul 14 22:26:56 2025] [::1]:51827 Closing
[Mon Jul 14 22:26:56 2025] [::1]:51828 Accepted
[Mon Jul 14 22:26:56 2025] [::1]:51828 [200]: GET /dashboard.php
[Mon Jul 14 22:26:56 2025] [::1]:51828 Closing
[Mon Jul 14 22:26:56 2025] [::1]:51829 Accepted
[Mon Jul 14 22:26:56 2025] [::1]:51829 [302]: POST /
[Mon Jul 14 22:26:56 2025] [::1]:51829 Closing
[Mon Jul 14 22:26:56 2025] [::1]:51830 Accepted
[Mon Jul 14 22:26:56 2025] [::1]:51830 [200]: GET /dashboard.php
[Mon Jul 14 22:26:56 2025] [::1]:51830 Closing
[Mon Jul 14 22:26:56 2025] [::1]:51831 Accepted
[Mon Jul 14 22:26:56 2025] [::1]:51831 [200]: POST /contacts.php
[Mon Jul 14 22:26:56 2025] [::1]:51831 Closing
[Mon Jul 14 22:26:56 2025] [::1]:51832 Accepted
[Mon Jul 14 22:26:56 2025] [::1]:51832 [200]: POST /contacts.php
[Mon Jul 14 22:26:56 2025] [::1]:51832 Closing
[Mon Jul 14 22:26:56 2025] [::1]:51833 Accepted
[Mon Jul 14 22:26:56 2025] [::1]:51833 [200]: POST /contacts.php
[Mon Jul 14 22:26:56 2025] [::1]:51833 Closing
[Mon Jul 14 22:26:56 2025] [::1]:51834 Accepted
[Mon Jul 14 22:26:56 2025] [::1]:51834 [302]: POST /
[Mon Jul 14 22:26:56 2025] [::1]:51834 Closing
[Mon Jul 14 22:26:56 2025] [::1]:51835 Accepted
[Mon Jul 14 22:26:56 2025] [::1]:51835 [200]: GET /dashboard.php
[Mon Jul 14 22:26:56 2025] [::1]:51835 Closing
[Mon Jul 14 22:26:56 2025] [::1]:51836 Accepted
[Mon Jul 14 22:26:56 2025] [::1]:51836 [200]: GET /contacts.php
[Mon Jul 14 22:26:56 2025] [::1]:51836 Closing
[Mon Jul 14 22:26:56 2025] [::1]:51837 Accepted
[Mon Jul 14 22:26:56 2025] [::1]:51837 [302]: POST /
[Mon Jul 14 22:26:56 2025] [::1]:51837 Closing
[Mon Jul 14 22:26:56 2025] [::1]:51838 Accepted
[Mon Jul 14 22:26:57 2025] [::1]:51838 [200]: GET /dashboard.php
[Mon Jul 14 22:26:57 2025] [::1]:51838 Closing
[Mon Jul 14 22:26:57 2025] [::1]:51839 Accepted
[Mon Jul 14 22:26:57 2025] [::1]:51839 [200]: POST /contacts.php
[Mon Jul 14 22:26:57 2025] [::1]:51839 Closing
[Mon Jul 14 22:26:57 2025] [::1]:51840 Accepted
[Mon Jul 14 22:26:57 2025] [::1]:51840 [302]: POST /
[Mon Jul 14 22:26:57 2025] [::1]:51840 Closing
[Mon Jul 14 22:26:57 2025] [::1]:51841 Accepted
[Mon Jul 14 22:26:57 2025] [::1]:51841 [200]: GET /dashboard.php
[Mon Jul 14 22:26:57 2025] [::1]:51841 Closing
[Mon Jul 14 22:26:57 2025] [::1]:51842 Accepted
[Mon Jul 14 22:26:57 2025] [::1]:51842 [200]: POST /contacts.php
[Mon Jul 14 22:26:57 2025] [::1]:51842 Closing
[Mon Jul 14 22:26:57 2025] [::1]:51843 Accepted
[Mon Jul 14 22:26:57 2025] [::1]:51843 [302]: POST /
[Mon Jul 14 22:26:57 2025] [::1]:51843 Closing
[Mon Jul 14 22:26:57 2025] [::1]:51844 Accepted
[Mon Jul 14 22:26:57 2025] [::1]:51844 [200]: GET /dashboard.php
[Mon Jul 14 22:26:57 2025] [::1]:51844 Closing
[Mon Jul 14 22:26:57 2025] [::1]:51845 Accepted
[Mon Jul 14 22:26:57 2025] [::1]:51845 [400]: POST /ajax.php
[Mon Jul 14 22:26:57 2025] [::1]:51845 Closing
[Mon Jul 14 22:26:57 2025] [::1]:51846 Accepted
[Mon Jul 14 22:26:57 2025] [::1]:51846 [400]: POST /ajax.php
[Mon Jul 14 22:26:57 2025] [::1]:51846 Closing
[Mon Jul 14 22:26:57 2025] [::1]:51847 Accepted
[Mon Jul 14 22:26:57 2025] [::1]:51847 [400]: POST /ajax.php
[Mon Jul 14 22:26:57 2025] [::1]:51847 Closing
[Mon Jul 14 22:26:57 2025] [::1]:51848 Accepted
[Mon Jul 14 22:26:57 2025] [::1]:51848 [302]: POST /
[Mon Jul 14 22:26:57 2025] [::1]:51848 Closing
[Mon Jul 14 22:26:57 2025] [::1]:51849 Accepted
[Mon Jul 14 22:26:57 2025] PHP Fatal error:  Uncaught Error: Call to undefined method WhatsApp\Models\Message::getToUserId() in C:\Users\ASUS TUF\OneDrive\Bureau\xml_project\public\dashboard.php:206
Stack trace:
#0 {main}
  thrown in C:\Users\ASUS TUF\OneDrive\Bureau\xml_project\public\dashboard.php on line 206
[Mon Jul 14 22:26:57 2025] [::1]:51849 [200]: GET /dashboard.php - Uncaught Error: Call to undefined method WhatsApp\Models\Message::getToUserId() in C:\Users\ASUS TUF\OneDrive\Bureau\xml_project\public\dashboard.php:206
Stack trace:
#0 {main}
  thrown in C:\Users\ASUS TUF\OneDrive\Bureau\xml_project\public\dashboard.php on line 206
[Mon Jul 14 22:26:57 2025] [::1]:51849 Closing
[Mon Jul 14 22:26:57 2025] [::1]:51850 Accepted
[Mon Jul 14 22:26:57 2025] [::1]:51850 [400]: POST /ajax.php
[Mon Jul 14 22:26:57 2025] [::1]:51850 Closing
[Mon Jul 14 22:26:57 2025] [::1]:51851 Accepted
[Mon Jul 14 22:26:57 2025] [::1]:51851 [302]: POST /
[Mon Jul 14 22:26:57 2025] [::1]:51851 Closing
[Mon Jul 14 22:26:57 2025] [::1]:51852 Accepted
[Mon Jul 14 22:26:57 2025] [::1]:51852 [200]: GET /dashboard.php
[Mon Jul 14 22:26:57 2025] [::1]:51852 Closing
[Mon Jul 14 22:26:57 2025] [::1]:51853 Accepted
[Mon Jul 14 22:26:57 2025] [::1]:51853 [400]: POST /ajax.php
[Mon Jul 14 22:26:57 2025] [::1]:51853 Closing
[Mon Jul 14 22:26:57 2025] [::1]:51854 Accepted
[Mon Jul 14 22:26:57 2025] [::1]:51854 [400]: POST /ajax.php
[Mon Jul 14 22:26:57 2025] [::1]:51854 Closing
[Mon Jul 14 22:26:57 2025] [::1]:51855 Accepted
[Mon Jul 14 22:26:57 2025] [::1]:51855 [400]: POST /ajax.php
[Mon Jul 14 22:26:57 2025] [::1]:51855 Closing
[Mon Jul 14 22:26:57 2025] [::1]:51856 Accepted
[Mon Jul 14 22:26:57 2025] [::1]:51856 [302]: POST /
[Mon Jul 14 22:26:57 2025] [::1]:51856 Closing
[Mon Jul 14 22:26:57 2025] [::1]:51857 Accepted
[Mon Jul 14 22:26:57 2025] [::1]:51857 [200]: GET /dashboard.php
[Mon Jul 14 22:26:57 2025] [::1]:51857 Closing
[Mon Jul 14 22:26:57 2025] [::1]:51858 Accepted
[Mon Jul 14 22:26:57 2025] [::1]:51858 [400]: POST /ajax.php
[Mon Jul 14 22:26:57 2025] [::1]:51858 Closing
[Mon Jul 14 22:26:57 2025] [::1]:51859 Accepted
[Mon Jul 14 22:26:57 2025] [::1]:51859 [302]: POST /
[Mon Jul 14 22:26:57 2025] [::1]:51859 Closing
[Mon Jul 14 22:26:57 2025] [::1]:51860 Accepted
[Mon Jul 14 22:26:57 2025] [::1]:51860 [200]: GET /dashboard.php
[Mon Jul 14 22:26:57 2025] [::1]:51860 Closing
[Mon Jul 14 22:26:57 2025] [::1]:51861 Accepted
[Mon Jul 14 22:26:57 2025] [::1]:51861 [200]: POST /groups.php
[Mon Jul 14 22:26:57 2025] [::1]:51861 Closing
[Mon Jul 14 22:26:57 2025] [::1]:51862 Accepted
[Mon Jul 14 22:26:57 2025] [::1]:51862 [200]: POST /groups.php
[Mon Jul 14 22:26:57 2025] [::1]:51862 Closing
[Mon Jul 14 22:26:57 2025] [::1]:51863 Accepted
[Mon Jul 14 22:26:57 2025] [::1]:51863 [200]: POST /groups.php
[Mon Jul 14 22:26:57 2025] [::1]:51863 Closing
[Mon Jul 14 22:26:57 2025] [::1]:51864 Accepted
[Mon Jul 14 22:26:57 2025] [::1]:51864 [302]: POST /
[Mon Jul 14 22:26:57 2025] [::1]:51864 Closing
[Mon Jul 14 22:26:57 2025] [::1]:51865 Accepted
[Mon Jul 14 22:26:57 2025] [::1]:51865 [200]: GET /dashboard.php
[Mon Jul 14 22:26:57 2025] [::1]:51865 Closing
[Mon Jul 14 22:26:57 2025] [::1]:51866 Accepted
[Mon Jul 14 22:26:57 2025] [::1]:51866 [200]: POST /groups.php
[Mon Jul 14 22:26:57 2025] [::1]:51866 Closing
[Mon Jul 14 22:26:57 2025] [::1]:51867 Accepted
[Mon Jul 14 22:26:57 2025] [::1]:51867 [200]: POST /groups.php
[Mon Jul 14 22:26:57 2025] [::1]:51867 Closing
[Mon Jul 14 22:26:57 2025] [::1]:51868 Accepted
[Mon Jul 14 22:26:57 2025] [::1]:51868 [302]: POST /
[Mon Jul 14 22:26:57 2025] [::1]:51868 Closing
[Mon Jul 14 22:26:57 2025] [::1]:51869 Accepted
[Mon Jul 14 22:26:57 2025] [::1]:51869 [200]: GET /dashboard.php
[Mon Jul 14 22:26:57 2025] [::1]:51869 Closing
[Mon Jul 14 22:26:57 2025] [::1]:51870 Accepted
[Mon Jul 14 22:26:57 2025] [::1]:51870 [400]: POST /ajax.php
[Mon Jul 14 22:26:57 2025] [::1]:51870 Closing
[Mon Jul 14 22:26:57 2025] [::1]:51871 Accepted
[Mon Jul 14 22:26:57 2025] [::1]:51871 [400]: POST /ajax.php
[Mon Jul 14 22:26:57 2025] [::1]:51871 Closing
[Mon Jul 14 22:26:57 2025] [::1]:51872 Accepted
[Mon Jul 14 22:26:57 2025] [::1]:51872 [400]: POST /ajax.php
[Mon Jul 14 22:26:57 2025] [::1]:51872 Closing
[Mon Jul 14 22:26:57 2025] [::1]:51873 Accepted
[Mon Jul 14 22:26:57 2025] [::1]:51873 [302]: POST /
[Mon Jul 14 22:26:57 2025] [::1]:51873 Closing
[Mon Jul 14 22:26:57 2025] [::1]:51874 Accepted
[Mon Jul 14 22:26:57 2025] [::1]:51874 [200]: GET /dashboard.php
[Mon Jul 14 22:26:57 2025] [::1]:51874 Closing
[Mon Jul 14 22:26:57 2025] [::1]:51875 Accepted
[Mon Jul 14 22:26:57 2025] [::1]:51875 [200]: POST /groups.php
[Mon Jul 14 22:26:57 2025] [::1]:51875 Closing
[Mon Jul 14 22:26:57 2025] [::1]:51876 Accepted
[Mon Jul 14 22:26:57 2025] [::1]:51876 [302]: POST /
[Mon Jul 14 22:26:57 2025] [::1]:51876 Closing
[Mon Jul 14 22:26:57 2025] [::1]:51877 Accepted
[Mon Jul 14 22:26:57 2025] [::1]:51877 [200]: GET /dashboard.php
[Mon Jul 14 22:26:57 2025] [::1]:51877 Closing
[Mon Jul 14 22:26:57 2025] [::1]:51878 Accepted
[Mon Jul 14 22:26:57 2025] [::1]:51878 [200]: GET /dashboard.php
[Mon Jul 14 22:26:57 2025] [::1]:51878 Closing
[Mon Jul 14 22:26:57 2025] [::1]:51879 Accepted
[Mon Jul 14 22:26:57 2025] [::1]:51879 [302]: POST /
[Mon Jul 14 22:26:57 2025] [::1]:51879 Closing
[Mon Jul 14 22:26:57 2025] [::1]:51880 Accepted
[Mon Jul 14 22:26:57 2025] [::1]:51880 [200]: GET /dashboard.php
[Mon Jul 14 22:26:57 2025] [::1]:51880 Closing
[Mon Jul 14 22:26:57 2025] [::1]:51881 Accepted
[Mon Jul 14 22:26:57 2025] [::1]:51881 [200]: GET /dashboard.php
[Mon Jul 14 22:26:57 2025] [::1]:51881 Closing
[Mon Jul 14 22:26:57 2025] [::1]:51882 Accepted
[Mon Jul 14 22:26:57 2025] [::1]:51882 [200]: GET /contacts.php
[Mon Jul 14 22:26:57 2025] [::1]:51882 Closing
[Mon Jul 14 22:26:57 2025] [::1]:51883 Accepted
[Mon Jul 14 22:26:57 2025] [::1]:51883 [200]: GET /groups.php
[Mon Jul 14 22:26:57 2025] [::1]:51883 Closing
[Mon Jul 14 22:26:57 2025] [::1]:51884 Accepted
[Mon Jul 14 22:26:57 2025] [::1]:51884 [200]: GET /chat.php
[Mon Jul 14 22:26:57 2025] [::1]:51884 Closing
[Mon Jul 14 22:26:57 2025] [::1]:51885 Accepted
[Mon Jul 14 22:26:57 2025] [::1]:51885 [200]: GET /profile.php
[Mon Jul 14 22:26:57 2025] [::1]:51885 Closing
[Mon Jul 14 22:26:57 2025] [::1]:51886 Accepted
[Mon Jul 14 22:26:57 2025] [::1]:51886 [200]: GET /assets/css/style.css
[Mon Jul 14 22:26:57 2025] [::1]:51886 Closing
[Mon Jul 14 22:26:57 2025] [::1]:51887 Accepted
[Mon Jul 14 22:26:57 2025] [::1]:51887 [200]: GET /assets/js/app.js
[Mon Jul 14 22:26:57 2025] [::1]:51887 Closing
[Mon Jul 14 22:26:57 2025] [::1]:51888 Accepted
[Mon Jul 14 22:26:57 2025] [::1]:51888 [200]: GET /dashboard.php
[Mon Jul 14 22:26:57 2025] [::1]:51888 Closing
[Mon Jul 14 22:26:57 2025] [::1]:51889 Accepted
[Mon Jul 14 22:26:57 2025] [::1]:51889 [200]: GET /dashboard.php
[Mon Jul 14 22:26:57 2025] [::1]:51889 Closing
[Mon Jul 14 22:26:57 2025] [::1]:51890 Accepted
[Mon Jul 14 22:26:57 2025] [::1]:51890 [200]: GET /dashboard.php
[Mon Jul 14 22:26:57 2025] [::1]:51890 Closing
[Mon Jul 14 22:26:57 2025] [::1]:51891 Accepted
[Mon Jul 14 22:26:57 2025] [::1]:51891 [200]: GET /dashboard.php
[Mon Jul 14 22:26:57 2025] [::1]:51891 Closing
[Mon Jul 14 22:26:57 2025] [::1]:51892 Accepted
[Mon Jul 14 22:26:57 2025] [::1]:51892 [200]: GET /dashboard.php
[Mon Jul 14 22:26:57 2025] [::1]:51892 Closing
[Mon Jul 14 22:26:57 2025] [::1]:51893 Accepted
[Mon Jul 14 22:26:58 2025] [::1]:51893 [200]: GET /dashboard.php
[Mon Jul 14 22:26:58 2025] [::1]:51893 Closing
[Mon Jul 14 22:26:58 2025] [::1]:51894 Accepted
[Mon Jul 14 22:26:58 2025] [::1]:51894 [200]: GET /dashboard.php
[Mon Jul 14 22:26:58 2025] [::1]:51894 Closing
[Mon Jul 14 22:26:58 2025] [::1]:51895 Accepted
[Mon Jul 14 22:26:58 2025] [::1]:51895 [200]: GET /dashboard.php
[Mon Jul 14 22:26:58 2025] [::1]:51895 Closing
[Mon Jul 14 22:26:58 2025] [::1]:51896 Accepted
[Mon Jul 14 22:26:58 2025] [::1]:51896 [200]: GET /dashboard.php
[Mon Jul 14 22:26:58 2025] [::1]:51896 Closing
[Mon Jul 14 22:26:58 2025] [::1]:51897 Accepted
[Mon Jul 14 22:26:58 2025] [::1]:51897 [200]: GET /dashboard.php
[Mon Jul 14 22:26:58 2025] [::1]:51897 Closing
[Mon Jul 14 22:26:58 2025] [::1]:51898 Accepted
[Mon Jul 14 22:26:58 2025] [::1]:51898 [302]: POST /
[Mon Jul 14 22:26:58 2025] [::1]:51898 Closing
[Mon Jul 14 22:26:58 2025] [::1]:51899 Accepted
[Mon Jul 14 22:26:58 2025] [::1]:51899 [200]: GET /dashboard.php
[Mon Jul 14 22:26:58 2025] [::1]:51899 Closing
[Mon Jul 14 22:26:58 2025] [::1]:51900 Accepted
[Mon Jul 14 22:26:58 2025] [::1]:51900 [200]: GET /dashboard.php
[Mon Jul 14 22:26:58 2025] [::1]:51900 Closing
[Mon Jul 14 22:26:58 2025] [::1]:51901 Accepted
[Mon Jul 14 22:26:58 2025] [::1]:51901 [302]: POST /
[Mon Jul 14 22:26:58 2025] [::1]:51901 Closing
[Mon Jul 14 22:26:58 2025] [::1]:51902 Accepted
[Mon Jul 14 22:26:58 2025] PHP Fatal error:  Uncaught Error: Call to undefined method WhatsApp\Models\Message::getToUserId() in C:\Users\ASUS TUF\OneDrive\Bureau\xml_project\public\dashboard.php:206
Stack trace:
#0 {main}
  thrown in C:\Users\ASUS TUF\OneDrive\Bureau\xml_project\public\dashboard.php on line 206
[Mon Jul 14 22:26:58 2025] [::1]:51902 [200]: GET /dashboard.php - Uncaught Error: Call to undefined method WhatsApp\Models\Message::getToUserId() in C:\Users\ASUS TUF\OneDrive\Bureau\xml_project\public\dashboard.php:206
Stack trace:
#0 {main}
  thrown in C:\Users\ASUS TUF\OneDrive\Bureau\xml_project\public\dashboard.php on line 206
[Mon Jul 14 22:26:58 2025] [::1]:51902 Closing
[Mon Jul 14 22:26:58 2025] [::1]:51903 Accepted
[Mon Jul 14 22:26:58 2025] PHP Fatal error:  Uncaught Error: Call to undefined method WhatsApp\Models\Message::getToUserId() in C:\Users\ASUS TUF\OneDrive\Bureau\xml_project\public\dashboard.php:206
Stack trace:
#0 {main}
  thrown in C:\Users\ASUS TUF\OneDrive\Bureau\xml_project\public\dashboard.php on line 206
[Mon Jul 14 22:26:58 2025] [::1]:51903 [200]: GET /dashboard.php - Uncaught Error: Call to undefined method WhatsApp\Models\Message::getToUserId() in C:\Users\ASUS TUF\OneDrive\Bureau\xml_project\public\dashboard.php:206
Stack trace:
#0 {main}
  thrown in C:\Users\ASUS TUF\OneDrive\Bureau\xml_project\public\dashboard.php on line 206
[Mon Jul 14 22:26:58 2025] [::1]:51903 Closing
[Mon Jul 14 22:26:58 2025] [::1]:51904 Accepted
[Mon Jul 14 22:26:58 2025] [::1]:51904 [302]: POST /
[Mon Jul 14 22:26:58 2025] [::1]:51904 Closing
[Mon Jul 14 22:26:58 2025] [::1]:51905 Accepted
[Mon Jul 14 22:26:58 2025] [::1]:51905 [200]: GET /dashboard.php
[Mon Jul 14 22:26:58 2025] [::1]:51905 Closing
[Mon Jul 14 22:26:58 2025] [::1]:51906 Accepted
[Mon Jul 14 22:26:58 2025] [::1]:51906 [200]: GET /dashboard.php
[Mon Jul 14 22:26:58 2025] [::1]:51906 Closing
[Mon Jul 14 22:26:58 2025] [::1]:51907 Accepted
[Mon Jul 14 22:26:58 2025] [::1]:51907 [200]: GET /dashboard.php
[Mon Jul 14 22:26:58 2025] [::1]:51907 Closing
[Mon Jul 14 22:26:58 2025] [::1]:51908 Accepted
[Mon Jul 14 22:26:58 2025] [::1]:51908 [200]: GET /dashboard.php
[Mon Jul 14 22:26:58 2025] [::1]:51908 Closing
[Mon Jul 14 22:26:58 2025] [::1]:51909 Accepted
[Mon Jul 14 22:26:58 2025] [::1]:51909 [200]: GET /dashboard.php
[Mon Jul 14 22:26:58 2025] [::1]:51909 Closing
[Mon Jul 14 22:26:58 2025] [::1]:51910 Accepted
[Mon Jul 14 22:26:58 2025] [::1]:51910 [200]: GET /dashboard.php
[Mon Jul 14 22:26:58 2025] [::1]:51910 Closing
[Mon Jul 14 22:26:58 2025] [::1]:51911 Accepted
[Mon Jul 14 22:26:58 2025] [::1]:51911 [200]: GET /dashboard.php
[Mon Jul 14 22:26:58 2025] [::1]:51911 Closing
[Mon Jul 14 22:26:58 2025] [::1]:51912 Accepted
[Mon Jul 14 22:26:58 2025] [::1]:51912 [302]: POST /
[Mon Jul 14 22:26:58 2025] [::1]:51912 Closing
[Mon Jul 14 22:26:58 2025] [::1]:51913 Accepted
[Mon Jul 14 22:26:58 2025] [::1]:51913 [200]: GET /dashboard.php
[Mon Jul 14 22:26:58 2025] [::1]:51913 Closing
[Mon Jul 14 22:26:58 2025] [::1]:51914 Accepted
[Mon Jul 14 22:26:58 2025] [::1]:51914 [400]: POST /ajax.php
[Mon Jul 14 22:26:58 2025] [::1]:51914 Closing
[Mon Jul 14 22:26:58 2025] [::1]:51915 Accepted
[Mon Jul 14 22:26:58 2025] [::1]:51915 [302]: POST /
[Mon Jul 14 22:26:58 2025] [::1]:51915 Closing
[Mon Jul 14 22:26:58 2025] [::1]:51916 Accepted
[Mon Jul 14 22:26:58 2025] [::1]:51916 [200]: GET /dashboard.php
[Mon Jul 14 22:26:58 2025] [::1]:51916 Closing
[Mon Jul 14 22:26:58 2025] [::1]:51917 Accepted
[Mon Jul 14 22:26:58 2025] [::1]:51917 [302]: POST /
[Mon Jul 14 22:26:58 2025] [::1]:51917 Closing
[Mon Jul 14 22:26:58 2025] [::1]:51918 Accepted
[Mon Jul 14 22:26:58 2025] [::1]:51918 [200]: GET /dashboard.php
[Mon Jul 14 22:26:58 2025] [::1]:51918 Closing
[Mon Jul 14 22:26:58 2025] [::1]:51919 Accepted
[Mon Jul 14 22:26:58 2025] [::1]:51919 [302]: POST /
[Mon Jul 14 22:26:58 2025] [::1]:51919 Closing
[Mon Jul 14 22:26:58 2025] [::1]:51920 Accepted
[Mon Jul 14 22:26:58 2025] [::1]:51920 [200]: GET /dashboard.php
[Mon Jul 14 22:26:58 2025] [::1]:51920 Closing
[Mon Jul 14 22:26:58 2025] [::1]:51921 Accepted
[Mon Jul 14 22:26:58 2025] [::1]:51921 [200]: GET /dashboard.php
[Mon Jul 14 22:26:58 2025] [::1]:51921 Closing
[Mon Jul 14 22:26:58 2025] [::1]:51922 Accepted
[Mon Jul 14 22:26:58 2025] [::1]:51922 [404]: GET /nonexistent.php - No such file or directory
[Mon Jul 14 22:26:58 2025] [::1]:51922 Closing
[Mon Jul 14 22:26:58 2025] [::1]:51923 Accepted
[Mon Jul 14 22:26:58 2025] [::1]:51923 [400]: POST /ajax.php
[Mon Jul 14 22:26:58 2025] [::1]:51923 Closing
[Mon Jul 14 22:26:58 2025] [::1]:51924 Accepted
[Mon Jul 14 22:26:58 2025] [::1]:51924 [302]: POST /
[Mon Jul 14 22:26:58 2025] [::1]:51924 Closing
[Mon Jul 14 22:26:58 2025] [::1]:51925 Accepted
[Mon Jul 14 22:26:58 2025] [::1]:51925 [200]: GET /dashboard.php
[Mon Jul 14 22:26:58 2025] [::1]:51925 Closing
[Mon Jul 14 22:26:58 2025] [::1]:51926 Accepted
[Mon Jul 14 22:26:58 2025] [::1]:51926 [400]: POST /ajax.php
[Mon Jul 14 22:26:58 2025] [::1]:51926 Closing
[Mon Jul 14 22:26:58 2025] [::1]:51927 Accepted
[Mon Jul 14 22:26:58 2025] [::1]:51927 [302]: POST /
[Mon Jul 14 22:26:58 2025] [::1]:51927 Closing
[Mon Jul 14 22:26:58 2025] [::1]:51928 Accepted
[Mon Jul 14 22:26:58 2025] [::1]:51928 [200]: GET /dashboard.php
[Mon Jul 14 22:26:58 2025] [::1]:51928 Closing
[Mon Jul 14 22:26:58 2025] [::1]:51929 Accepted
[Mon Jul 14 22:26:58 2025] [::1]:51929 [400]: POST /ajax.php
[Mon Jul 14 22:26:58 2025] [::1]:51929 Closing
[Mon Jul 14 22:29:36 2025] [::1]:52032 Accepted
[Mon Jul 14 22:29:37 2025] [::1]:52032 [200]: GET /chat.php
[Mon Jul 14 22:29:37 2025] [::1]:52032 Closing
[Mon Jul 14 22:29:37 2025] [::1]:52033 Accepted
[Mon Jul 14 22:29:37 2025] [::1]:52034 Accepted
[Mon Jul 14 22:29:37 2025] [::1]:52033 [200]: GET /assets/css/style.css
[Mon Jul 14 22:29:37 2025] [::1]:52034 [200]: GET /assets/js/app.js
[Mon Jul 14 22:29:37 2025] [::1]:52033 Closing
[Mon Jul 14 22:29:37 2025] [::1]:52034 Closing
[Mon Jul 14 22:29:39 2025] [::1]:52035 Accepted
[Mon Jul 14 22:29:40 2025] [::1]:52035 [200]: GET /contacts.php?action=create
[Mon Jul 14 22:29:40 2025] [::1]:52035 Closing
[Mon Jul 14 22:29:40 2025] [::1]:52036 Accepted
[Mon Jul 14 22:29:40 2025] [::1]:52037 Accepted
[Mon Jul 14 22:29:40 2025] [::1]:52036 [200]: GET /assets/css/style.css
[Mon Jul 14 22:29:40 2025] [::1]:52037 [200]: GET /assets/js/app.js
[Mon Jul 14 22:29:40 2025] [::1]:52036 Closing
[Mon Jul 14 22:29:40 2025] [::1]:52037 Closing
[Mon Jul 14 22:29:53 2025] [::1]:52039 Accepted
[Mon Jul 14 22:29:53 2025] [::1]:52039 [200]: POST /contacts.php?action=create
[Mon Jul 14 22:29:53 2025] [::1]:52039 Closing
[Mon Jul 14 22:29:53 2025] [::1]:52040 Accepted
[Mon Jul 14 22:29:53 2025] [::1]:52040 [200]: GET /assets/css/style.css
[Mon Jul 14 22:29:53 2025] [::1]:52040 Closing
[Mon Jul 14 22:29:53 2025] [::1]:52041 Accepted
[Mon Jul 14 22:29:53 2025] [::1]:52041 [200]: GET /assets/js/app.js
[Mon Jul 14 22:29:53 2025] [::1]:52041 Closing
[Mon Jul 14 22:29:58 2025] [::1]:52045 Accepted
[Mon Jul 14 22:29:58 2025] [::1]:52045 [200]: GET /chat.php
[Mon Jul 14 22:29:58 2025] [::1]:52045 Closing
[Mon Jul 14 22:29:58 2025] [::1]:52046 Accepted
[Mon Jul 14 22:29:58 2025] [::1]:52046 [200]: GET /assets/css/style.css
[Mon Jul 14 22:29:58 2025] [::1]:52046 Closing
[Mon Jul 14 22:29:58 2025] [::1]:52047 Accepted
[Mon Jul 14 22:29:58 2025] [::1]:52047 [200]: GET /assets/js/app.js
[Mon Jul 14 22:29:58 2025] [::1]:52047 Closing
[Mon Jul 14 22:30:03 2025] [::1]:52049 Accepted
[Mon Jul 14 22:30:03 2025] [::1]:52049 [200]: GET /chat.php?contact_id=contact_1752531662_687582ce0dfec
[Mon Jul 14 22:30:03 2025] [::1]:52049 Closing
[Mon Jul 14 22:30:03 2025] [::1]:52050 Accepted
[Mon Jul 14 22:30:04 2025] [::1]:52050 [200]: GET /assets/css/style.css
[Mon Jul 14 22:30:04 2025] [::1]:52050 Closing
[Mon Jul 14 22:30:04 2025] [::1]:52051 Accepted
[Mon Jul 14 22:30:04 2025] [::1]:52051 [200]: GET /assets/js/app.js
[Mon Jul 14 22:30:04 2025] [::1]:52051 Closing
[Mon Jul 14 22:30:07 2025] [::1]:52052 Accepted
[Mon Jul 14 22:30:07 2025] [::1]:52052 [400]: GET /ajax.php?action=get_messages&conversation_id=contact_contact_1752531662_687582ce0dfec
[Mon Jul 14 22:30:07 2025] [::1]:52052 Closing
[Mon Jul 14 22:30:10 2025] [::1]:52053 Accepted
[Mon Jul 14 22:30:10 2025] [::1]:52053 [400]: GET /ajax.php?action=get_messages&conversation_id=contact_contact_1752531662_687582ce0dfec
[Mon Jul 14 22:30:10 2025] [::1]:52053 Closing
[Mon Jul 14 22:30:13 2025] [::1]:52059 Accepted
[Mon Jul 14 22:30:13 2025] [::1]:52059 [400]: GET /ajax.php?action=get_messages&conversation_id=contact_contact_1752531662_687582ce0dfec
[Mon Jul 14 22:30:13 2025] [::1]:52059 Closing
[Mon Jul 14 22:30:15 2025] [::1]:52060 Accepted
[Mon Jul 14 22:30:15 2025] [::1]:52060 [200]: GET /contacts.php
[Mon Jul 14 22:30:15 2025] [::1]:52060 Closing
[Mon Jul 14 22:30:15 2025] [::1]:52061 Accepted
[Mon Jul 14 22:30:15 2025] [::1]:52061 [200]: GET /assets/css/style.css
[Mon Jul 14 22:30:15 2025] [::1]:52061 Closing
[Mon Jul 14 22:30:15 2025] [::1]:52062 Accepted
[Mon Jul 14 22:30:15 2025] [::1]:52062 [200]: GET /assets/js/app.js
[Mon Jul 14 22:30:15 2025] [::1]:52062 Closing
[Mon Jul 14 22:30:29 2025] [::1]:52073 Accepted
[Mon Jul 14 22:30:34 2025] [::1]:52073 [302]: GET /index.php?action=logout
[Mon Jul 14 22:30:34 2025] [::1]:52073 Closing
[Mon Jul 14 22:30:34 2025] [::1]:52077 Accepted
[Mon Jul 14 22:30:34 2025] [::1]:52077 [200]: GET /dashboard.php
[Mon Jul 14 22:30:34 2025] [::1]:52077 Closing
[Mon Jul 14 22:30:34 2025] [::1]:52078 Accepted
[Mon Jul 14 22:30:34 2025] [::1]:52078 [200]: GET /assets/css/style.css
[Mon Jul 14 22:30:34 2025] [::1]:52078 Closing
[Mon Jul 14 22:30:34 2025] [::1]:52079 Accepted
[Mon Jul 14 22:30:34 2025] [::1]:52079 [200]: GET /assets/js/app.js
[Mon Jul 14 22:30:34 2025] [::1]:52079 Closing
[Mon Jul 14 22:30:36 2025] [::1]:52080 Accepted
[Mon Jul 14 22:30:40 2025] [::1]:52080 [302]: GET /index.php?action=logout
[Mon Jul 14 22:30:40 2025] [::1]:52080 Closing
[Mon Jul 14 22:30:40 2025] [::1]:52081 Accepted
[Mon Jul 14 22:30:40 2025] [::1]:52081 [200]: GET /dashboard.php
[Mon Jul 14 22:30:40 2025] [::1]:52081 Closing
[Mon Jul 14 22:30:40 2025] [::1]:52082 Accepted
[Mon Jul 14 22:30:40 2025] [::1]:52082 [200]: GET /assets/css/style.css
[Mon Jul 14 22:30:40 2025] [::1]:52082 Closing
[Mon Jul 14 22:30:40 2025] [::1]:52083 Accepted
[Mon Jul 14 22:30:40 2025] [::1]:52083 [200]: GET /assets/js/app.js
[Mon Jul 14 22:30:40 2025] [::1]:52083 Closing
[Mon Jul 14 22:30:44 2025] [::1]:52085 Accepted
[Mon Jul 14 22:30:44 2025] [::1]:52085 [200]: GET /dashboard.php
[Mon Jul 14 22:30:44 2025] [::1]:52085 Closing
[Mon Jul 14 22:30:44 2025] [::1]:52086 Accepted
[Mon Jul 14 22:30:44 2025] [::1]:52086 [200]: GET /assets/css/style.css
[Mon Jul 14 22:30:44 2025] [::1]:52086 Closing
[Mon Jul 14 22:30:44 2025] [::1]:52087 Accepted
[Mon Jul 14 22:30:44 2025] [::1]:52087 [200]: GET /assets/js/app.js
[Mon Jul 14 22:30:44 2025] [::1]:52087 Closing
[Mon Jul 14 22:30:45 2025] [::1]:52088 Accepted
[Mon Jul 14 22:30:45 2025] [::1]:52088 [200]: GET /dashboard.php
[Mon Jul 14 22:30:45 2025] [::1]:52088 Closing
[Mon Jul 14 22:30:45 2025] [::1]:52089 Accepted
[Mon Jul 14 22:30:45 2025] [::1]:52089 [200]: GET /assets/css/style.css
[Mon Jul 14 22:30:45 2025] [::1]:52089 Closing
[Mon Jul 14 22:30:45 2025] [::1]:52090 Accepted
[Mon Jul 14 22:30:45 2025] [::1]:52090 [200]: GET /assets/js/app.js
[Mon Jul 14 22:30:45 2025] [::1]:52090 Closing
[Mon Jul 14 22:30:47 2025] [::1]:52091 Accepted
[Mon Jul 14 22:30:47 2025] [::1]:52091 Closed without sending a request; it was probably just an unused speculative preconnection
[Mon Jul 14 22:30:47 2025] [::1]:52091 Closing
[Mon Jul 14 22:30:49 2025] [::1]:52092 Accepted
[Mon Jul 14 22:30:49 2025] [::1]:52092 [302]: GET /index.php?action=logout
[Mon Jul 14 22:30:49 2025] [::1]:52092 Closing
[Mon Jul 14 22:30:49 2025] [::1]:52093 Accepted
[Mon Jul 14 22:30:49 2025] [::1]:52093 [200]: GET /dashboard.php
[Mon Jul 14 22:30:49 2025] [::1]:52093 Closing
[Mon Jul 14 22:30:49 2025] [::1]:52094 Accepted
[Mon Jul 14 22:30:49 2025] [::1]:52094 [200]: GET /assets/css/style.css
[Mon Jul 14 22:30:49 2025] [::1]:52094 Closing
[Mon Jul 14 22:30:49 2025] [::1]:52095 Accepted
[Mon Jul 14 22:30:49 2025] [::1]:52095 [200]: GET /assets/js/app.js
[Mon Jul 14 22:30:49 2025] [::1]:52095 Closing
[Mon Jul 14 22:31:08 2025] [::1]:52101 Accepted
[Mon Jul 14 22:31:10 2025] [::1]:52101 [302]: GET /index.php?action=logout
[Mon Jul 14 22:31:10 2025] [::1]:52101 Closing
[Mon Jul 14 22:31:10 2025] [::1]:52105 Accepted
[Mon Jul 14 22:31:10 2025] [::1]:52106 Accepted
[Mon Jul 14 22:31:10 2025] [::1]:52105 [200]: GET /dashboard.php
[Mon Jul 14 22:31:10 2025] [::1]:52105 Closing
[Mon Jul 14 22:31:10 2025] [::1]:52106 [200]: GET /assets/css/style.css
[Mon Jul 14 22:31:10 2025] [::1]:52106 Closing
[Mon Jul 14 22:31:10 2025] [::1]:52107 Accepted
[Mon Jul 14 22:31:10 2025] [::1]:52107 [200]: GET /assets/js/app.js
[Mon Jul 14 22:31:10 2025] [::1]:52107 Closing
[Mon Jul 14 22:31:41 2025] [::1]:52111 Accepted
[Mon Jul 14 22:31:41 2025] [::1]:52111 [200]: GET /ajax.php?action=get_stats
[Mon Jul 14 22:31:41 2025] [::1]:52111 Closing
[Mon Jul 14 22:32:11 2025] [::1]:52128 Accepted
[Mon Jul 14 22:32:11 2025] [::1]:52128 [200]: GET /ajax.php?action=get_stats
[Mon Jul 14 22:32:11 2025] [::1]:52128 Closing
[Mon Jul 14 22:32:41 2025] [::1]:52141 Accepted
[Mon Jul 14 22:32:41 2025] [::1]:52141 [200]: GET /ajax.php?action=get_stats
[Mon Jul 14 22:32:41 2025] [::1]:52141 Closing
