[2025-07-15 13:54:26] [INFO] Test d'un message d'information | User: anonymous | IP: unknown | URL: unknown
[2025-07-15 13:54:26] [SUCCESS] Test d'un message de succès | User: anonymous | IP: unknown | URL: unknown
[2025-07-15 13:54:26] [WARNING] Test d'un message d'avertissement | User: anonymous | IP: unknown | URL: unknown
[2025-07-15 13:54:26] [ERROR] Test d'un message d'erreur | User: anonymous | IP: unknown | URL: unknown
[2025-07-15 13:54:26] [DEBUG] Test d'un message de débogage | User: anonymous | IP: unknown | URL: unknown
[2025-07-15 13:54:26] [INFO] Connexion utilisateur | Data: {"user_id":"test_user","ip":"192.168.1.1","timestamp":"2025-07-15 13:54:26"} | User: anonymous | IP: unknown | URL: unknown
[2025-07-15 13:54:26] [ERROR] Erreur de validation | Data: {"field":"email","value":"invalid_email","error_code":"INVALID_FORMAT"} | User: anonymous | IP: unknown | URL: unknown
[2025-07-15 16:08:55.000000] INFO: API call: GET /ajax.php?action=get_stats {"method":"GET","endpoint":"\/ajax.php?action=get_stats","data":{"action":"get_stats"}}
[2025-07-15 16:08:55.000000] DEBUG: XMLManager initialized {"user_id":"admin","user_email":"admin@whatsapp.com","session_id":"rtpbgosqc0g1eoakbtuli1btmu","data_file":"C:\\Users\\ASUS TUF\\OneDrive\\Bureau\\xml_project\/data\/sample_data.xml","schema_file":"C:\\Users\\ASUS TUF\\OneDrive\\Bureau\\xml_project\/schemas\/whatsapp_data.xsd"}
[2025-07-15 16:08:55.000000] DEBUG: UserRepository initialized {"user_id":"admin","user_email":"admin@whatsapp.com","session_id":"rtpbgosqc0g1eoakbtuli1btmu"}
[2025-07-15 16:08:55.000000] INFO: Processing AJAX action {"user_id":"admin","user_email":"admin@whatsapp.com","session_id":"rtpbgosqc0g1eoakbtuli1btmu","action":"get_stats"}
[2025-07-15 16:08:55.000000] WARNING: Unknown API action {"user_id":"admin","user_email":"admin@whatsapp.com","session_id":"rtpbgosqc0g1eoakbtuli1btmu","action":"get_stats"}
[2025-07-15 16:08:55.000000] ERROR: Action non reconnue {"user_id":"admin","user_email":"admin@whatsapp.com","session_id":"rtpbgosqc0g1eoakbtuli1btmu","action":"get_stats","exception":{"class":"Exception","message":"Action non reconnue","code":0,"file":"C:\\Users\\ASUS TUF\\OneDrive\\Bureau\\xml_project\\public\\ajax.php","line":405,"trace":"#0 {main}"}}
[2025-07-15 16:09:32.000000] DEBUG: XMLManager initialized {"data_file":"C:\\Users\\ASUS TUF\\OneDrive\\Bureau\\xml_project\/data\/sample_data.xml","schema_file":"C:\\Users\\ASUS TUF\\OneDrive\\Bureau\\xml_project\/schemas\/whatsapp_data.xsd"}
[2025-07-15 16:09:32.000000] DEBUG: UserRepository initialized 
[2025-07-15 16:09:32.000000] DEBUG: UserRepository initialized 
[2025-07-15 16:09:32.000000] DEBUG: Finding all users {"timers":{"user_find_all":1752588572.182576}}
[2025-07-15 16:09:32.000000] DEBUG: Timer 'xml_load' completed {"timers":{"user_find_all":1752588572.182576,"xml_load":1752588572.183637},"timer":"xml_load","duration_ms":2.23,"duration_s":0.0022}
[2025-07-15 16:09:32.000000] INFO: XML file loaded successfully {"timers":{"user_find_all":1752588572.182576},"file":"C:\\Users\\ASUS TUF\\OneDrive\\Bureau\\xml_project\/data\/sample_data.xml","load_time_ms":2.23,"file_size":17767}
[2025-07-15 16:09:32.000000] DEBUG: User object created from XML {"timers":{"user_find_all":1752588572.182576},"user_id":"bob2025","email":"bob@test.com"}
[2025-07-15 16:09:32.000000] DEBUG: User object created from XML {"timers":{"user_find_all":1752588572.182576},"user_id":"charlie2025","email":"charlie@test.com"}
[2025-07-15 16:09:32.000000] DEBUG: User object created from XML {"timers":{"user_find_all":1752588572.182576},"user_id":"diana2025","email":"diana@test.com"}
[2025-07-15 16:09:32.000000] DEBUG: User object created from XML {"timers":{"user_find_all":1752588572.182576},"user_id":"erik2025","email":"erik@test.com"}
[2025-07-15 16:09:32.000000] DEBUG: User object created from XML {"timers":{"user_find_all":1752588572.182576},"user_id":"user_1752532999_3258","email":"alice@test.com"}
[2025-07-15 16:09:32.000000] DEBUG: User object created from XML {"timers":{"user_find_all":1752588572.182576},"user_id":"admin","email":"admin@whatsapp.com"}
[2025-07-15 16:09:32.000000] DEBUG: User object created from XML {"timers":{"user_find_all":1752588572.182576},"user_id":"demo","email":"demo@whatsapp.com"}
[2025-07-15 16:09:32.000000] DEBUG: User object created from XML {"timers":{"user_find_all":1752588572.182576},"user_id":"test","email":"test@whatsapp.com"}
[2025-07-15 16:09:32.000000] DEBUG: User object created from XML {"timers":{"user_find_all":1752588572.182576},"user_id":"testuser1","email":"testuser1@example.com"}
[2025-07-15 16:09:32.000000] DEBUG: User object created from XML {"timers":{"user_find_all":1752588572.182576},"user_id":"testuser2","email":"testuser2@example.com"}
[2025-07-15 16:09:32.000000] DEBUG: User object created from XML {"timers":{"user_find_all":1752588572.182576},"user_id":"testuser3","email":"testuser3@example.com"}
[2025-07-15 16:09:32.000000] DEBUG: User object created from XML {"timers":{"user_find_all":1752588572.182576},"user_id":"test_user_1","email":"alice@test.com"}
[2025-07-15 16:09:32.000000] DEBUG: User object created from XML {"timers":{"user_find_all":1752588572.182576},"user_id":"test_user_2","email":"bob@test.com"}
[2025-07-15 16:09:32.000000] DEBUG: User object created from XML {"timers":{"user_find_all":1752588572.182576},"user_id":"admin","email":"admin@whatsapp.com"}
[2025-07-15 16:09:32.000000] DEBUG: User object created from XML {"timers":{"user_find_all":1752588572.182576},"user_id":"demo","email":"demo@whatsapp.com"}
[2025-07-15 16:09:32.000000] DEBUG: User object created from XML {"timers":{"user_find_all":1752588572.182576},"user_id":"test","email":"test@whatsapp.com"}
[2025-07-15 16:09:32.000000] DEBUG: User object created from XML {"timers":{"user_find_all":1752588572.182576},"user_id":"alice_sim","email":"alice@simulation.com"}
[2025-07-15 16:09:32.000000] DEBUG: User object created from XML {"timers":{"user_find_all":1752588572.182576},"user_id":"bob_sim","email":"bob@simulation.com"}
[2025-07-15 16:09:32.000000] DEBUG: User object created from XML {"timers":{"user_find_all":1752588572.182576},"user_id":"charlie_sim","email":"charlie@simulation.com"}
[2025-07-15 16:09:32.000000] DEBUG: Timer 'user_find_all' completed {"timers":{"user_find_all":1752588572.182576},"timer":"user_find_all","duration_ms":30.41,"duration_s":0.0304}
[2025-07-15 16:09:32.000000] INFO: All users retrieved {"timers":[],"count":19}
[2025-07-15 16:10:07.000000] DEBUG: XMLManager initialized {"data_file":"C:\\Users\\ASUS TUF\\OneDrive\\Bureau\\xml_project\/data\/sample_data.xml","schema_file":"C:\\Users\\ASUS TUF\\OneDrive\\Bureau\\xml_project\/schemas\/whatsapp_data.xsd"}
[2025-07-15 16:10:07.000000] DEBUG: UserRepository initialized 
[2025-07-15 16:10:07.000000] DEBUG: UserRepository initialized 
[2025-07-15 16:10:07.000000] DEBUG: Finding users by email {"timers":{"user_find_by_email":1752588607.818967},"email":"admin@whatsapp.com"}
[2025-07-15 16:10:07.000000] DEBUG: Timer 'xml_load' completed {"timers":{"user_find_by_email":1752588607.818967,"xml_load":1752588607.819522},"timer":"xml_load","duration_ms":1.31,"duration_s":0.0013}
[2025-07-15 16:10:07.000000] INFO: XML file loaded successfully {"timers":{"user_find_by_email":1752588607.818967},"file":"C:\\Users\\ASUS TUF\\OneDrive\\Bureau\\xml_project\/data\/sample_data.xml","load_time_ms":1.31,"file_size":17767}
[2025-07-15 16:10:07.000000] DEBUG: User object created from XML {"timers":{"user_find_by_email":1752588607.818967},"user_id":"admin","email":"admin@whatsapp.com"}
[2025-07-15 16:10:07.000000] DEBUG: User object created from XML {"timers":{"user_find_by_email":1752588607.818967},"user_id":"admin","email":"admin@whatsapp.com"}
[2025-07-15 16:10:07.000000] DEBUG: Timer 'user_find_by_email' completed {"timers":{"user_find_by_email":1752588607.818967},"timer":"user_find_by_email","duration_ms":8.52,"duration_s":0.0085}
[2025-07-15 16:10:07.000000] INFO: Users found by email {"timers":[],"email":"admin@whatsapp.com","count":2}
[2025-07-15 16:10:07.000000] DEBUG: XMLManager initialized {"data_file":"C:\\Users\\ASUS TUF\\OneDrive\\Bureau\\xml_project\/data\/sample_data.xml","schema_file":"C:\\Users\\ASUS TUF\\OneDrive\\Bureau\\xml_project\/schemas\/whatsapp_data.xsd"}
[2025-07-15 16:10:07.000000] DEBUG: UserRepository initialized 
[2025-07-15 16:10:07.000000] DEBUG: UserRepository initialized 
[2025-07-15 16:10:07.000000] DEBUG: Finding user by ID {"timers":{"user_find_by_id":1752588607.85298},"user_id":"admin"}
[2025-07-15 16:10:07.000000] DEBUG: Timer 'xml_load' completed {"timers":{"user_find_by_id":1752588607.85298,"xml_load":1752588607.853807},"timer":"xml_load","duration_ms":1.36,"duration_s":0.0014}
[2025-07-15 16:10:07.000000] INFO: XML file loaded successfully {"timers":{"user_find_by_id":1752588607.85298},"file":"C:\\Users\\ASUS TUF\\OneDrive\\Bureau\\xml_project\/data\/sample_data.xml","load_time_ms":1.36,"file_size":17767}
[2025-07-15 16:10:07.000000] DEBUG: User object created from XML {"timers":{"user_find_by_id":1752588607.85298},"user_id":"admin","email":"admin@whatsapp.com"}
[2025-07-15 16:10:07.000000] DEBUG: Timer 'user_find_by_id' completed {"timers":{"user_find_by_id":1752588607.85298},"timer":"user_find_by_id","duration_ms":4.28,"duration_s":0.0043}
[2025-07-15 16:10:07.000000] INFO: User found {"timers":[],"user_id":"admin","user_email":"admin@whatsapp.com"}
[2025-07-15 16:10:20.000000] DEBUG: XMLManager initialized {"data_file":"C:\\Users\\ASUS TUF\\OneDrive\\Bureau\\xml_project\/data\/sample_data.xml","schema_file":"C:\\Users\\ASUS TUF\\OneDrive\\Bureau\\xml_project\/schemas\/whatsapp_data.xsd"}
[2025-07-15 16:10:20.000000] DEBUG: UserRepository initialized 
[2025-07-15 16:10:20.000000] DEBUG: Finding user by ID {"timers":{"user_find_by_id":1752588620.837094},"user_id":"admin"}
[2025-07-15 16:10:20.000000] DEBUG: Timer 'xml_load' completed {"timers":{"user_find_by_id":1752588620.837094,"xml_load":1752588620.83772},"timer":"xml_load","duration_ms":1.43,"duration_s":0.0014}
[2025-07-15 16:10:20.000000] INFO: XML file loaded successfully {"timers":{"user_find_by_id":1752588620.837094},"file":"C:\\Users\\ASUS TUF\\OneDrive\\Bureau\\xml_project\/data\/sample_data.xml","load_time_ms":1.43,"file_size":17767}
[2025-07-15 16:10:20.000000] DEBUG: User object created from XML {"timers":{"user_find_by_id":1752588620.837094},"user_id":"admin","email":"admin@whatsapp.com"}
[2025-07-15 16:10:20.000000] DEBUG: Timer 'user_find_by_id' completed {"timers":{"user_find_by_id":1752588620.837094},"timer":"user_find_by_id","duration_ms":4.94,"duration_s":0.0049}
[2025-07-15 16:10:20.000000] INFO: User found {"timers":[],"user_id":"admin","user_email":"admin@whatsapp.com"}
[2025-07-15 16:15:48.000000] INFO: Test started 
[2025-07-15 16:15:48.000000] DEBUG: XMLManager initialized {"data_file":"C:\\Users\\ASUS TUF\\OneDrive\\Bureau\\xml_project\/data\/sample_data.xml","schema_file":"C:\\Users\\ASUS TUF\\OneDrive\\Bureau\\xml_project\/schemas\/whatsapp_data.xsd"}
[2025-07-15 16:15:48.000000] DEBUG: GroupRepository initialized 
[2025-07-15 16:15:48.000000] DEBUG: Finding all groups {"timers":{"group_find_all":1752588948.641369}}
[2025-07-15 16:15:48.000000] DEBUG: Timer 'xml_load' completed {"timers":{"group_find_all":1752588948.641369,"xml_load":1752588948.641835},"timer":"xml_load","duration_ms":0.91,"duration_s":0.0009}
[2025-07-15 16:15:48.000000] INFO: XML file loaded successfully {"timers":{"group_find_all":1752588948.641369},"file":"C:\\Users\\ASUS TUF\\OneDrive\\Bureau\\xml_project\/data\/sample_data.xml","load_time_ms":0.91,"file_size":17767}
[2025-07-15 16:15:48.000000] DEBUG: Group object created from XML {"timers":{"group_find_all":1752588948.641369},"group_id":"group2","member_count":2}
[2025-07-15 16:15:48.000000] DEBUG: Group object created from XML {"timers":{"group_find_all":1752588948.641369},"group_id":"group3","member_count":2}
[2025-07-15 16:15:48.000000] DEBUG: Group object created from XML {"timers":{"group_find_all":1752588948.641369},"group_id":"group1","member_count":2}
[2025-07-15 16:15:48.000000] DEBUG: Group object created from XML {"timers":{"group_find_all":1752588948.641369},"group_id":"test_empty_group_1752536638","member_count":0}
[2025-07-15 16:15:48.000000] DEBUG: Group object created from XML {"timers":{"group_find_all":1752588948.641369},"group_id":"test_group_with_member_1752536638","member_count":1}
[2025-07-15 16:15:48.000000] DEBUG: Group object created from XML {"timers":{"group_find_all":1752588948.641369},"group_id":"test_group_multi_members_1752536638","member_count":3}
[2025-07-15 16:15:48.000000] DEBUG: Group object created from XML {"timers":{"group_find_all":1752588948.641369},"group_id":"group_1752536638_6875963ece449","member_count":0}
[2025-07-15 16:15:48.000000] DEBUG: Group object created from XML {"timers":{"group_find_all":1752588948.641369},"group_id":"group_1752536638_6875963ed6d3e","member_count":1}
[2025-07-15 16:15:48.000000] DEBUG: Group object created from XML {"timers":{"group_find_all":1752588948.641369},"group_id":"group_1752536638_6875963edbe43","member_count":1}
[2025-07-15 16:15:48.000000] DEBUG: Group object created from XML {"timers":{"group_find_all":1752588948.641369},"group_id":"test_empty_1752536688","member_count":0}
[2025-07-15 16:15:48.000000] DEBUG: Group object created from XML {"timers":{"group_find_all":1752588948.641369},"group_id":"test_empty_1752536834","member_count":0}
[2025-07-15 16:15:48.000000] DEBUG: Group object created from XML {"timers":{"group_find_all":1752588948.641369},"group_id":"test_group_chat","member_count":3}
[2025-07-15 16:15:48.000000] DEBUG: Group object created from XML {"timers":{"group_find_all":1752588948.641369},"group_id":"group_1752586696_687659c82235f","member_count":1}
[2025-07-15 16:15:48.000000] DEBUG: Group object created from XML {"timers":{"group_find_all":1752588948.641369},"group_id":"group_1752586843_68765a5b7e311","member_count":1}
[2025-07-15 16:15:48.000000] DEBUG: Timer 'group_find_all' completed {"timers":{"group_find_all":1752588948.641369},"timer":"group_find_all","duration_ms":9.25,"duration_s":0.0092}
[2025-07-15 16:15:48.000000] INFO: All groups retrieved {"timers":[],"count":14}
[2025-07-15 16:15:48.000000] DEBUG: Finding group by ID {"timers":{"group_find_by_id":1752588948.652104},"group_id":"group2"}
[2025-07-15 16:15:48.000000] DEBUG: Timer 'xml_load' completed {"timers":{"group_find_by_id":1752588948.652104,"xml_load":1752588948.65259},"timer":"xml_load","duration_ms":1.02,"duration_s":0.001}
[2025-07-15 16:15:48.000000] INFO: XML file loaded successfully {"timers":{"group_find_by_id":1752588948.652104},"file":"C:\\Users\\ASUS TUF\\OneDrive\\Bureau\\xml_project\/data\/sample_data.xml","load_time_ms":1.02,"file_size":17767}
[2025-07-15 16:15:48.000000] DEBUG: Group object created from XML {"timers":{"group_find_by_id":1752588948.652104},"group_id":"group2","member_count":2}
[2025-07-15 16:15:48.000000] DEBUG: Timer 'group_find_by_id' completed {"timers":{"group_find_by_id":1752588948.652104},"timer":"group_find_by_id","duration_ms":3.59,"duration_s":0.0036}
[2025-07-15 16:15:48.000000] INFO: Group found {"timers":[],"group_id":"group2","name":"Groupe Travail"}
[2025-07-15 16:18:15.000000] DEBUG: XMLManager initialized {"data_file":"C:\\Users\\ASUS TUF\\OneDrive\\Bureau\\xml_project\/data\/sample_data.xml","schema_file":"C:\\Users\\ASUS TUF\\OneDrive\\Bureau\\xml_project\/schemas\/whatsapp_data.xsd"}
[2025-07-15 16:18:15.000000] DEBUG: UserRepository initialized 
[2025-07-15 16:18:15.000000] DEBUG: GroupRepository initialized 
[2025-07-15 16:18:15.000000] DEBUG: ContactRepository initialized 
[2025-07-15 16:18:15.000000] DEBUG: Finding user by ID {"timers":{"user_find_by_id":1752589095.642204},"user_id":"admin"}
[2025-07-15 16:18:15.000000] DEBUG: Timer 'xml_load' completed {"timers":{"user_find_by_id":1752589095.642204,"xml_load":1752589095.643565},"timer":"xml_load","duration_ms":1.04,"duration_s":0.001}
[2025-07-15 16:18:15.000000] INFO: XML file loaded successfully {"timers":{"user_find_by_id":1752589095.642204},"file":"C:\\Users\\ASUS TUF\\OneDrive\\Bureau\\xml_project\/data\/sample_data.xml","load_time_ms":1.04,"file_size":17767}
[2025-07-15 16:18:15.000000] DEBUG: User object created from XML {"timers":{"user_find_by_id":1752589095.642204},"user_id":"admin","email":"admin@whatsapp.com"}
[2025-07-15 16:18:15.000000] DEBUG: Timer 'user_find_by_id' completed {"timers":{"user_find_by_id":1752589095.642204},"timer":"user_find_by_id","duration_ms":5.61,"duration_s":0.0056}
[2025-07-15 16:18:15.000000] INFO: User found {"timers":[],"user_id":"admin","user_email":"admin@whatsapp.com"}
[2025-07-15 16:18:15.000000] DEBUG: Finding groups for user {"timers":{"group_find_by_user":1752589095.6494},"user_id":"admin"}
[2025-07-15 16:18:15.000000] DEBUG: Timer 'xml_load' completed {"timers":{"group_find_by_user":1752589095.6494,"xml_load":1752589095.649826},"timer":"xml_load","duration_ms":1.04,"duration_s":0.001}
[2025-07-15 16:18:15.000000] INFO: XML file loaded successfully {"timers":{"group_find_by_user":1752589095.6494},"file":"C:\\Users\\ASUS TUF\\OneDrive\\Bureau\\xml_project\/data\/sample_data.xml","load_time_ms":1.04,"file_size":17767}
[2025-07-15 16:18:15.000000] DEBUG: Group object created from XML {"timers":{"group_find_by_user":1752589095.6494},"group_id":"group_1752586696_687659c82235f","member_count":1}
[2025-07-15 16:18:15.000000] DEBUG: Timer 'group_find_by_user' completed {"timers":{"group_find_by_user":1752589095.6494},"timer":"group_find_by_user","duration_ms":5.35,"duration_s":0.0053}
[2025-07-15 16:18:15.000000] INFO: User groups retrieved {"timers":[],"user_id":"admin","count":1}
[2025-07-15 16:18:15.000000] DEBUG: Finding contacts for user {"timers":{"contact_find_by_user":1752589095.656032},"user_id":"admin"}
[2025-07-15 16:18:15.000000] DEBUG: Timer 'xml_load' completed {"timers":{"contact_find_by_user":1752589095.656032,"xml_load":1752589095.656437},"timer":"xml_load","duration_ms":0.89,"duration_s":0.0009}
[2025-07-15 16:18:15.000000] INFO: XML file loaded successfully {"timers":{"contact_find_by_user":1752589095.656032},"file":"C:\\Users\\ASUS TUF\\OneDrive\\Bureau\\xml_project\/data\/sample_data.xml","load_time_ms":0.89,"file_size":17767}
[2025-07-15 16:18:15.000000] DEBUG: Contact object created from XML {"timers":{"contact_find_by_user":1752589095.656032},"contact_id":"contact_1752580286_687640bedb47e","name":"Bob Durand"}
[2025-07-15 16:18:15.000000] DEBUG: Contact object created from XML {"timers":{"contact_find_by_user":1752589095.656032},"contact_id":"contact_1752580299_687640cb787b3","name":"Charlie Dupont"}
[2025-07-15 16:18:15.000000] DEBUG: Contact object created from XML {"timers":{"contact_find_by_user":1752589095.656032},"contact_id":"contact_1752586673_687659b16faba","name":"Diana Lemoine"}
[2025-07-15 16:18:15.000000] DEBUG: Contact object created from XML {"timers":{"contact_find_by_user":1752589095.656032},"contact_id":"contact_1752586683_687659bb388d5","name":"Erik Rousseau"}
[2025-07-15 16:18:15.000000] DEBUG: Timer 'contact_find_by_user' completed {"timers":{"contact_find_by_user":1752589095.656032},"timer":"contact_find_by_user","duration_ms":5.71,"duration_s":0.0057}
[2025-07-15 16:18:15.000000] INFO: User contacts retrieved {"timers":[],"user_id":"admin","count":4}
[2025-07-15 16:18:15.000000] DEBUG: Finding group by ID {"timers":{"group_find_by_id":1752589095.665289},"group_id":"group_1752586696_687659c82235f"}
[2025-07-15 16:18:15.000000] DEBUG: Timer 'xml_load' completed {"timers":{"group_find_by_id":1752589095.665289,"xml_load":1752589095.667432},"timer":"xml_load","duration_ms":1.1,"duration_s":0.0011}
[2025-07-15 16:18:15.000000] INFO: XML file loaded successfully {"timers":{"group_find_by_id":1752589095.665289},"file":"C:\\Users\\ASUS TUF\\OneDrive\\Bureau\\xml_project\/data\/sample_data.xml","load_time_ms":1.1,"file_size":17767}
[2025-07-15 16:18:15.000000] DEBUG: Group object created from XML {"timers":{"group_find_by_id":1752589095.665289},"group_id":"group_1752586696_687659c82235f","member_count":1}
[2025-07-15 16:18:15.000000] DEBUG: Timer 'group_find_by_id' completed {"timers":{"group_find_by_id":1752589095.665289},"timer":"group_find_by_id","duration_ms":7.35,"duration_s":0.0074}
[2025-07-15 16:18:15.000000] INFO: Group found {"timers":[],"group_id":"group_1752586696_687659c82235f","name":"test"}
[2025-07-15 16:18:22.000000] DEBUG: XMLManager initialized {"data_file":"C:\\Users\\ASUS TUF\\OneDrive\\Bureau\\xml_project\/data\/sample_data.xml","schema_file":"C:\\Users\\ASUS TUF\\OneDrive\\Bureau\\xml_project\/schemas\/whatsapp_data.xsd"}
[2025-07-15 16:18:22.000000] DEBUG: UserRepository initialized 
[2025-07-15 16:18:22.000000] DEBUG: GroupRepository initialized 
[2025-07-15 16:18:22.000000] DEBUG: ContactRepository initialized 
[2025-07-15 16:18:22.000000] DEBUG: Finding user by ID {"timers":{"user_find_by_id":1752589102.070437},"user_id":"admin"}
[2025-07-15 16:18:22.000000] DEBUG: Timer 'xml_load' completed {"timers":{"user_find_by_id":1752589102.070437,"xml_load":1752589102.070891},"timer":"xml_load","duration_ms":0.94,"duration_s":0.0009}
[2025-07-15 16:18:22.000000] INFO: XML file loaded successfully {"timers":{"user_find_by_id":1752589102.070437},"file":"C:\\Users\\ASUS TUF\\OneDrive\\Bureau\\xml_project\/data\/sample_data.xml","load_time_ms":0.94,"file_size":17767}
[2025-07-15 16:18:22.000000] DEBUG: User object created from XML {"timers":{"user_find_by_id":1752589102.070437},"user_id":"admin","email":"admin@whatsapp.com"}
[2025-07-15 16:18:22.000000] DEBUG: Timer 'user_find_by_id' completed {"timers":{"user_find_by_id":1752589102.070437},"timer":"user_find_by_id","duration_ms":3.28,"duration_s":0.0033}
[2025-07-15 16:18:22.000000] INFO: User found {"timers":[],"user_id":"admin","user_email":"admin@whatsapp.com"}
[2025-07-15 16:18:22.000000] DEBUG: Finding groups for user {"timers":{"group_find_by_user":1752589102.075096},"user_id":"admin"}
[2025-07-15 16:18:22.000000] DEBUG: Timer 'xml_load' completed {"timers":{"group_find_by_user":1752589102.075096,"xml_load":1752589102.075685},"timer":"xml_load","duration_ms":1.46,"duration_s":0.0015}
[2025-07-15 16:18:22.000000] INFO: XML file loaded successfully {"timers":{"group_find_by_user":1752589102.075096},"file":"C:\\Users\\ASUS TUF\\OneDrive\\Bureau\\xml_project\/data\/sample_data.xml","load_time_ms":1.46,"file_size":17767}
[2025-07-15 16:18:22.000000] DEBUG: Group object created from XML {"timers":{"group_find_by_user":1752589102.075096},"group_id":"group_1752586696_687659c82235f","member_count":1}
[2025-07-15 16:18:22.000000] DEBUG: Timer 'group_find_by_user' completed {"timers":{"group_find_by_user":1752589102.075096},"timer":"group_find_by_user","duration_ms":5.78,"duration_s":0.0058}
[2025-07-15 16:18:22.000000] INFO: User groups retrieved {"timers":[],"user_id":"admin","count":1}
[2025-07-15 16:18:22.000000] DEBUG: Finding contacts for user {"timers":{"contact_find_by_user":1752589102.082577},"user_id":"admin"}
[2025-07-15 16:18:22.000000] DEBUG: Timer 'xml_load' completed {"timers":{"contact_find_by_user":1752589102.082577,"xml_load":1752589102.083412},"timer":"xml_load","duration_ms":1.23,"duration_s":0.0012}
[2025-07-15 16:18:22.000000] INFO: XML file loaded successfully {"timers":{"contact_find_by_user":1752589102.082577},"file":"C:\\Users\\ASUS TUF\\OneDrive\\Bureau\\xml_project\/data\/sample_data.xml","load_time_ms":1.23,"file_size":17767}
[2025-07-15 16:18:22.000000] DEBUG: Contact object created from XML {"timers":{"contact_find_by_user":1752589102.082577},"contact_id":"contact_1752580286_687640bedb47e","name":"Bob Durand"}
[2025-07-15 16:18:22.000000] DEBUG: Contact object created from XML {"timers":{"contact_find_by_user":1752589102.082577},"contact_id":"contact_1752580299_687640cb787b3","name":"Charlie Dupont"}
[2025-07-15 16:18:22.000000] DEBUG: Contact object created from XML {"timers":{"contact_find_by_user":1752589102.082577},"contact_id":"contact_1752586673_687659b16faba","name":"Diana Lemoine"}
[2025-07-15 16:18:22.000000] DEBUG: Contact object created from XML {"timers":{"contact_find_by_user":1752589102.082577},"contact_id":"contact_1752586683_687659bb388d5","name":"Erik Rousseau"}
[2025-07-15 16:18:22.000000] DEBUG: Timer 'contact_find_by_user' completed {"timers":{"contact_find_by_user":1752589102.082577},"timer":"contact_find_by_user","duration_ms":5.99,"duration_s":0.006}
[2025-07-15 16:18:22.000000] INFO: User contacts retrieved {"timers":[],"user_id":"admin","count":4}
[2025-07-15 16:18:22.000000] DEBUG: Finding group by ID {"timers":{"group_find_by_id":1752589102.091689},"group_id":"group_1752586696_687659c82235f"}
[2025-07-15 16:18:22.000000] DEBUG: Timer 'xml_load' completed {"timers":{"group_find_by_id":1752589102.091689,"xml_load":1752589102.092142},"timer":"xml_load","duration_ms":0.95,"duration_s":0.001}
[2025-07-15 16:18:22.000000] INFO: XML file loaded successfully {"timers":{"group_find_by_id":1752589102.091689},"file":"C:\\Users\\ASUS TUF\\OneDrive\\Bureau\\xml_project\/data\/sample_data.xml","load_time_ms":0.95,"file_size":17767}
[2025-07-15 16:18:22.000000] DEBUG: Group object created from XML {"timers":{"group_find_by_id":1752589102.091689},"group_id":"group_1752586696_687659c82235f","member_count":1}
[2025-07-15 16:18:22.000000] DEBUG: Timer 'group_find_by_id' completed {"timers":{"group_find_by_id":1752589102.091689},"timer":"group_find_by_id","duration_ms":3.32,"duration_s":0.0033}
[2025-07-15 16:18:22.000000] INFO: Group found {"timers":[],"group_id":"group_1752586696_687659c82235f","name":"test"}
[2025-07-15 16:19:15.000000] DEBUG: XMLManager initialized {"data_file":"C:\\Users\\ASUS TUF\\OneDrive\\Bureau\\xml_project\/data\/sample_data.xml","schema_file":"C:\\Users\\ASUS TUF\\OneDrive\\Bureau\\xml_project\/schemas\/whatsapp_data.xsd"}
[2025-07-15 16:19:15.000000] DEBUG: UserRepository initialized 
[2025-07-15 16:19:15.000000] DEBUG: Finding user by ID {"timers":{"user_find_by_id":1752589155.498005},"user_id":"admin"}
[2025-07-15 16:19:15.000000] DEBUG: Timer 'xml_load' completed {"timers":{"user_find_by_id":1752589155.498005,"xml_load":1752589155.498415},"timer":"xml_load","duration_ms":0.81,"duration_s":0.0008}
[2025-07-15 16:19:15.000000] INFO: XML file loaded successfully {"timers":{"user_find_by_id":1752589155.498005},"file":"C:\\Users\\ASUS TUF\\OneDrive\\Bureau\\xml_project\/data\/sample_data.xml","load_time_ms":0.81,"file_size":17767}
[2025-07-15 16:19:15.000000] DEBUG: User object created from XML {"timers":{"user_find_by_id":1752589155.498005},"user_id":"admin","email":"admin@whatsapp.com"}
[2025-07-15 16:19:15.000000] DEBUG: Timer 'user_find_by_id' completed {"timers":{"user_find_by_id":1752589155.498005},"timer":"user_find_by_id","duration_ms":3.31,"duration_s":0.0033}
[2025-07-15 16:19:15.000000] INFO: User found {"timers":[],"user_id":"admin","user_email":"admin@whatsapp.com"}
[2025-07-15 16:19:20.000000] DEBUG: XMLManager initialized {"data_file":"C:\\Users\\ASUS TUF\\OneDrive\\Bureau\\xml_project\/data\/sample_data.xml","schema_file":"C:\\Users\\ASUS TUF\\OneDrive\\Bureau\\xml_project\/schemas\/whatsapp_data.xsd"}
[2025-07-15 16:19:20.000000] DEBUG: UserRepository initialized 
[2025-07-15 16:19:20.000000] DEBUG: Finding user by ID {"timers":{"user_find_by_id":1752589160.034105},"user_id":"admin"}
[2025-07-15 16:19:20.000000] DEBUG: Timer 'xml_load' completed {"timers":{"user_find_by_id":1752589160.034105,"xml_load":1752589160.034587},"timer":"xml_load","duration_ms":0.9,"duration_s":0.0009}
[2025-07-15 16:19:20.000000] INFO: XML file loaded successfully {"timers":{"user_find_by_id":1752589160.034105},"file":"C:\\Users\\ASUS TUF\\OneDrive\\Bureau\\xml_project\/data\/sample_data.xml","load_time_ms":0.9,"file_size":17767}
[2025-07-15 16:19:20.000000] DEBUG: User object created from XML {"timers":{"user_find_by_id":1752589160.034105},"user_id":"admin","email":"admin@whatsapp.com"}
[2025-07-15 16:19:20.000000] DEBUG: Timer 'user_find_by_id' completed {"timers":{"user_find_by_id":1752589160.034105},"timer":"user_find_by_id","duration_ms":3.32,"duration_s":0.0033}
[2025-07-15 16:19:20.000000] INFO: User found {"timers":[],"user_id":"admin","user_email":"admin@whatsapp.com"}
[2025-07-15 16:19:20.000000] DEBUG: Finding all users {"timers":{"user_find_all":1752589160.040149}}
[2025-07-15 16:19:20.000000] DEBUG: Timer 'xml_load' completed {"timers":{"user_find_all":1752589160.040149,"xml_load":1752589160.040591},"timer":"xml_load","duration_ms":0.61,"duration_s":0.0006}
[2025-07-15 16:19:20.000000] INFO: XML file loaded successfully {"timers":{"user_find_all":1752589160.040149},"file":"C:\\Users\\ASUS TUF\\OneDrive\\Bureau\\xml_project\/data\/sample_data.xml","load_time_ms":0.61,"file_size":17767}
[2025-07-15 16:19:20.000000] DEBUG: User object created from XML {"timers":{"user_find_all":1752589160.040149},"user_id":"bob2025","email":"bob@test.com"}
[2025-07-15 16:19:20.000000] DEBUG: User object created from XML {"timers":{"user_find_all":1752589160.040149},"user_id":"charlie2025","email":"charlie@test.com"}
[2025-07-15 16:19:20.000000] DEBUG: User object created from XML {"timers":{"user_find_all":1752589160.040149},"user_id":"diana2025","email":"diana@test.com"}
[2025-07-15 16:19:20.000000] DEBUG: User object created from XML {"timers":{"user_find_all":1752589160.040149},"user_id":"erik2025","email":"erik@test.com"}
[2025-07-15 16:19:20.000000] DEBUG: User object created from XML {"timers":{"user_find_all":1752589160.040149},"user_id":"user_1752532999_3258","email":"alice@test.com"}
[2025-07-15 16:19:20.000000] DEBUG: User object created from XML {"timers":{"user_find_all":1752589160.040149},"user_id":"admin","email":"admin@whatsapp.com"}
[2025-07-15 16:19:20.000000] DEBUG: User object created from XML {"timers":{"user_find_all":1752589160.040149},"user_id":"demo","email":"demo@whatsapp.com"}
[2025-07-15 16:19:20.000000] DEBUG: User object created from XML {"timers":{"user_find_all":1752589160.040149},"user_id":"test","email":"test@whatsapp.com"}
[2025-07-15 16:19:20.000000] DEBUG: User object created from XML {"timers":{"user_find_all":1752589160.040149},"user_id":"testuser1","email":"testuser1@example.com"}
[2025-07-15 16:19:20.000000] DEBUG: User object created from XML {"timers":{"user_find_all":1752589160.040149},"user_id":"testuser2","email":"testuser2@example.com"}
[2025-07-15 16:19:20.000000] DEBUG: User object created from XML {"timers":{"user_find_all":1752589160.040149},"user_id":"testuser3","email":"testuser3@example.com"}
[2025-07-15 16:19:20.000000] DEBUG: User object created from XML {"timers":{"user_find_all":1752589160.040149},"user_id":"test_user_1","email":"alice@test.com"}
[2025-07-15 16:19:20.000000] DEBUG: User object created from XML {"timers":{"user_find_all":1752589160.040149},"user_id":"test_user_2","email":"bob@test.com"}
[2025-07-15 16:19:20.000000] DEBUG: User object created from XML {"timers":{"user_find_all":1752589160.040149},"user_id":"admin","email":"admin@whatsapp.com"}
[2025-07-15 16:19:20.000000] DEBUG: User object created from XML {"timers":{"user_find_all":1752589160.040149},"user_id":"demo","email":"demo@whatsapp.com"}
[2025-07-15 16:19:20.000000] DEBUG: User object created from XML {"timers":{"user_find_all":1752589160.040149},"user_id":"test","email":"test@whatsapp.com"}
[2025-07-15 16:19:20.000000] DEBUG: User object created from XML {"timers":{"user_find_all":1752589160.040149},"user_id":"alice_sim","email":"alice@simulation.com"}
[2025-07-15 16:19:20.000000] DEBUG: User object created from XML {"timers":{"user_find_all":1752589160.040149},"user_id":"bob_sim","email":"bob@simulation.com"}
[2025-07-15 16:19:20.000000] DEBUG: User object created from XML {"timers":{"user_find_all":1752589160.040149},"user_id":"charlie_sim","email":"charlie@simulation.com"}
[2025-07-15 16:19:20.000000] DEBUG: Timer 'user_find_all' completed {"timers":{"user_find_all":1752589160.040149},"timer":"user_find_all","duration_ms":12.4,"duration_s":0.0124}
[2025-07-15 16:19:20.000000] INFO: All users retrieved {"timers":[],"count":19}
[2025-07-15 16:19:20.000000] DEBUG: Finding user by ID {"timers":{"user_find_by_id":1752589160.053986},"user_id":"bob2025"}
[2025-07-15 16:19:20.000000] DEBUG: Timer 'xml_load' completed {"timers":{"user_find_by_id":1752589160.053986,"xml_load":1752589160.055011},"timer":"xml_load","duration_ms":0.82,"duration_s":0.0008}
[2025-07-15 16:19:20.000000] INFO: XML file loaded successfully {"timers":{"user_find_by_id":1752589160.053986},"file":"C:\\Users\\ASUS TUF\\OneDrive\\Bureau\\xml_project\/data\/sample_data.xml","load_time_ms":0.82,"file_size":17767}
[2025-07-15 16:19:20.000000] DEBUG: User object created from XML {"timers":{"user_find_by_id":1752589160.053986},"user_id":"bob2025","email":"bob@test.com"}
[2025-07-15 16:19:20.000000] DEBUG: Timer 'user_find_by_id' completed {"timers":{"user_find_by_id":1752589160.053986},"timer":"user_find_by_id","duration_ms":3.82,"duration_s":0.0038}
[2025-07-15 16:19:20.000000] INFO: User found {"timers":[],"user_id":"bob2025","user_email":"bob@test.com"}
[2025-07-15 16:19:20.000000] DEBUG: Finding user by ID {"timers":{"user_find_by_id":1752589160.058943},"user_id":"charlie2025"}
[2025-07-15 16:19:20.000000] DEBUG: Timer 'xml_load' completed {"timers":{"user_find_by_id":1752589160.058943,"xml_load":1752589160.059364},"timer":"xml_load","duration_ms":1.13,"duration_s":0.0011}
[2025-07-15 16:19:20.000000] INFO: XML file loaded successfully {"timers":{"user_find_by_id":1752589160.058943},"file":"C:\\Users\\ASUS TUF\\OneDrive\\Bureau\\xml_project\/data\/sample_data.xml","load_time_ms":1.13,"file_size":17767}
[2025-07-15 16:19:20.000000] DEBUG: User object created from XML {"timers":{"user_find_by_id":1752589160.058943},"user_id":"charlie2025","email":"charlie@test.com"}
[2025-07-15 16:19:20.000000] DEBUG: Timer 'user_find_by_id' completed {"timers":{"user_find_by_id":1752589160.058943},"timer":"user_find_by_id","duration_ms":5.13,"duration_s":0.0051}
[2025-07-15 16:19:20.000000] INFO: User found {"timers":[],"user_id":"charlie2025","user_email":"charlie@test.com"}
[2025-07-15 16:19:20.000000] DEBUG: Finding user by ID {"timers":{"user_find_by_id":1752589160.06563},"user_id":"diana2025"}
[2025-07-15 16:19:20.000000] DEBUG: Timer 'xml_load' completed {"timers":{"user_find_by_id":1752589160.06563,"xml_load":1752589160.066488},"timer":"xml_load","duration_ms":1.29,"duration_s":0.0013}
[2025-07-15 16:19:20.000000] INFO: XML file loaded successfully {"timers":{"user_find_by_id":1752589160.06563},"file":"C:\\Users\\ASUS TUF\\OneDrive\\Bureau\\xml_project\/data\/sample_data.xml","load_time_ms":1.29,"file_size":17767}
[2025-07-15 16:19:20.000000] DEBUG: User object created from XML {"timers":{"user_find_by_id":1752589160.06563},"user_id":"diana2025","email":"diana@test.com"}
[2025-07-15 16:19:20.000000] DEBUG: Timer 'user_find_by_id' completed {"timers":{"user_find_by_id":1752589160.06563},"timer":"user_find_by_id","duration_ms":6.19,"duration_s":0.0062}
[2025-07-15 16:19:20.000000] INFO: User found {"timers":[],"user_id":"diana2025","user_email":"diana@test.com"}
[2025-07-15 16:19:20.000000] DEBUG: Finding user by ID {"timers":{"user_find_by_id":1752589160.075044},"user_id":"erik2025"}
[2025-07-15 16:19:20.000000] DEBUG: Timer 'xml_load' completed {"timers":{"user_find_by_id":1752589160.075044,"xml_load":1752589160.075689},"timer":"xml_load","duration_ms":2.75,"duration_s":0.0028}
[2025-07-15 16:19:20.000000] INFO: XML file loaded successfully {"timers":{"user_find_by_id":1752589160.075044},"file":"C:\\Users\\ASUS TUF\\OneDrive\\Bureau\\xml_project\/data\/sample_data.xml","load_time_ms":2.75,"file_size":17767}
[2025-07-15 16:19:20.000000] DEBUG: User object created from XML {"timers":{"user_find_by_id":1752589160.075044},"user_id":"erik2025","email":"erik@test.com"}
[2025-07-15 16:19:20.000000] DEBUG: Timer 'user_find_by_id' completed {"timers":{"user_find_by_id":1752589160.075044},"timer":"user_find_by_id","duration_ms":5.88,"duration_s":0.0059}
[2025-07-15 16:19:20.000000] INFO: User found {"timers":[],"user_id":"erik2025","user_email":"erik@test.com"}
[2025-07-15 16:19:20.000000] DEBUG: Finding user by ID {"timers":{"user_find_by_id":1752589160.083013},"user_id":"bob2025"}
[2025-07-15 16:19:20.000000] DEBUG: Timer 'xml_load' completed {"timers":{"user_find_by_id":1752589160.083013,"xml_load":1752589160.084208},"timer":"xml_load","duration_ms":1.32,"duration_s":0.0013}
[2025-07-15 16:19:20.000000] INFO: XML file loaded successfully {"timers":{"user_find_by_id":1752589160.083013},"file":"C:\\Users\\ASUS TUF\\OneDrive\\Bureau\\xml_project\/data\/sample_data.xml","load_time_ms":1.32,"file_size":17767}
[2025-07-15 16:19:20.000000] DEBUG: User object created from XML {"timers":{"user_find_by_id":1752589160.083013},"user_id":"bob2025","email":"bob@test.com"}
[2025-07-15 16:19:20.000000] DEBUG: Timer 'user_find_by_id' completed {"timers":{"user_find_by_id":1752589160.083013},"timer":"user_find_by_id","duration_ms":4.83,"duration_s":0.0048}
[2025-07-15 16:19:20.000000] INFO: User found {"timers":[],"user_id":"bob2025","user_email":"bob@test.com"}
[2025-07-15 16:19:20.000000] DEBUG: Finding user by ID {"timers":{"user_find_by_id":1752589160.089113},"user_id":"charlie2025"}
[2025-07-15 16:19:20.000000] DEBUG: Timer 'xml_load' completed {"timers":{"user_find_by_id":1752589160.089113,"xml_load":1752589160.089572},"timer":"xml_load","duration_ms":1.02,"duration_s":0.001}
[2025-07-15 16:19:20.000000] INFO: XML file loaded successfully {"timers":{"user_find_by_id":1752589160.089113},"file":"C:\\Users\\ASUS TUF\\OneDrive\\Bureau\\xml_project\/data\/sample_data.xml","load_time_ms":1.02,"file_size":17767}
[2025-07-15 16:19:20.000000] DEBUG: User object created from XML {"timers":{"user_find_by_id":1752589160.089113},"user_id":"charlie2025","email":"charlie@test.com"}
[2025-07-15 16:19:20.000000] DEBUG: Timer 'user_find_by_id' completed {"timers":{"user_find_by_id":1752589160.089113},"timer":"user_find_by_id","duration_ms":3.56,"duration_s":0.0036}
[2025-07-15 16:19:20.000000] INFO: User found {"timers":[],"user_id":"charlie2025","user_email":"charlie@test.com"}
[2025-07-15 16:19:20.000000] DEBUG: Finding user by ID {"timers":{"user_find_by_id":1752589160.093901},"user_id":"diana2025"}
[2025-07-15 16:19:20.000000] DEBUG: Timer 'xml_load' completed {"timers":{"user_find_by_id":1752589160.093901,"xml_load":1752589160.09439},"timer":"xml_load","duration_ms":0.65,"duration_s":0.0007}
[2025-07-15 16:19:20.000000] INFO: XML file loaded successfully {"timers":{"user_find_by_id":1752589160.093901},"file":"C:\\Users\\ASUS TUF\\OneDrive\\Bureau\\xml_project\/data\/sample_data.xml","load_time_ms":0.65,"file_size":17767}
[2025-07-15 16:19:20.000000] DEBUG: User object created from XML {"timers":{"user_find_by_id":1752589160.093901},"user_id":"diana2025","email":"diana@test.com"}
[2025-07-15 16:19:20.000000] DEBUG: Timer 'user_find_by_id' completed {"timers":{"user_find_by_id":1752589160.093901},"timer":"user_find_by_id","duration_ms":2.97,"duration_s":0.003}
[2025-07-15 16:19:20.000000] INFO: User found {"timers":[],"user_id":"diana2025","user_email":"diana@test.com"}
[2025-07-15 16:19:20.000000] DEBUG: Finding user by ID {"timers":{"user_find_by_id":1752589160.09851},"user_id":"erik2025"}
[2025-07-15 16:19:20.000000] DEBUG: Timer 'xml_load' completed {"timers":{"user_find_by_id":1752589160.09851,"xml_load":1752589160.099047},"timer":"xml_load","duration_ms":0.96,"duration_s":0.001}
[2025-07-15 16:19:20.000000] INFO: XML file loaded successfully {"timers":{"user_find_by_id":1752589160.09851},"file":"C:\\Users\\ASUS TUF\\OneDrive\\Bureau\\xml_project\/data\/sample_data.xml","load_time_ms":0.96,"file_size":17767}
[2025-07-15 16:19:20.000000] DEBUG: User object created from XML {"timers":{"user_find_by_id":1752589160.09851},"user_id":"erik2025","email":"erik@test.com"}
[2025-07-15 16:19:20.000000] DEBUG: Timer 'user_find_by_id' completed {"timers":{"user_find_by_id":1752589160.09851},"timer":"user_find_by_id","duration_ms":3.57,"duration_s":0.0036}
[2025-07-15 16:19:20.000000] INFO: User found {"timers":[],"user_id":"erik2025","user_email":"erik@test.com"}
[2025-07-15 16:19:21.000000] DEBUG: XMLManager initialized {"data_file":"C:\\Users\\ASUS TUF\\OneDrive\\Bureau\\xml_project\/data\/sample_data.xml","schema_file":"C:\\Users\\ASUS TUF\\OneDrive\\Bureau\\xml_project\/schemas\/whatsapp_data.xsd"}
[2025-07-15 16:19:21.000000] DEBUG: UserRepository initialized 
[2025-07-15 16:19:21.000000] DEBUG: UserRepository initialized 
[2025-07-15 16:19:21.000000] DEBUG: Finding user by ID {"timers":{"user_find_by_id":1752589161.395691},"user_id":"admin"}
[2025-07-15 16:19:21.000000] DEBUG: Timer 'xml_load' completed {"timers":{"user_find_by_id":1752589161.395691,"xml_load":1752589161.396204},"timer":"xml_load","duration_ms":1.21,"duration_s":0.0012}
[2025-07-15 16:19:21.000000] INFO: XML file loaded successfully {"timers":{"user_find_by_id":1752589161.395691},"file":"C:\\Users\\ASUS TUF\\OneDrive\\Bureau\\xml_project\/data\/sample_data.xml","load_time_ms":1.21,"file_size":17767}
[2025-07-15 16:19:21.000000] DEBUG: User object created from XML {"timers":{"user_find_by_id":1752589161.395691},"user_id":"admin","email":"admin@whatsapp.com"}
[2025-07-15 16:19:21.000000] DEBUG: Timer 'user_find_by_id' completed {"timers":{"user_find_by_id":1752589161.395691},"timer":"user_find_by_id","duration_ms":3.99,"duration_s":0.004}
[2025-07-15 16:19:21.000000] INFO: User found {"timers":[],"user_id":"admin","user_email":"admin@whatsapp.com"}
[2025-07-15 16:19:22.000000] DEBUG: XMLManager initialized {"data_file":"C:\\Users\\ASUS TUF\\OneDrive\\Bureau\\xml_project\/data\/sample_data.xml","schema_file":"C:\\Users\\ASUS TUF\\OneDrive\\Bureau\\xml_project\/schemas\/whatsapp_data.xsd"}
[2025-07-15 16:19:22.000000] DEBUG: UserRepository initialized 
[2025-07-15 16:19:22.000000] DEBUG: UserRepository initialized 
[2025-07-15 16:19:22.000000] DEBUG: Finding user by ID {"timers":{"user_find_by_id":1752589162.790818},"user_id":"admin"}
[2025-07-15 16:19:22.000000] DEBUG: Timer 'xml_load' completed {"timers":{"user_find_by_id":1752589162.790818,"xml_load":1752589162.791217},"timer":"xml_load","duration_ms":0.74,"duration_s":0.0007}
[2025-07-15 16:19:22.000000] INFO: XML file loaded successfully {"timers":{"user_find_by_id":1752589162.790818},"file":"C:\\Users\\ASUS TUF\\OneDrive\\Bureau\\xml_project\/data\/sample_data.xml","load_time_ms":0.74,"file_size":17767}
[2025-07-15 16:19:22.000000] DEBUG: User object created from XML {"timers":{"user_find_by_id":1752589162.790818},"user_id":"admin","email":"admin@whatsapp.com"}
[2025-07-15 16:19:22.000000] DEBUG: Timer 'user_find_by_id' completed {"timers":{"user_find_by_id":1752589162.790818},"timer":"user_find_by_id","duration_ms":3.31,"duration_s":0.0033}
[2025-07-15 16:19:22.000000] INFO: User found {"timers":[],"user_id":"admin","user_email":"admin@whatsapp.com"}
[2025-07-15 16:19:22.000000] DEBUG: Finding user by ID {"timers":{"user_find_by_id":1752589162.799321},"user_id":"bob2025"}
[2025-07-15 16:19:22.000000] DEBUG: Timer 'xml_load' completed {"timers":{"user_find_by_id":1752589162.799321,"xml_load":1752589162.800148},"timer":"xml_load","duration_ms":0.66,"duration_s":0.0007}
[2025-07-15 16:19:22.000000] INFO: XML file loaded successfully {"timers":{"user_find_by_id":1752589162.799321},"file":"C:\\Users\\ASUS TUF\\OneDrive\\Bureau\\xml_project\/data\/sample_data.xml","load_time_ms":0.66,"file_size":17767}
[2025-07-15 16:19:22.000000] DEBUG: User object created from XML {"timers":{"user_find_by_id":1752589162.799321},"user_id":"bob2025","email":"bob@test.com"}
[2025-07-15 16:19:22.000000] DEBUG: Timer 'user_find_by_id' completed {"timers":{"user_find_by_id":1752589162.799321},"timer":"user_find_by_id","duration_ms":3.6,"duration_s":0.0036}
[2025-07-15 16:19:22.000000] INFO: User found {"timers":[],"user_id":"bob2025","user_email":"bob@test.com"}
[2025-07-15 16:19:22.000000] DEBUG: Finding user by ID {"timers":{"user_find_by_id":1752589162.804105},"user_id":"charlie2025"}
[2025-07-15 16:19:22.000000] DEBUG: Timer 'xml_load' completed {"timers":{"user_find_by_id":1752589162.804105,"xml_load":1752589162.804522},"timer":"xml_load","duration_ms":0.9,"duration_s":0.0009}
[2025-07-15 16:19:22.000000] INFO: XML file loaded successfully {"timers":{"user_find_by_id":1752589162.804105},"file":"C:\\Users\\ASUS TUF\\OneDrive\\Bureau\\xml_project\/data\/sample_data.xml","load_time_ms":0.9,"file_size":17767}
[2025-07-15 16:19:22.000000] DEBUG: User object created from XML {"timers":{"user_find_by_id":1752589162.804105},"user_id":"charlie2025","email":"charlie@test.com"}
[2025-07-15 16:19:22.000000] DEBUG: Timer 'user_find_by_id' completed {"timers":{"user_find_by_id":1752589162.804105},"timer":"user_find_by_id","duration_ms":2.89,"duration_s":0.0029}
[2025-07-15 16:19:22.000000] INFO: User found {"timers":[],"user_id":"charlie2025","user_email":"charlie@test.com"}
[2025-07-15 16:19:22.000000] DEBUG: Finding user by ID {"timers":{"user_find_by_id":1752589162.808448},"user_id":"diana2025"}
[2025-07-15 16:19:22.000000] DEBUG: Timer 'xml_load' completed {"timers":{"user_find_by_id":1752589162.808448,"xml_load":1752589162.808934},"timer":"xml_load","duration_ms":1.02,"duration_s":0.001}
[2025-07-15 16:19:22.000000] INFO: XML file loaded successfully {"timers":{"user_find_by_id":1752589162.808448},"file":"C:\\Users\\ASUS TUF\\OneDrive\\Bureau\\xml_project\/data\/sample_data.xml","load_time_ms":1.02,"file_size":17767}
[2025-07-15 16:19:22.000000] DEBUG: User object created from XML {"timers":{"user_find_by_id":1752589162.808448},"user_id":"diana2025","email":"diana@test.com"}
[2025-07-15 16:19:22.000000] DEBUG: Timer 'user_find_by_id' completed {"timers":{"user_find_by_id":1752589162.808448},"timer":"user_find_by_id","duration_ms":4.76,"duration_s":0.0048}
[2025-07-15 16:19:22.000000] INFO: User found {"timers":[],"user_id":"diana2025","user_email":"diana@test.com"}
[2025-07-15 16:19:22.000000] DEBUG: Finding user by ID {"timers":{"user_find_by_id":1752589162.814598},"user_id":"erik2025"}
[2025-07-15 16:19:22.000000] DEBUG: Timer 'xml_load' completed {"timers":{"user_find_by_id":1752589162.814598,"xml_load":1752589162.816899},"timer":"xml_load","duration_ms":2.49,"duration_s":0.0025}
[2025-07-15 16:19:22.000000] INFO: XML file loaded successfully {"timers":{"user_find_by_id":1752589162.814598},"file":"C:\\Users\\ASUS TUF\\OneDrive\\Bureau\\xml_project\/data\/sample_data.xml","load_time_ms":2.49,"file_size":17767}
[2025-07-15 16:19:22.000000] DEBUG: User object created from XML {"timers":{"user_find_by_id":1752589162.814598},"user_id":"erik2025","email":"erik@test.com"}
[2025-07-15 16:19:22.000000] DEBUG: Timer 'user_find_by_id' completed {"timers":{"user_find_by_id":1752589162.814598},"timer":"user_find_by_id","duration_ms":7.3,"duration_s":0.0073}
[2025-07-15 16:19:22.000000] INFO: User found {"timers":[],"user_id":"erik2025","user_email":"erik@test.com"}
[2025-07-15 16:19:25.000000] DEBUG: XMLManager initialized {"data_file":"C:\\Users\\ASUS TUF\\OneDrive\\Bureau\\xml_project\/data\/sample_data.xml","schema_file":"C:\\Users\\ASUS TUF\\OneDrive\\Bureau\\xml_project\/schemas\/whatsapp_data.xsd"}
[2025-07-15 16:19:25.000000] DEBUG: UserRepository initialized 
[2025-07-15 16:19:25.000000] DEBUG: Finding user by ID {"timers":{"user_find_by_id":1752589165.046454},"user_id":"admin"}
[2025-07-15 16:19:25.000000] DEBUG: Timer 'xml_load' completed {"timers":{"user_find_by_id":1752589165.046454,"xml_load":1752589165.047009},"timer":"xml_load","duration_ms":3.3,"duration_s":0.0033}
[2025-07-15 16:19:25.000000] INFO: XML file loaded successfully {"timers":{"user_find_by_id":1752589165.046454},"file":"C:\\Users\\ASUS TUF\\OneDrive\\Bureau\\xml_project\/data\/sample_data.xml","load_time_ms":3.3,"file_size":17767}
[2025-07-15 16:19:25.000000] DEBUG: User object created from XML {"timers":{"user_find_by_id":1752589165.046454},"user_id":"admin","email":"admin@whatsapp.com"}
[2025-07-15 16:19:25.000000] DEBUG: Timer 'user_find_by_id' completed {"timers":{"user_find_by_id":1752589165.046454},"timer":"user_find_by_id","duration_ms":6.92,"duration_s":0.0069}
[2025-07-15 16:19:25.000000] INFO: User found {"timers":[],"user_id":"admin","user_email":"admin@whatsapp.com"}
[2025-07-15 16:19:25.000000] DEBUG: Finding all users {"timers":{"user_find_all":1752589165.055217}}
[2025-07-15 16:19:25.000000] DEBUG: Timer 'xml_load' completed {"timers":{"user_find_all":1752589165.055217,"xml_load":1752589165.057308},"timer":"xml_load","duration_ms":1.18,"duration_s":0.0012}
[2025-07-15 16:19:25.000000] INFO: XML file loaded successfully {"timers":{"user_find_all":1752589165.055217},"file":"C:\\Users\\ASUS TUF\\OneDrive\\Bureau\\xml_project\/data\/sample_data.xml","load_time_ms":1.18,"file_size":17767}
[2025-07-15 16:19:25.000000] DEBUG: User object created from XML {"timers":{"user_find_all":1752589165.055217},"user_id":"bob2025","email":"bob@test.com"}
[2025-07-15 16:19:25.000000] DEBUG: User object created from XML {"timers":{"user_find_all":1752589165.055217},"user_id":"charlie2025","email":"charlie@test.com"}
[2025-07-15 16:19:25.000000] DEBUG: User object created from XML {"timers":{"user_find_all":1752589165.055217},"user_id":"diana2025","email":"diana@test.com"}
[2025-07-15 16:19:25.000000] DEBUG: User object created from XML {"timers":{"user_find_all":1752589165.055217},"user_id":"erik2025","email":"erik@test.com"}
[2025-07-15 16:19:25.000000] DEBUG: User object created from XML {"timers":{"user_find_all":1752589165.055217},"user_id":"user_1752532999_3258","email":"alice@test.com"}
[2025-07-15 16:19:25.000000] DEBUG: User object created from XML {"timers":{"user_find_all":1752589165.055217},"user_id":"admin","email":"admin@whatsapp.com"}
[2025-07-15 16:19:25.000000] DEBUG: User object created from XML {"timers":{"user_find_all":1752589165.055217},"user_id":"demo","email":"demo@whatsapp.com"}
[2025-07-15 16:19:25.000000] DEBUG: User object created from XML {"timers":{"user_find_all":1752589165.055217},"user_id":"test","email":"test@whatsapp.com"}
[2025-07-15 16:19:25.000000] DEBUG: User object created from XML {"timers":{"user_find_all":1752589165.055217},"user_id":"testuser1","email":"testuser1@example.com"}
[2025-07-15 16:19:25.000000] DEBUG: User object created from XML {"timers":{"user_find_all":1752589165.055217},"user_id":"testuser2","email":"testuser2@example.com"}
[2025-07-15 16:19:25.000000] DEBUG: User object created from XML {"timers":{"user_find_all":1752589165.055217},"user_id":"testuser3","email":"testuser3@example.com"}
[2025-07-15 16:19:25.000000] DEBUG: User object created from XML {"timers":{"user_find_all":1752589165.055217},"user_id":"test_user_1","email":"alice@test.com"}
[2025-07-15 16:19:25.000000] DEBUG: User object created from XML {"timers":{"user_find_all":1752589165.055217},"user_id":"test_user_2","email":"bob@test.com"}
[2025-07-15 16:19:25.000000] DEBUG: User object created from XML {"timers":{"user_find_all":1752589165.055217},"user_id":"admin","email":"admin@whatsapp.com"}
[2025-07-15 16:19:25.000000] DEBUG: User object created from XML {"timers":{"user_find_all":1752589165.055217},"user_id":"demo","email":"demo@whatsapp.com"}
[2025-07-15 16:19:25.000000] DEBUG: User object created from XML {"timers":{"user_find_all":1752589165.055217},"user_id":"test","email":"test@whatsapp.com"}
[2025-07-15 16:19:25.000000] DEBUG: User object created from XML {"timers":{"user_find_all":1752589165.055217},"user_id":"alice_sim","email":"alice@simulation.com"}
[2025-07-15 16:19:25.000000] DEBUG: User object created from XML {"timers":{"user_find_all":1752589165.055217},"user_id":"bob_sim","email":"bob@simulation.com"}
[2025-07-15 16:19:25.000000] DEBUG: User object created from XML {"timers":{"user_find_all":1752589165.055217},"user_id":"charlie_sim","email":"charlie@simulation.com"}
[2025-07-15 16:19:25.000000] DEBUG: Timer 'user_find_all' completed {"timers":{"user_find_all":1752589165.055217},"timer":"user_find_all","duration_ms":20.5,"duration_s":0.0205}
[2025-07-15 16:19:25.000000] INFO: All users retrieved {"timers":[],"count":19}
[2025-07-15 16:19:26.000000] DEBUG: XMLManager initialized {"data_file":"C:\\Users\\ASUS TUF\\OneDrive\\Bureau\\xml_project\/data\/sample_data.xml","schema_file":"C:\\Users\\ASUS TUF\\OneDrive\\Bureau\\xml_project\/schemas\/whatsapp_data.xsd"}
[2025-07-15 16:19:26.000000] DEBUG: UserRepository initialized 
[2025-07-15 16:19:26.000000] DEBUG: UserRepository initialized 
[2025-07-15 16:19:26.000000] DEBUG: Finding user by ID {"timers":{"user_find_by_id":1752589166.678002},"user_id":"admin"}
[2025-07-15 16:19:26.000000] DEBUG: Timer 'xml_load' completed {"timers":{"user_find_by_id":1752589166.678002,"xml_load":1752589166.67925},"timer":"xml_load","duration_ms":1.31,"duration_s":0.0013}
[2025-07-15 16:19:26.000000] INFO: XML file loaded successfully {"timers":{"user_find_by_id":1752589166.678002},"file":"C:\\Users\\ASUS TUF\\OneDrive\\Bureau\\xml_project\/data\/sample_data.xml","load_time_ms":1.31,"file_size":17767}
[2025-07-15 16:19:26.000000] DEBUG: User object created from XML {"timers":{"user_find_by_id":1752589166.678002},"user_id":"admin","email":"admin@whatsapp.com"}
[2025-07-15 16:19:26.000000] DEBUG: Timer 'user_find_by_id' completed {"timers":{"user_find_by_id":1752589166.678002},"timer":"user_find_by_id","duration_ms":15.5,"duration_s":0.0155}
[2025-07-15 16:19:26.000000] INFO: User found {"timers":[],"user_id":"admin","user_email":"admin@whatsapp.com"}
[2025-07-15 16:19:26.000000] DEBUG: Finding user by ID {"timers":{"user_find_by_id":1752589166.699685},"user_id":"bob2025"}
[2025-07-15 16:19:26.000000] DEBUG: Timer 'xml_load' completed {"timers":{"user_find_by_id":1752589166.699685,"xml_load":1752589166.7012},"timer":"xml_load","duration_ms":0.9,"duration_s":0.0009}
[2025-07-15 16:19:26.000000] INFO: XML file loaded successfully {"timers":{"user_find_by_id":1752589166.699685},"file":"C:\\Users\\ASUS TUF\\OneDrive\\Bureau\\xml_project\/data\/sample_data.xml","load_time_ms":0.9,"file_size":17767}
[2025-07-15 16:19:26.000000] DEBUG: User object created from XML {"timers":{"user_find_by_id":1752589166.699685},"user_id":"bob2025","email":"bob@test.com"}
[2025-07-15 16:19:26.000000] DEBUG: Timer 'user_find_by_id' completed {"timers":{"user_find_by_id":1752589166.699685},"timer":"user_find_by_id","duration_ms":4.24,"duration_s":0.0042}
[2025-07-15 16:19:26.000000] INFO: User found {"timers":[],"user_id":"bob2025","user_email":"bob@test.com"}
[2025-07-15 16:19:26.000000] DEBUG: Finding user by ID {"timers":{"user_find_by_id":1752589166.706626},"user_id":"charlie2025"}
[2025-07-15 16:19:26.000000] DEBUG: Timer 'xml_load' completed {"timers":{"user_find_by_id":1752589166.706626,"xml_load":1752589166.70728},"timer":"xml_load","duration_ms":1.52,"duration_s":0.0015}
[2025-07-15 16:19:26.000000] INFO: XML file loaded successfully {"timers":{"user_find_by_id":1752589166.706626},"file":"C:\\Users\\ASUS TUF\\OneDrive\\Bureau\\xml_project\/data\/sample_data.xml","load_time_ms":1.52,"file_size":17767}
[2025-07-15 16:19:26.000000] DEBUG: User object created from XML {"timers":{"user_find_by_id":1752589166.706626},"user_id":"charlie2025","email":"charlie@test.com"}
[2025-07-15 16:19:26.000000] DEBUG: Timer 'user_find_by_id' completed {"timers":{"user_find_by_id":1752589166.706626},"timer":"user_find_by_id","duration_ms":5.41,"duration_s":0.0054}
[2025-07-15 16:19:26.000000] INFO: User found {"timers":[],"user_id":"charlie2025","user_email":"charlie@test.com"}
[2025-07-15 16:19:26.000000] DEBUG: Finding user by ID {"timers":{"user_find_by_id":1752589166.713091},"user_id":"diana2025"}
[2025-07-15 16:19:26.000000] DEBUG: Timer 'xml_load' completed {"timers":{"user_find_by_id":1752589166.713091,"xml_load":1752589166.713639},"timer":"xml_load","duration_ms":1.24,"duration_s":0.0012}
[2025-07-15 16:19:26.000000] INFO: XML file loaded successfully {"timers":{"user_find_by_id":1752589166.713091},"file":"C:\\Users\\ASUS TUF\\OneDrive\\Bureau\\xml_project\/data\/sample_data.xml","load_time_ms":1.24,"file_size":17767}
[2025-07-15 16:19:26.000000] DEBUG: User object created from XML {"timers":{"user_find_by_id":1752589166.713091},"user_id":"diana2025","email":"diana@test.com"}
[2025-07-15 16:19:26.000000] DEBUG: Timer 'user_find_by_id' completed {"timers":{"user_find_by_id":1752589166.713091},"timer":"user_find_by_id","duration_ms":3.66,"duration_s":0.0037}
[2025-07-15 16:19:26.000000] INFO: User found {"timers":[],"user_id":"diana2025","user_email":"diana@test.com"}
[2025-07-15 16:19:26.000000] DEBUG: Finding user by ID {"timers":{"user_find_by_id":1752589166.718497},"user_id":"erik2025"}
[2025-07-15 16:19:26.000000] DEBUG: Timer 'xml_load' completed {"timers":{"user_find_by_id":1752589166.718497,"xml_load":1752589166.719181},"timer":"xml_load","duration_ms":1.36,"duration_s":0.0014}
[2025-07-15 16:19:26.000000] INFO: XML file loaded successfully {"timers":{"user_find_by_id":1752589166.718497},"file":"C:\\Users\\ASUS TUF\\OneDrive\\Bureau\\xml_project\/data\/sample_data.xml","load_time_ms":1.36,"file_size":17767}
[2025-07-15 16:19:26.000000] DEBUG: User object created from XML {"timers":{"user_find_by_id":1752589166.718497},"user_id":"erik2025","email":"erik@test.com"}
[2025-07-15 16:19:26.000000] DEBUG: Timer 'user_find_by_id' completed {"timers":{"user_find_by_id":1752589166.718497},"timer":"user_find_by_id","duration_ms":4.67,"duration_s":0.0047}
[2025-07-15 16:19:26.000000] INFO: User found {"timers":[],"user_id":"erik2025","user_email":"erik@test.com"}
[2025-07-15 16:19:27.000000] DEBUG: XMLManager initialized {"data_file":"C:\\Users\\ASUS TUF\\OneDrive\\Bureau\\xml_project\/data\/sample_data.xml","schema_file":"C:\\Users\\ASUS TUF\\OneDrive\\Bureau\\xml_project\/schemas\/whatsapp_data.xsd"}
[2025-07-15 16:19:27.000000] DEBUG: UserRepository initialized 
[2025-07-15 16:19:27.000000] DEBUG: Finding user by ID {"timers":{"user_find_by_id":1752589167.80563},"user_id":"admin"}
[2025-07-15 16:19:27.000000] DEBUG: Timer 'xml_load' completed {"timers":{"user_find_by_id":1752589167.80563,"xml_load":1752589167.806144},"timer":"xml_load","duration_ms":0.74,"duration_s":0.0007}
[2025-07-15 16:19:27.000000] INFO: XML file loaded successfully {"timers":{"user_find_by_id":1752589167.80563},"file":"C:\\Users\\ASUS TUF\\OneDrive\\Bureau\\xml_project\/data\/sample_data.xml","load_time_ms":0.74,"file_size":17767}
[2025-07-15 16:19:27.000000] DEBUG: User object created from XML {"timers":{"user_find_by_id":1752589167.80563},"user_id":"admin","email":"admin@whatsapp.com"}
[2025-07-15 16:19:27.000000] DEBUG: Timer 'user_find_by_id' completed {"timers":{"user_find_by_id":1752589167.80563},"timer":"user_find_by_id","duration_ms":3.79,"duration_s":0.0038}
[2025-07-15 16:19:27.000000] INFO: User found {"timers":[],"user_id":"admin","user_email":"admin@whatsapp.com"}
[2025-07-15 16:21:27.000000] DEBUG: XMLManager initialized {"data_file":"C:\\Users\\ASUS TUF\\OneDrive\\Bureau\\xml_project\/data\/sample_data.xml","schema_file":"C:\\Users\\ASUS TUF\\OneDrive\\Bureau\\xml_project\/schemas\/whatsapp_data.xsd"}
[2025-07-15 16:21:27.000000] DEBUG: UserRepository initialized 
[2025-07-15 16:21:27.000000] DEBUG: UserRepository initialized 
[2025-07-15 16:21:36.000000] DEBUG: XMLManager initialized {"data_file":"C:\\Users\\ASUS TUF\\OneDrive\\Bureau\\xml_project\/data\/sample_data.xml","schema_file":"C:\\Users\\ASUS TUF\\OneDrive\\Bureau\\xml_project\/schemas\/whatsapp_data.xsd"}
[2025-07-15 16:21:36.000000] DEBUG: UserRepository initialized 
[2025-07-15 16:21:36.000000] DEBUG: UserRepository initialized 
[2025-07-15 16:21:36.000000] DEBUG: XMLManager initialized {"data_file":"C:\\Users\\ASUS TUF\\OneDrive\\Bureau\\xml_project\/data\/sample_data.xml","schema_file":"C:\\Users\\ASUS TUF\\OneDrive\\Bureau\\xml_project\/schemas\/whatsapp_data.xsd"}
[2025-07-15 16:21:36.000000] DEBUG: UserRepository initialized 
[2025-07-15 16:21:36.000000] DEBUG: UserRepository initialized 
[2025-07-15 16:21:36.000000] DEBUG: Finding all users {"timers":{"user_find_all":1752589296.555317}}
[2025-07-15 16:21:36.000000] DEBUG: Timer 'xml_load' completed {"timers":{"user_find_all":1752589296.555317,"xml_load":1752589296.556999},"timer":"xml_load","duration_ms":1.68,"duration_s":0.0017}
[2025-07-15 16:21:36.000000] INFO: XML file loaded successfully {"timers":{"user_find_all":1752589296.555317},"file":"C:\\Users\\ASUS TUF\\OneDrive\\Bureau\\xml_project\/data\/sample_data.xml","load_time_ms":1.68,"file_size":17767}
[2025-07-15 16:21:36.000000] DEBUG: User object created from XML {"timers":{"user_find_all":1752589296.555317},"user_id":"bob2025","email":"bob@test.com"}
[2025-07-15 16:21:36.000000] DEBUG: User object created from XML {"timers":{"user_find_all":1752589296.555317},"user_id":"charlie2025","email":"charlie@test.com"}
[2025-07-15 16:21:36.000000] DEBUG: User object created from XML {"timers":{"user_find_all":1752589296.555317},"user_id":"diana2025","email":"diana@test.com"}
[2025-07-15 16:21:36.000000] DEBUG: User object created from XML {"timers":{"user_find_all":1752589296.555317},"user_id":"erik2025","email":"erik@test.com"}
[2025-07-15 16:21:36.000000] DEBUG: User object created from XML {"timers":{"user_find_all":1752589296.555317},"user_id":"user_1752532999_3258","email":"alice@test.com"}
[2025-07-15 16:21:36.000000] DEBUG: User object created from XML {"timers":{"user_find_all":1752589296.555317},"user_id":"admin","email":"admin@whatsapp.com"}
[2025-07-15 16:21:36.000000] DEBUG: User object created from XML {"timers":{"user_find_all":1752589296.555317},"user_id":"demo","email":"demo@whatsapp.com"}
[2025-07-15 16:21:36.000000] DEBUG: User object created from XML {"timers":{"user_find_all":1752589296.555317},"user_id":"test","email":"test@whatsapp.com"}
[2025-07-15 16:21:36.000000] DEBUG: User object created from XML {"timers":{"user_find_all":1752589296.555317},"user_id":"testuser1","email":"testuser1@example.com"}
[2025-07-15 16:21:36.000000] DEBUG: User object created from XML {"timers":{"user_find_all":1752589296.555317},"user_id":"testuser2","email":"testuser2@example.com"}
[2025-07-15 16:21:36.000000] DEBUG: User object created from XML {"timers":{"user_find_all":1752589296.555317},"user_id":"testuser3","email":"testuser3@example.com"}
[2025-07-15 16:21:36.000000] DEBUG: User object created from XML {"timers":{"user_find_all":1752589296.555317},"user_id":"test_user_1","email":"alice@test.com"}
[2025-07-15 16:21:36.000000] DEBUG: User object created from XML {"timers":{"user_find_all":1752589296.555317},"user_id":"test_user_2","email":"bob@test.com"}
[2025-07-15 16:21:36.000000] DEBUG: User object created from XML {"timers":{"user_find_all":1752589296.555317},"user_id":"admin","email":"admin@whatsapp.com"}
[2025-07-15 16:21:36.000000] DEBUG: User object created from XML {"timers":{"user_find_all":1752589296.555317},"user_id":"demo","email":"demo@whatsapp.com"}
[2025-07-15 16:21:36.000000] DEBUG: User object created from XML {"timers":{"user_find_all":1752589296.555317},"user_id":"test","email":"test@whatsapp.com"}
[2025-07-15 16:21:36.000000] DEBUG: User object created from XML {"timers":{"user_find_all":1752589296.555317},"user_id":"alice_sim","email":"alice@simulation.com"}
[2025-07-15 16:21:36.000000] DEBUG: User object created from XML {"timers":{"user_find_all":1752589296.555317},"user_id":"bob_sim","email":"bob@simulation.com"}
[2025-07-15 16:21:36.000000] DEBUG: User object created from XML {"timers":{"user_find_all":1752589296.555317},"user_id":"charlie_sim","email":"charlie@simulation.com"}
[2025-07-15 16:21:36.000000] DEBUG: Timer 'user_find_all' completed {"timers":{"user_find_all":1752589296.555317},"timer":"user_find_all","duration_ms":16.88,"duration_s":0.0169}
[2025-07-15 16:21:36.000000] INFO: All users retrieved {"timers":[],"count":19}
[2025-07-15 16:21:57.000000] DEBUG: XMLManager initialized {"data_file":"C:\\Users\\ASUS TUF\\OneDrive\\Bureau\\xml_project\/data\/sample_data.xml","schema_file":"C:\\Users\\ASUS TUF\\OneDrive\\Bureau\\xml_project\/schemas\/whatsapp_data.xsd"}
[2025-07-15 16:21:57.000000] DEBUG: UserRepository initialized 
[2025-07-15 16:21:57.000000] DEBUG: UserRepository initialized 
[2025-07-15 16:21:57.000000] DEBUG: Finding users by email {"timers":{"user_find_by_email":1752589317.718219},"email":"admin@whatsapp.com"}
[2025-07-15 16:21:57.000000] DEBUG: Timer 'xml_load' completed {"timers":{"user_find_by_email":1752589317.718219,"xml_load":1752589317.718971},"timer":"xml_load","duration_ms":0.87,"duration_s":0.0009}
[2025-07-15 16:21:57.000000] INFO: XML file loaded successfully {"timers":{"user_find_by_email":1752589317.718219},"file":"C:\\Users\\ASUS TUF\\OneDrive\\Bureau\\xml_project\/data\/sample_data.xml","load_time_ms":0.87,"file_size":17767}
[2025-07-15 16:21:57.000000] DEBUG: User object created from XML {"timers":{"user_find_by_email":1752589317.718219},"user_id":"admin","email":"admin@whatsapp.com"}
[2025-07-15 16:21:57.000000] DEBUG: User object created from XML {"timers":{"user_find_by_email":1752589317.718219},"user_id":"admin","email":"admin@whatsapp.com"}
[2025-07-15 16:21:57.000000] DEBUG: Timer 'user_find_by_email' completed {"timers":{"user_find_by_email":1752589317.718219},"timer":"user_find_by_email","duration_ms":4.92,"duration_s":0.0049}
[2025-07-15 16:21:57.000000] INFO: Users found by email {"timers":[],"email":"admin@whatsapp.com","count":2}
[2025-07-15 16:21:57.000000] DEBUG: XMLManager initialized {"data_file":"C:\\Users\\ASUS TUF\\OneDrive\\Bureau\\xml_project\/data\/sample_data.xml","schema_file":"C:\\Users\\ASUS TUF\\OneDrive\\Bureau\\xml_project\/schemas\/whatsapp_data.xsd"}
[2025-07-15 16:21:57.000000] DEBUG: UserRepository initialized 
[2025-07-15 16:21:57.000000] DEBUG: UserRepository initialized 
[2025-07-15 16:21:57.000000] DEBUG: Finding user by ID {"timers":{"user_find_by_id":1752589317.751586},"user_id":"admin"}
[2025-07-15 16:21:57.000000] DEBUG: Timer 'xml_load' completed {"timers":{"user_find_by_id":1752589317.751586,"xml_load":1752589317.756416},"timer":"xml_load","duration_ms":1.13,"duration_s":0.0011}
[2025-07-15 16:21:57.000000] INFO: XML file loaded successfully {"timers":{"user_find_by_id":1752589317.751586},"file":"C:\\Users\\ASUS TUF\\OneDrive\\Bureau\\xml_project\/data\/sample_data.xml","load_time_ms":1.13,"file_size":17767}
[2025-07-15 16:21:57.000000] DEBUG: User object created from XML {"timers":{"user_find_by_id":1752589317.751586},"user_id":"admin","email":"admin@whatsapp.com"}
[2025-07-15 16:21:57.000000] DEBUG: Timer 'user_find_by_id' completed {"timers":{"user_find_by_id":1752589317.751586},"timer":"user_find_by_id","duration_ms":8.83,"duration_s":0.0088}
[2025-07-15 16:21:57.000000] INFO: User found {"timers":[],"user_id":"admin","user_email":"admin@whatsapp.com"}
[2025-07-15 16:22:02.000000] DEBUG: XMLManager initialized {"data_file":"C:\\Users\\ASUS TUF\\OneDrive\\Bureau\\xml_project\/data\/sample_data.xml","schema_file":"C:\\Users\\ASUS TUF\\OneDrive\\Bureau\\xml_project\/schemas\/whatsapp_data.xsd"}
[2025-07-15 16:22:02.000000] DEBUG: UserRepository initialized 
[2025-07-15 16:22:02.000000] DEBUG: UserRepository initialized 
[2025-07-15 16:22:02.000000] DEBUG: Finding user by ID {"timers":{"user_find_by_id":1752589322.282472},"user_id":"admin"}
[2025-07-15 16:22:02.000000] DEBUG: Timer 'xml_load' completed {"timers":{"user_find_by_id":1752589322.282472,"xml_load":1752589322.282939},"timer":"xml_load","duration_ms":1.04,"duration_s":0.001}
[2025-07-15 16:22:02.000000] INFO: XML file loaded successfully {"timers":{"user_find_by_id":1752589322.282472},"file":"C:\\Users\\ASUS TUF\\OneDrive\\Bureau\\xml_project\/data\/sample_data.xml","load_time_ms":1.04,"file_size":17767}
[2025-07-15 16:22:02.000000] DEBUG: User object created from XML {"timers":{"user_find_by_id":1752589322.282472},"user_id":"admin","email":"admin@whatsapp.com"}
[2025-07-15 16:22:02.000000] DEBUG: Timer 'user_find_by_id' completed {"timers":{"user_find_by_id":1752589322.282472},"timer":"user_find_by_id","duration_ms":4.44,"duration_s":0.0044}
[2025-07-15 16:22:02.000000] INFO: User found {"timers":[],"user_id":"admin","user_email":"admin@whatsapp.com"}
[2025-07-15 16:22:02.000000] DEBUG: Finding user by ID {"timers":{"user_find_by_id":1752589322.291169},"user_id":"bob2025"}
[2025-07-15 16:22:02.000000] DEBUG: Timer 'xml_load' completed {"timers":{"user_find_by_id":1752589322.291169,"xml_load":1752589322.292095},"timer":"xml_load","duration_ms":0.9,"duration_s":0.0009}
[2025-07-15 16:22:02.000000] INFO: XML file loaded successfully {"timers":{"user_find_by_id":1752589322.291169},"file":"C:\\Users\\ASUS TUF\\OneDrive\\Bureau\\xml_project\/data\/sample_data.xml","load_time_ms":0.9,"file_size":17767}
[2025-07-15 16:22:02.000000] DEBUG: User object created from XML {"timers":{"user_find_by_id":1752589322.291169},"user_id":"bob2025","email":"bob@test.com"}
[2025-07-15 16:22:02.000000] DEBUG: Timer 'user_find_by_id' completed {"timers":{"user_find_by_id":1752589322.291169},"timer":"user_find_by_id","duration_ms":3.78,"duration_s":0.0038}
[2025-07-15 16:22:02.000000] INFO: User found {"timers":[],"user_id":"bob2025","user_email":"bob@test.com"}
[2025-07-15 16:22:02.000000] DEBUG: Finding user by ID {"timers":{"user_find_by_id":1752589322.296318},"user_id":"charlie2025"}
[2025-07-15 16:22:02.000000] DEBUG: Timer 'xml_load' completed {"timers":{"user_find_by_id":1752589322.296318,"xml_load":1752589322.296715},"timer":"xml_load","duration_ms":0.94,"duration_s":0.0009}
[2025-07-15 16:22:02.000000] INFO: XML file loaded successfully {"timers":{"user_find_by_id":1752589322.296318},"file":"C:\\Users\\ASUS TUF\\OneDrive\\Bureau\\xml_project\/data\/sample_data.xml","load_time_ms":0.94,"file_size":17767}
[2025-07-15 16:22:02.000000] DEBUG: User object created from XML {"timers":{"user_find_by_id":1752589322.296318},"user_id":"charlie2025","email":"charlie@test.com"}
[2025-07-15 16:22:02.000000] DEBUG: Timer 'user_find_by_id' completed {"timers":{"user_find_by_id":1752589322.296318},"timer":"user_find_by_id","duration_ms":3.1,"duration_s":0.0031}
[2025-07-15 16:22:02.000000] INFO: User found {"timers":[],"user_id":"charlie2025","user_email":"charlie@test.com"}
[2025-07-15 16:22:02.000000] DEBUG: Finding user by ID {"timers":{"user_find_by_id":1752589322.30099},"user_id":"diana2025"}
[2025-07-15 16:22:02.000000] DEBUG: Timer 'xml_load' completed {"timers":{"user_find_by_id":1752589322.30099,"xml_load":1752589322.30204},"timer":"xml_load","duration_ms":1.05,"duration_s":0.001}
[2025-07-15 16:22:02.000000] INFO: XML file loaded successfully {"timers":{"user_find_by_id":1752589322.30099},"file":"C:\\Users\\ASUS TUF\\OneDrive\\Bureau\\xml_project\/data\/sample_data.xml","load_time_ms":1.05,"file_size":17767}
[2025-07-15 16:22:02.000000] DEBUG: User object created from XML {"timers":{"user_find_by_id":1752589322.30099},"user_id":"diana2025","email":"diana@test.com"}
[2025-07-15 16:22:02.000000] DEBUG: Timer 'user_find_by_id' completed {"timers":{"user_find_by_id":1752589322.30099},"timer":"user_find_by_id","duration_ms":3.94,"duration_s":0.0039}
[2025-07-15 16:22:02.000000] INFO: User found {"timers":[],"user_id":"diana2025","user_email":"diana@test.com"}
[2025-07-15 16:22:02.000000] DEBUG: Finding user by ID {"timers":{"user_find_by_id":1752589322.306702},"user_id":"erik2025"}
[2025-07-15 16:22:02.000000] DEBUG: Timer 'xml_load' completed {"timers":{"user_find_by_id":1752589322.306702,"xml_load":1752589322.307253},"timer":"xml_load","duration_ms":1.48,"duration_s":0.0015}
[2025-07-15 16:22:02.000000] INFO: XML file loaded successfully {"timers":{"user_find_by_id":1752589322.306702},"file":"C:\\Users\\ASUS TUF\\OneDrive\\Bureau\\xml_project\/data\/sample_data.xml","load_time_ms":1.48,"file_size":17767}
[2025-07-15 16:22:02.000000] DEBUG: User object created from XML {"timers":{"user_find_by_id":1752589322.306702},"user_id":"erik2025","email":"erik@test.com"}
[2025-07-15 16:22:02.000000] DEBUG: Timer 'user_find_by_id' completed {"timers":{"user_find_by_id":1752589322.306702},"timer":"user_find_by_id","duration_ms":4.18,"duration_s":0.0042}
[2025-07-15 16:22:02.000000] INFO: User found {"timers":[],"user_id":"erik2025","user_email":"erik@test.com"}
[2025-07-15 16:22:04.000000] DEBUG: XMLManager initialized {"data_file":"C:\\Users\\ASUS TUF\\OneDrive\\Bureau\\xml_project\/data\/sample_data.xml","schema_file":"C:\\Users\\ASUS TUF\\OneDrive\\Bureau\\xml_project\/schemas\/whatsapp_data.xsd"}
[2025-07-15 16:22:04.000000] DEBUG: UserRepository initialized 
[2025-07-15 16:22:04.000000] DEBUG: UserRepository initialized 
[2025-07-15 16:22:04.000000] DEBUG: Finding user by ID {"timers":{"user_find_by_id":1752589324.756645},"user_id":"admin"}
[2025-07-15 16:22:04.000000] DEBUG: Timer 'xml_load' completed {"timers":{"user_find_by_id":1752589324.756645,"xml_load":1752589324.75738},"timer":"xml_load","duration_ms":1.1,"duration_s":0.0011}
[2025-07-15 16:22:04.000000] INFO: XML file loaded successfully {"timers":{"user_find_by_id":1752589324.756645},"file":"C:\\Users\\ASUS TUF\\OneDrive\\Bureau\\xml_project\/data\/sample_data.xml","load_time_ms":1.1,"file_size":17767}
[2025-07-15 16:22:04.000000] DEBUG: User object created from XML {"timers":{"user_find_by_id":1752589324.756645},"user_id":"admin","email":"admin@whatsapp.com"}
[2025-07-15 16:22:04.000000] DEBUG: Timer 'user_find_by_id' completed {"timers":{"user_find_by_id":1752589324.756645},"timer":"user_find_by_id","duration_ms":4.05,"duration_s":0.004}
[2025-07-15 16:22:04.000000] INFO: User found {"timers":[],"user_id":"admin","user_email":"admin@whatsapp.com"}
[2025-07-15 16:28:59.000000] DEBUG: XMLManager initialized {"data_file":"C:\\Users\\ASUS TUF\\OneDrive\\Bureau\\xml_project\/data\/sample_data.xml","schema_file":"C:\\Users\\ASUS TUF\\OneDrive\\Bureau\\xml_project\/schemas\/whatsapp_data.xsd"}
[2025-07-15 16:28:59.000000] DEBUG: UserRepository initialized 
[2025-07-15 16:28:59.000000] DEBUG: UserRepository initialized 
[2025-07-15 16:28:59.000000] DEBUG: Finding user by ID {"timers":{"user_find_by_id":1752589739.686101},"user_id":"admin"}
[2025-07-15 16:28:59.000000] DEBUG: Timer 'xml_load' completed {"timers":{"user_find_by_id":1752589739.686101,"xml_load":1752589739.686512},"timer":"xml_load","duration_ms":0.85,"duration_s":0.0009}
[2025-07-15 16:28:59.000000] INFO: XML file loaded successfully {"timers":{"user_find_by_id":1752589739.686101},"file":"C:\\Users\\ASUS TUF\\OneDrive\\Bureau\\xml_project\/data\/sample_data.xml","load_time_ms":0.85,"file_size":17767}
[2025-07-15 16:28:59.000000] DEBUG: User object created from XML {"timers":{"user_find_by_id":1752589739.686101},"user_id":"admin","email":"admin@whatsapp.com"}
[2025-07-15 16:28:59.000000] DEBUG: Timer 'user_find_by_id' completed {"timers":{"user_find_by_id":1752589739.686101},"timer":"user_find_by_id","duration_ms":3.05,"duration_s":0.0031}
[2025-07-15 16:28:59.000000] INFO: User found {"timers":[],"user_id":"admin","user_email":"admin@whatsapp.com"}
[2025-07-15 16:28:59.000000] DEBUG: Finding user by ID {"timers":{"user_find_by_id":1752589739.693083},"user_id":"bob2025"}
[2025-07-15 16:28:59.000000] DEBUG: Timer 'xml_load' completed {"timers":{"user_find_by_id":1752589739.693083,"xml_load":1752589739.693475},"timer":"xml_load","duration_ms":0.56,"duration_s":0.0006}
[2025-07-15 16:28:59.000000] INFO: XML file loaded successfully {"timers":{"user_find_by_id":1752589739.693083},"file":"C:\\Users\\ASUS TUF\\OneDrive\\Bureau\\xml_project\/data\/sample_data.xml","load_time_ms":0.56,"file_size":17767}
[2025-07-15 16:28:59.000000] DEBUG: User object created from XML {"timers":{"user_find_by_id":1752589739.693083},"user_id":"bob2025","email":"bob@test.com"}
[2025-07-15 16:28:59.000000] DEBUG: Timer 'user_find_by_id' completed {"timers":{"user_find_by_id":1752589739.693083},"timer":"user_find_by_id","duration_ms":2.05,"duration_s":0.0021}
[2025-07-15 16:28:59.000000] INFO: User found {"timers":[],"user_id":"bob2025","user_email":"bob@test.com"}
[2025-07-15 16:28:59.000000] DEBUG: Finding user by ID {"timers":{"user_find_by_id":1752589739.695904},"user_id":"charlie2025"}
[2025-07-15 16:28:59.000000] DEBUG: Timer 'xml_load' completed {"timers":{"user_find_by_id":1752589739.695904,"xml_load":1752589739.696196},"timer":"xml_load","duration_ms":0.63,"duration_s":0.0006}
[2025-07-15 16:28:59.000000] INFO: XML file loaded successfully {"timers":{"user_find_by_id":1752589739.695904},"file":"C:\\Users\\ASUS TUF\\OneDrive\\Bureau\\xml_project\/data\/sample_data.xml","load_time_ms":0.63,"file_size":17767}
[2025-07-15 16:28:59.000000] DEBUG: User object created from XML {"timers":{"user_find_by_id":1752589739.695904},"user_id":"charlie2025","email":"charlie@test.com"}
[2025-07-15 16:28:59.000000] DEBUG: Timer 'user_find_by_id' completed {"timers":{"user_find_by_id":1752589739.695904},"timer":"user_find_by_id","duration_ms":2.89,"duration_s":0.0029}
[2025-07-15 16:28:59.000000] INFO: User found {"timers":[],"user_id":"charlie2025","user_email":"charlie@test.com"}
[2025-07-15 16:28:59.000000] DEBUG: Finding user by ID {"timers":{"user_find_by_id":1752589739.700228},"user_id":"diana2025"}
[2025-07-15 16:28:59.000000] DEBUG: Timer 'xml_load' completed {"timers":{"user_find_by_id":1752589739.700228,"xml_load":1752589739.700613},"timer":"xml_load","duration_ms":0.69,"duration_s":0.0007}
[2025-07-15 16:28:59.000000] INFO: XML file loaded successfully {"timers":{"user_find_by_id":1752589739.700228},"file":"C:\\Users\\ASUS TUF\\OneDrive\\Bureau\\xml_project\/data\/sample_data.xml","load_time_ms":0.69,"file_size":17767}
[2025-07-15 16:28:59.000000] DEBUG: User object created from XML {"timers":{"user_find_by_id":1752589739.700228},"user_id":"diana2025","email":"diana@test.com"}
[2025-07-15 16:28:59.000000] DEBUG: Timer 'user_find_by_id' completed {"timers":{"user_find_by_id":1752589739.700228},"timer":"user_find_by_id","duration_ms":2.28,"duration_s":0.0023}
[2025-07-15 16:28:59.000000] INFO: User found {"timers":[],"user_id":"diana2025","user_email":"diana@test.com"}
[2025-07-15 16:28:59.000000] DEBUG: Finding user by ID {"timers":{"user_find_by_id":1752589739.703434},"user_id":"erik2025"}
[2025-07-15 16:28:59.000000] DEBUG: Timer 'xml_load' completed {"timers":{"user_find_by_id":1752589739.703434,"xml_load":1752589739.703738},"timer":"xml_load","duration_ms":0.51,"duration_s":0.0005}
[2025-07-15 16:28:59.000000] INFO: XML file loaded successfully {"timers":{"user_find_by_id":1752589739.703434},"file":"C:\\Users\\ASUS TUF\\OneDrive\\Bureau\\xml_project\/data\/sample_data.xml","load_time_ms":0.51,"file_size":17767}
[2025-07-15 16:28:59.000000] DEBUG: User object created from XML {"timers":{"user_find_by_id":1752589739.703434},"user_id":"erik2025","email":"erik@test.com"}
[2025-07-15 16:28:59.000000] DEBUG: Timer 'user_find_by_id' completed {"timers":{"user_find_by_id":1752589739.703434},"timer":"user_find_by_id","duration_ms":2.41,"duration_s":0.0024}
[2025-07-15 16:28:59.000000] INFO: User found {"timers":[],"user_id":"erik2025","user_email":"erik@test.com"}
[2025-07-15 16:28:59.000000] DEBUG: Finding element by ID {"timers":{"find_element_by_id":1752589739.707122},"element_type":"group","id":"group_1752586696_687659c82235f"}
[2025-07-15 16:28:59.000000] DEBUG: Timer 'xml_load' completed {"timers":{"find_element_by_id":1752589739.707122,"xml_load":1752589739.707641},"timer":"xml_load","duration_ms":0.96,"duration_s":0.001}
[2025-07-15 16:28:59.000000] INFO: XML file loaded successfully {"timers":{"find_element_by_id":1752589739.707122},"file":"C:\\Users\\ASUS TUF\\OneDrive\\Bureau\\xml_project\/data\/sample_data.xml","load_time_ms":0.96,"file_size":17767}
[2025-07-15 16:28:59.000000] DEBUG: Timer 'find_element_by_id' completed {"timers":{"find_element_by_id":1752589739.707122},"timer":"find_element_by_id","duration_ms":3.19,"duration_s":0.0032}
[2025-07-15 16:28:59.000000] DEBUG: Element found {"timers":[],"element_type":"group","id":"group_1752586696_687659c82235f"}
[2025-07-15 16:29:02.000000] DEBUG: XMLManager initialized {"data_file":"C:\\Users\\ASUS TUF\\OneDrive\\Bureau\\xml_project\/data\/sample_data.xml","schema_file":"C:\\Users\\ASUS TUF\\OneDrive\\Bureau\\xml_project\/schemas\/whatsapp_data.xsd"}
[2025-07-15 16:29:02.000000] DEBUG: UserRepository initialized 
[2025-07-15 16:29:02.000000] DEBUG: UserRepository initialized 
[2025-07-15 16:29:02.000000] DEBUG: Finding user by ID {"timers":{"user_find_by_id":1752589742.460288},"user_id":"admin"}
[2025-07-15 16:29:02.000000] DEBUG: Timer 'xml_load' completed {"timers":{"user_find_by_id":1752589742.460288,"xml_load":1752589742.46067},"timer":"xml_load","duration_ms":0.82,"duration_s":0.0008}
[2025-07-15 16:29:02.000000] INFO: XML file loaded successfully {"timers":{"user_find_by_id":1752589742.460288},"file":"C:\\Users\\ASUS TUF\\OneDrive\\Bureau\\xml_project\/data\/sample_data.xml","load_time_ms":0.82,"file_size":17767}
[2025-07-15 16:29:02.000000] DEBUG: User object created from XML {"timers":{"user_find_by_id":1752589742.460288},"user_id":"admin","email":"admin@whatsapp.com"}
[2025-07-15 16:29:02.000000] DEBUG: Timer 'user_find_by_id' completed {"timers":{"user_find_by_id":1752589742.460288},"timer":"user_find_by_id","duration_ms":3.8,"duration_s":0.0038}
[2025-07-15 16:29:02.000000] INFO: User found {"timers":[],"user_id":"admin","user_email":"admin@whatsapp.com"}
[2025-07-15 16:29:02.000000] DEBUG: Finding element by ID {"timers":{"find_element_by_id":1752589742.465575},"element_type":"contact","id":"contact_1752580286_687640bedb47e"}
[2025-07-15 16:29:02.000000] DEBUG: Timer 'xml_load' completed {"timers":{"find_element_by_id":1752589742.465575,"xml_load":1752589742.467117},"timer":"xml_load","duration_ms":1.36,"duration_s":0.0014}
[2025-07-15 16:29:02.000000] INFO: XML file loaded successfully {"timers":{"find_element_by_id":1752589742.465575},"file":"C:\\Users\\ASUS TUF\\OneDrive\\Bureau\\xml_project\/data\/sample_data.xml","load_time_ms":1.36,"file_size":17767}
[2025-07-15 16:29:02.000000] DEBUG: Timer 'find_element_by_id' completed {"timers":{"find_element_by_id":1752589742.465575},"timer":"find_element_by_id","duration_ms":5.31,"duration_s":0.0053}
[2025-07-15 16:29:02.000000] DEBUG: Element found {"timers":[],"element_type":"contact","id":"contact_1752580286_687640bedb47e"}
[2025-07-15 16:29:35.000000] DEBUG: XMLManager initialized {"data_file":"C:\\Users\\ASUS TUF\\OneDrive\\Bureau\\xml_project\/data\/sample_data.xml","schema_file":"C:\\Users\\ASUS TUF\\OneDrive\\Bureau\\xml_project\/schemas\/whatsapp_data.xsd"}
[2025-07-15 16:29:35.000000] DEBUG: UserRepository initialized 
[2025-07-15 16:29:35.000000] DEBUG: UserRepository initialized 
[2025-07-15 16:29:37.000000] DEBUG: XMLManager initialized {"data_file":"C:\\Users\\ASUS TUF\\OneDrive\\Bureau\\xml_project\/data\/sample_data.xml","schema_file":"C:\\Users\\ASUS TUF\\OneDrive\\Bureau\\xml_project\/schemas\/whatsapp_data.xsd"}
[2025-07-15 16:29:37.000000] DEBUG: UserRepository initialized 
[2025-07-15 16:29:37.000000] DEBUG: UserRepository initialized 
[2025-07-15 16:29:37.000000] DEBUG: XMLManager initialized {"data_file":"C:\\Users\\ASUS TUF\\OneDrive\\Bureau\\xml_project\/data\/sample_data.xml","schema_file":"C:\\Users\\ASUS TUF\\OneDrive\\Bureau\\xml_project\/schemas\/whatsapp_data.xsd"}
[2025-07-15 16:29:37.000000] DEBUG: UserRepository initialized 
[2025-07-15 16:29:37.000000] DEBUG: UserRepository initialized 
[2025-07-15 16:29:37.000000] DEBUG: Finding all users {"timers":{"user_find_all":1752589777.70194}}
[2025-07-15 16:29:37.000000] DEBUG: Timer 'xml_load' completed {"timers":{"user_find_all":1752589777.70194,"xml_load":1752589777.702536},"timer":"xml_load","duration_ms":1.29,"duration_s":0.0013}
[2025-07-15 16:29:37.000000] INFO: XML file loaded successfully {"timers":{"user_find_all":1752589777.70194},"file":"C:\\Users\\ASUS TUF\\OneDrive\\Bureau\\xml_project\/data\/sample_data.xml","load_time_ms":1.29,"file_size":17767}
[2025-07-15 16:29:37.000000] DEBUG: User object created from XML {"timers":{"user_find_all":1752589777.70194},"user_id":"bob2025","email":"bob@test.com"}
[2025-07-15 16:29:37.000000] DEBUG: User object created from XML {"timers":{"user_find_all":1752589777.70194},"user_id":"charlie2025","email":"charlie@test.com"}
[2025-07-15 16:29:37.000000] DEBUG: User object created from XML {"timers":{"user_find_all":1752589777.70194},"user_id":"diana2025","email":"diana@test.com"}
[2025-07-15 16:29:37.000000] DEBUG: User object created from XML {"timers":{"user_find_all":1752589777.70194},"user_id":"erik2025","email":"erik@test.com"}
[2025-07-15 16:29:37.000000] DEBUG: User object created from XML {"timers":{"user_find_all":1752589777.70194},"user_id":"user_1752532999_3258","email":"alice@test.com"}
[2025-07-15 16:29:37.000000] DEBUG: User object created from XML {"timers":{"user_find_all":1752589777.70194},"user_id":"admin","email":"admin@whatsapp.com"}
[2025-07-15 16:29:37.000000] DEBUG: User object created from XML {"timers":{"user_find_all":1752589777.70194},"user_id":"demo","email":"demo@whatsapp.com"}
[2025-07-15 16:29:37.000000] DEBUG: User object created from XML {"timers":{"user_find_all":1752589777.70194},"user_id":"test","email":"test@whatsapp.com"}
[2025-07-15 16:29:37.000000] DEBUG: User object created from XML {"timers":{"user_find_all":1752589777.70194},"user_id":"testuser1","email":"testuser1@example.com"}
[2025-07-15 16:29:37.000000] DEBUG: User object created from XML {"timers":{"user_find_all":1752589777.70194},"user_id":"testuser2","email":"testuser2@example.com"}
[2025-07-15 16:29:37.000000] DEBUG: User object created from XML {"timers":{"user_find_all":1752589777.70194},"user_id":"testuser3","email":"testuser3@example.com"}
[2025-07-15 16:29:37.000000] DEBUG: User object created from XML {"timers":{"user_find_all":1752589777.70194},"user_id":"test_user_1","email":"alice@test.com"}
[2025-07-15 16:29:37.000000] DEBUG: User object created from XML {"timers":{"user_find_all":1752589777.70194},"user_id":"test_user_2","email":"bob@test.com"}
[2025-07-15 16:29:37.000000] DEBUG: User object created from XML {"timers":{"user_find_all":1752589777.70194},"user_id":"admin","email":"admin@whatsapp.com"}
[2025-07-15 16:29:37.000000] DEBUG: User object created from XML {"timers":{"user_find_all":1752589777.70194},"user_id":"demo","email":"demo@whatsapp.com"}
[2025-07-15 16:29:37.000000] DEBUG: User object created from XML {"timers":{"user_find_all":1752589777.70194},"user_id":"test","email":"test@whatsapp.com"}
[2025-07-15 16:29:37.000000] DEBUG: User object created from XML {"timers":{"user_find_all":1752589777.70194},"user_id":"alice_sim","email":"alice@simulation.com"}
[2025-07-15 16:29:37.000000] DEBUG: User object created from XML {"timers":{"user_find_all":1752589777.70194},"user_id":"bob_sim","email":"bob@simulation.com"}
[2025-07-15 16:29:37.000000] DEBUG: User object created from XML {"timers":{"user_find_all":1752589777.70194},"user_id":"charlie_sim","email":"charlie@simulation.com"}
[2025-07-15 16:29:37.000000] DEBUG: Timer 'user_find_all' completed {"timers":{"user_find_all":1752589777.70194},"timer":"user_find_all","duration_ms":23.75,"duration_s":0.0238}
[2025-07-15 16:29:37.000000] INFO: All users retrieved {"timers":[],"count":19}
[2025-07-15 16:29:54.000000] DEBUG: XMLManager initialized {"data_file":"C:\\Users\\ASUS TUF\\OneDrive\\Bureau\\xml_project\/data\/sample_data.xml","schema_file":"C:\\Users\\ASUS TUF\\OneDrive\\Bureau\\xml_project\/schemas\/whatsapp_data.xsd"}
[2025-07-15 16:29:54.000000] DEBUG: UserRepository initialized 
[2025-07-15 16:29:54.000000] DEBUG: UserRepository initialized 
[2025-07-15 16:29:54.000000] DEBUG: Finding users by email {"timers":{"user_find_by_email":1752589794.629525},"email":"demo@whatsapp.com"}
[2025-07-15 16:29:54.000000] DEBUG: Timer 'xml_load' completed {"timers":{"user_find_by_email":1752589794.629525,"xml_load":1752589794.632006},"timer":"xml_load","duration_ms":1.67,"duration_s":0.0017}
[2025-07-15 16:29:54.000000] INFO: XML file loaded successfully {"timers":{"user_find_by_email":1752589794.629525},"file":"C:\\Users\\ASUS TUF\\OneDrive\\Bureau\\xml_project\/data\/sample_data.xml","load_time_ms":1.67,"file_size":17767}
[2025-07-15 16:29:54.000000] DEBUG: User object created from XML {"timers":{"user_find_by_email":1752589794.629525},"user_id":"demo","email":"demo@whatsapp.com"}
[2025-07-15 16:29:54.000000] DEBUG: User object created from XML {"timers":{"user_find_by_email":1752589794.629525},"user_id":"demo","email":"demo@whatsapp.com"}
[2025-07-15 16:29:54.000000] DEBUG: Timer 'user_find_by_email' completed {"timers":{"user_find_by_email":1752589794.629525},"timer":"user_find_by_email","duration_ms":6.99,"duration_s":0.007}
[2025-07-15 16:29:54.000000] INFO: Users found by email {"timers":[],"email":"demo@whatsapp.com","count":2}
[2025-07-15 16:29:54.000000] DEBUG: XMLManager initialized {"data_file":"C:\\Users\\ASUS TUF\\OneDrive\\Bureau\\xml_project\/data\/sample_data.xml","schema_file":"C:\\Users\\ASUS TUF\\OneDrive\\Bureau\\xml_project\/schemas\/whatsapp_data.xsd"}
[2025-07-15 16:29:54.000000] DEBUG: UserRepository initialized 
[2025-07-15 16:29:54.000000] DEBUG: UserRepository initialized 
[2025-07-15 16:29:54.000000] DEBUG: Finding user by ID {"timers":{"user_find_by_id":1752589794.681999},"user_id":"demo"}
[2025-07-15 16:29:54.000000] DEBUG: Timer 'xml_load' completed {"timers":{"user_find_by_id":1752589794.681999,"xml_load":1752589794.684178},"timer":"xml_load","duration_ms":2.96,"duration_s":0.003}
[2025-07-15 16:29:54.000000] INFO: XML file loaded successfully {"timers":{"user_find_by_id":1752589794.681999},"file":"C:\\Users\\ASUS TUF\\OneDrive\\Bureau\\xml_project\/data\/sample_data.xml","load_time_ms":2.96,"file_size":17767}
[2025-07-15 16:29:54.000000] DEBUG: User object created from XML {"timers":{"user_find_by_id":1752589794.681999},"user_id":"demo","email":"demo@whatsapp.com"}
[2025-07-15 16:29:54.000000] DEBUG: Timer 'user_find_by_id' completed {"timers":{"user_find_by_id":1752589794.681999},"timer":"user_find_by_id","duration_ms":8.65,"duration_s":0.0087}
[2025-07-15 16:29:54.000000] INFO: User found {"timers":[],"user_id":"demo","user_email":"demo@whatsapp.com"}
[2025-07-15 16:29:58.000000] DEBUG: XMLManager initialized {"data_file":"C:\\Users\\ASUS TUF\\OneDrive\\Bureau\\xml_project\/data\/sample_data.xml","schema_file":"C:\\Users\\ASUS TUF\\OneDrive\\Bureau\\xml_project\/schemas\/whatsapp_data.xsd"}
[2025-07-15 16:29:58.000000] DEBUG: UserRepository initialized 
[2025-07-15 16:29:58.000000] DEBUG: UserRepository initialized 
[2025-07-15 16:29:58.000000] DEBUG: Finding user by ID {"timers":{"user_find_by_id":1752589798.504509},"user_id":"demo"}
[2025-07-15 16:29:58.000000] DEBUG: Timer 'xml_load' completed {"timers":{"user_find_by_id":1752589798.504509,"xml_load":1752589798.505074},"timer":"xml_load","duration_ms":1.11,"duration_s":0.0011}
[2025-07-15 16:29:58.000000] INFO: XML file loaded successfully {"timers":{"user_find_by_id":1752589798.504509},"file":"C:\\Users\\ASUS TUF\\OneDrive\\Bureau\\xml_project\/data\/sample_data.xml","load_time_ms":1.11,"file_size":17767}
[2025-07-15 16:29:58.000000] DEBUG: User object created from XML {"timers":{"user_find_by_id":1752589798.504509},"user_id":"demo","email":"demo@whatsapp.com"}
[2025-07-15 16:29:58.000000] DEBUG: Timer 'user_find_by_id' completed {"timers":{"user_find_by_id":1752589798.504509},"timer":"user_find_by_id","duration_ms":3.91,"duration_s":0.0039}
[2025-07-15 16:29:58.000000] INFO: User found {"timers":[],"user_id":"demo","user_email":"demo@whatsapp.com"}
[2025-07-15 16:29:58.000000] DEBUG: Finding user by ID {"timers":{"user_find_by_id":1752589798.520137},"user_id":"demo"}
[2025-07-15 16:29:58.000000] DEBUG: Timer 'xml_load' completed {"timers":{"user_find_by_id":1752589798.520137,"xml_load":1752589798.521323},"timer":"xml_load","duration_ms":4.79,"duration_s":0.0048}
[2025-07-15 16:29:58.000000] INFO: XML file loaded successfully {"timers":{"user_find_by_id":1752589798.520137},"file":"C:\\Users\\ASUS TUF\\OneDrive\\Bureau\\xml_project\/data\/sample_data.xml","load_time_ms":4.79,"file_size":17767}
[2025-07-15 16:29:58.000000] DEBUG: User object created from XML {"timers":{"user_find_by_id":1752589798.520137},"user_id":"demo","email":"demo@whatsapp.com"}
[2025-07-15 16:29:58.000000] DEBUG: Timer 'user_find_by_id' completed {"timers":{"user_find_by_id":1752589798.520137},"timer":"user_find_by_id","duration_ms":8.01,"duration_s":0.008}
[2025-07-15 16:29:58.000000] INFO: User found {"timers":[],"user_id":"demo","user_email":"demo@whatsapp.com"}
[2025-07-15 16:29:58.000000] DEBUG: Finding user by ID {"timers":{"user_find_by_id":1752589798.53399},"user_id":"admin"}
[2025-07-15 16:29:58.000000] DEBUG: Timer 'xml_load' completed {"timers":{"user_find_by_id":1752589798.53399,"xml_load":1752589798.534337},"timer":"xml_load","duration_ms":0.95,"duration_s":0.001}
[2025-07-15 16:29:58.000000] INFO: XML file loaded successfully {"timers":{"user_find_by_id":1752589798.53399},"file":"C:\\Users\\ASUS TUF\\OneDrive\\Bureau\\xml_project\/data\/sample_data.xml","load_time_ms":0.95,"file_size":17767}
[2025-07-15 16:29:58.000000] DEBUG: User object created from XML {"timers":{"user_find_by_id":1752589798.53399},"user_id":"admin","email":"admin@whatsapp.com"}
[2025-07-15 16:29:58.000000] DEBUG: Timer 'user_find_by_id' completed {"timers":{"user_find_by_id":1752589798.53399},"timer":"user_find_by_id","duration_ms":5.39,"duration_s":0.0054}
[2025-07-15 16:29:58.000000] INFO: User found {"timers":[],"user_id":"admin","user_email":"admin@whatsapp.com"}
[2025-07-15 16:29:58.000000] DEBUG: Finding user by ID {"timers":{"user_find_by_id":1752589798.540453},"user_id":"admin"}
[2025-07-15 16:29:58.000000] DEBUG: Timer 'xml_load' completed {"timers":{"user_find_by_id":1752589798.540453,"xml_load":1752589798.540922},"timer":"xml_load","duration_ms":0.88,"duration_s":0.0009}
[2025-07-15 16:29:58.000000] INFO: XML file loaded successfully {"timers":{"user_find_by_id":1752589798.540453},"file":"C:\\Users\\ASUS TUF\\OneDrive\\Bureau\\xml_project\/data\/sample_data.xml","load_time_ms":0.88,"file_size":17767}
[2025-07-15 16:29:58.000000] DEBUG: User object created from XML {"timers":{"user_find_by_id":1752589798.540453},"user_id":"admin","email":"admin@whatsapp.com"}
[2025-07-15 16:29:58.000000] DEBUG: Timer 'user_find_by_id' completed {"timers":{"user_find_by_id":1752589798.540453},"timer":"user_find_by_id","duration_ms":5.65,"duration_s":0.0056}
[2025-07-15 16:29:58.000000] INFO: User found {"timers":[],"user_id":"admin","user_email":"admin@whatsapp.com"}
[2025-07-15 16:30:01.000000] DEBUG: XMLManager initialized {"data_file":"C:\\Users\\ASUS TUF\\OneDrive\\Bureau\\xml_project\/data\/sample_data.xml","schema_file":"C:\\Users\\ASUS TUF\\OneDrive\\Bureau\\xml_project\/schemas\/whatsapp_data.xsd"}
[2025-07-15 16:30:01.000000] DEBUG: UserRepository initialized 
[2025-07-15 16:30:01.000000] DEBUG: UserRepository initialized 
[2025-07-15 16:30:01.000000] DEBUG: Finding user by ID {"timers":{"user_find_by_id":1752589801.483073},"user_id":"demo"}
[2025-07-15 16:30:01.000000] DEBUG: Timer 'xml_load' completed {"timers":{"user_find_by_id":1752589801.483073,"xml_load":1752589801.483551},"timer":"xml_load","duration_ms":0.95,"duration_s":0.0009}
[2025-07-15 16:30:01.000000] INFO: XML file loaded successfully {"timers":{"user_find_by_id":1752589801.483073},"file":"C:\\Users\\ASUS TUF\\OneDrive\\Bureau\\xml_project\/data\/sample_data.xml","load_time_ms":0.95,"file_size":17767}
[2025-07-15 16:30:01.000000] DEBUG: User object created from XML {"timers":{"user_find_by_id":1752589801.483073},"user_id":"demo","email":"demo@whatsapp.com"}
[2025-07-15 16:30:01.000000] DEBUG: Timer 'user_find_by_id' completed {"timers":{"user_find_by_id":1752589801.483073},"timer":"user_find_by_id","duration_ms":4.22,"duration_s":0.0042}
[2025-07-15 16:30:01.000000] INFO: User found {"timers":[],"user_id":"demo","user_email":"demo@whatsapp.com"}
[2025-07-15 16:30:01.000000] DEBUG: Finding element by ID {"timers":{"find_element_by_id":1752589801.488512},"element_type":"contact","id":"contact_1752573751_68762737bc512"}
[2025-07-15 16:30:01.000000] DEBUG: Timer 'xml_load' completed {"timers":{"find_element_by_id":1752589801.488512,"xml_load":1752589801.488903},"timer":"xml_load","duration_ms":0.67,"duration_s":0.0007}
[2025-07-15 16:30:01.000000] INFO: XML file loaded successfully {"timers":{"find_element_by_id":1752589801.488512},"file":"C:\\Users\\ASUS TUF\\OneDrive\\Bureau\\xml_project\/data\/sample_data.xml","load_time_ms":0.67,"file_size":17767}
[2025-07-15 16:30:01.000000] DEBUG: Timer 'find_element_by_id' completed {"timers":{"find_element_by_id":1752589801.488512},"timer":"find_element_by_id","duration_ms":3.04,"duration_s":0.003}
[2025-07-15 16:30:01.000000] DEBUG: Element found {"timers":[],"element_type":"contact","id":"contact_1752573751_68762737bc512"}
